Running BASELINE job
/project/6106383/ewillis/pca_contrastive/venv/bin/python
Python 3.11.4
Fri Nov 28 00:28:23 2025       
+-----------------------------------------------------------------------------------------+
| NVIDIA-SMI 570.148.08             Driver Version: 570.148.08     CUDA Version: 12.8     |
|-----------------------------------------+------------------------+----------------------+
| GPU  Name                 Persistence-M | Bus-Id          Disp.A | Volatile Uncorr. ECC |
| Fan  Temp   Perf          Pwr:Usage/Cap |           Memory-Usage | GPU-Util  Compute M. |
|                                         |                        |               MIG M. |
|=========================================+========================+======================|
|   0  NVIDIA L40S                    On  |   00000000:E3:00.0 Off |                    0 |
| N/A   38C    P8             36W /  350W |       0MiB /  46068MiB |      0%      Default |
|                                         |                        |                  N/A |
+-----------------------------------------+------------------------+----------------------+
                                                                                         
+-----------------------------------------------------------------------------------------+
| Processes:                                                                              |
|  GPU   GI   CI              PID   Type   Process name                        GPU Memory |
|        ID   ID                                                               Usage      |
|=========================================================================================|
|  No running processes found                                                             |
+-----------------------------------------------------------------------------------------+
/project/6106383/ewillis/pca_contrastive/venv/lib/python3.11/site-packages/pydantic/_internal/_generate_schema.py:2249: UnsupportedFieldAttributeWarning: The 'repr' attribute with value False was provided to the `Field()` function, which has no effect in the context it was used. 'repr' is field-specific metadata, and can only be attached to a model field using `Annotated` metadata or by assignment. This may have happened because an `Annotated` type alias using the `type` statement was used, or if the `Field()` function was attached to a single member of a union type.
  warnings.warn(
/project/6106383/ewillis/pca_contrastive/venv/lib/python3.11/site-packages/pydantic/_internal/_generate_schema.py:2249: UnsupportedFieldAttributeWarning: The 'frozen' attribute with value True was provided to the `Field()` function, which has no effect in the context it was used. 'frozen' is field-specific metadata, and can only be attached to a model field using `Annotated` metadata or by assignment. This may have happened because an `Annotated` type alias using the `type` statement was used, or if the `Field()` function was attached to a single member of a union type.
  warnings.warn(
SCRIPT: train_baseline_oldSPIE.py
ARGS: Namespace(seed=42, manifest='/project/aip-medilab/shared/picai/manifests/slices_manifest.csv', target='isup6', folds_train='1,2,3', folds_val='0', folds_test='4', batch_size=16, pos_ratio=0.33, use_skip=False, label6_column='merged_ISUP', sam_checkpoint='/project/aip-medilab/ewillis/pca_contrastive/mri_model_medsam_finetune/work_dir/MedSAM/medsam_vit_b.pth', proj_dim=128, strip_neck=False, epochs=40, patience=10, lr=1e-05, wd=0.0, outdir='/home/ewillis/projects/aip-medilab/ewillis/pca_contrastive/new_SPIE/RESULTS_final/baseline_isup6', wandb=True, wandb_project='mri-training', wandb_run_name='newSPIE-baseline-isup6-128D')
wandb: Currently logged in as: jesande7 (jesande7-queens) to https://api.wandb.ai. Use `wandb login --relogin` to force relogin
wandb: WARNING Changes to your `wandb` environment variables will be ignored because your `wandb` session has already started. For more information on how to modify your settings with `wandb.init()` arguments, please refer to https://wandb.me/wandb-init.
wandb: Tracking run with wandb version 0.21.2
wandb: Run data is saved locally in /project/6106383/shared/picai/wandb/run-20251128_002844-twbc03xu
wandb: Run `wandb offline` to turn off syncing.
wandb: Syncing run newSPIE-baseline-isup6-128D
wandb: ⭐️ View project at https://wandb.ai/jesande7-queens/mri-training
wandb: 🚀 View run at https://wandb.ai/jesande7-queens/mri-training/runs/twbc03xu
[001] train: loss 1.5236 bacc 0.1709 acc 0.1237 f1 0.0670 || val: loss 0.9798 acc 0.1795 BAL-acc 0.1667 f1 0.0507 | acc[c0]=0.000  acc[c1]=1.000  acc[c2]=0.000  acc[c3]=0.000  acc[c4]=0.000  acc[c5]=0.000 | auc[c0]=0.483  auc[c1]=0.561  auc[c2]=0.676  auc[c3]=0.785  auc[c4]=0.712  auc[c5]=0.684 | macroAUC=0.650 | macroSens=0.167 macroSpec=0.833 | sens[c0]=0.000  sens[c1]=1.000  sens[c2]=0.000  sens[c3]=0.000  sens[c4]=0.000  sens[c5]=0.000 | spec[c0]=1.000  spec[c1]=0.000  spec[c2]=1.000  spec[c3]=1.000  spec[c4]=1.000  spec[c5]=1.000
Confusion matrix (LR val): rows=true, cols=pred
true\pred   ISUP0   ISUP1   ISUP2   ISUP3   ISUP4   ISUP5
    ISUP0       0    5038       0       0       0       0
    ISUP1       0    1202       0       0       0       0
    ISUP2       0     231       0       0       0       0
    ISUP3       0     115       0       0       0       0
    ISUP4       0      36       0       0       0       0
    ISUP5       0      74       0       0       0       0
  ↳ saved best (BAL-acc=0.1667)
[002] train: loss 0.8564 bacc 0.1667 acc 0.1004 f1 0.0304 || val: loss 0.2660 acc 0.1795 BAL-acc 0.1667 f1 0.0507 | acc[c0]=0.000  acc[c1]=1.000  acc[c2]=0.000  acc[c3]=0.000  acc[c4]=0.000  acc[c5]=0.000 | auc[c0]=0.442  auc[c1]=0.543  auc[c2]=0.715  auc[c3]=0.859  auc[c4]=0.745  auc[c5]=0.763 | macroAUC=0.678 | macroSens=0.167 macroSpec=0.833 | sens[c0]=0.000  sens[c1]=1.000  sens[c2]=0.000  sens[c3]=0.000  sens[c4]=0.000  sens[c5]=0.000 | spec[c0]=1.000  spec[c1]=0.000  spec[c2]=1.000  spec[c3]=1.000  spec[c4]=1.000  spec[c5]=1.000
Confusion matrix (LR val): rows=true, cols=pred
true\pred   ISUP0   ISUP1   ISUP2   ISUP3   ISUP4   ISUP5
    ISUP0       0    5038       0       0       0       0
    ISUP1       0    1202       0       0       0       0
    ISUP2       0     231       0       0       0       0
    ISUP3       0     115       0       0       0       0
    ISUP4       0      36       0       0       0       0
    ISUP5       0      74       0       0       0       0
  ↳ no improvement (1/10)
[003] train: loss 0.6580 bacc 0.1667 acc 0.1047 f1 0.0316 || val: loss 0.1073 acc 0.1795 BAL-acc 0.1667 f1 0.0507 | acc[c0]=0.000  acc[c1]=1.000  acc[c2]=0.000  acc[c3]=0.000  acc[c4]=0.000  acc[c5]=0.000 | auc[c0]=0.397  auc[c1]=0.512  auc[c2]=0.770  auc[c3]=0.895  auc[c4]=0.807  auc[c5]=0.817 | macroAUC=0.700 | macroSens=0.167 macroSpec=0.833 | sens[c0]=0.000  sens[c1]=1.000  sens[c2]=0.000  sens[c3]=0.000  sens[c4]=0.000  sens[c5]=0.000 | spec[c0]=1.000  spec[c1]=0.000  spec[c2]=1.000  spec[c3]=1.000  spec[c4]=1.000  spec[c5]=1.000
Confusion matrix (LR val): rows=true, cols=pred
true\pred   ISUP0   ISUP1   ISUP2   ISUP3   ISUP4   ISUP5
    ISUP0       0    5038       0       0       0       0
    ISUP1       0    1202       0       0       0       0
    ISUP2       0     231       0       0       0       0
    ISUP3       0     115       0       0       0       0
    ISUP4       0      36       0       0       0       0
    ISUP5       0      74       0       0       0       0
  ↳ no improvement (2/10)
[004] train: loss 0.7033 bacc 0.1667 acc 0.1077 f1 0.0324 || val: loss 0.0605 acc 0.1795 BAL-acc 0.1667 f1 0.0507 | acc[c0]=0.000  acc[c1]=1.000  acc[c2]=0.000  acc[c3]=0.000  acc[c4]=0.000  acc[c5]=0.000 | auc[c0]=0.404  auc[c1]=0.519  auc[c2]=0.758  auc[c3]=0.899  auc[c4]=0.799  auc[c5]=0.829 | macroAUC=0.701 | macroSens=0.167 macroSpec=0.833 | sens[c0]=0.000  sens[c1]=1.000  sens[c2]=0.000  sens[c3]=0.000  sens[c4]=0.000  sens[c5]=0.000 | spec[c0]=1.000  spec[c1]=0.000  spec[c2]=1.000  spec[c3]=1.000  spec[c4]=1.000  spec[c5]=1.000
Confusion matrix (LR val): rows=true, cols=pred
true\pred   ISUP0   ISUP1   ISUP2   ISUP3   ISUP4   ISUP5
    ISUP0       0    5038       0       0       0       0
    ISUP1       0    1202       0       0       0       0
    ISUP2       0     231       0       0       0       0
    ISUP3       0     115       0       0       0       0
    ISUP4       0      36       0       0       0       0
    ISUP5       0      74       0       0       0       0
  ↳ no improvement (3/10)
[005] train: loss 0.6715 bacc 0.1667 acc 0.1049 f1 0.0316 || val: loss 0.0664 acc 0.1795 BAL-acc 0.1667 f1 0.0507 | acc[c0]=0.000  acc[c1]=1.000  acc[c2]=0.000  acc[c3]=0.000  acc[c4]=0.000  acc[c5]=0.000 | auc[c0]=0.404  auc[c1]=0.521  auc[c2]=0.765  auc[c3]=0.895  auc[c4]=0.802  auc[c5]=0.854 | macroAUC=0.707 | macroSens=0.167 macroSpec=0.833 | sens[c0]=0.000  sens[c1]=1.000  sens[c2]=0.000  sens[c3]=0.000  sens[c4]=0.000  sens[c5]=0.000 | spec[c0]=1.000  spec[c1]=0.000  spec[c2]=1.000  spec[c3]=1.000  spec[c4]=1.000  spec[c5]=1.000
Confusion matrix (LR val): rows=true, cols=pred
true\pred   ISUP0   ISUP1   ISUP2   ISUP3   ISUP4   ISUP5
    ISUP0       0    5038       0       0       0       0
    ISUP1       0    1202       0       0       0       0
    ISUP2       0     231       0       0       0       0
    ISUP3       0     115       0       0       0       0
    ISUP4       0      36       0       0       0       0
    ISUP5       0      74       0       0       0       0
  ↳ no improvement (4/10)
[006] train: loss 0.6785 bacc 0.1667 acc 0.1036 f1 0.0313 || val: loss 0.1283 acc 0.1795 BAL-acc 0.1667 f1 0.0507 | acc[c0]=0.000  acc[c1]=1.000  acc[c2]=0.000  acc[c3]=0.000  acc[c4]=0.000  acc[c5]=0.000 | auc[c0]=0.387  auc[c1]=0.505  auc[c2]=0.788  auc[c3]=0.900  auc[c4]=0.794  auc[c5]=0.845 | macroAUC=0.703 | macroSens=0.167 macroSpec=0.833 | sens[c0]=0.000  sens[c1]=1.000  sens[c2]=0.000  sens[c3]=0.000  sens[c4]=0.000  sens[c5]=0.000 | spec[c0]=1.000  spec[c1]=0.000  spec[c2]=1.000  spec[c3]=1.000  spec[c4]=1.000  spec[c5]=1.000
Confusion matrix (LR val): rows=true, cols=pred
true\pred   ISUP0   ISUP1   ISUP2   ISUP3   ISUP4   ISUP5
    ISUP0       0    5038       0       0       0       0
    ISUP1       0    1202       0       0       0       0
    ISUP2       0     231       0       0       0       0
    ISUP3       0     115       0       0       0       0
    ISUP4       0      36       0       0       0       0
    ISUP5       0      74       0       0       0       0
  ↳ no improvement (5/10)
[007] train: loss 0.6185 bacc 0.1667 acc 0.1055 f1 0.0318 || val: loss 0.1253 acc 0.1795 BAL-acc 0.1667 f1 0.0507 | acc[c0]=0.000  acc[c1]=1.000  acc[c2]=0.000  acc[c3]=0.000  acc[c4]=0.000  acc[c5]=0.000 | auc[c0]=0.384  auc[c1]=0.499  auc[c2]=0.778  auc[c3]=0.899  auc[c4]=0.785  auc[c5]=0.862 | macroAUC=0.701 | macroSens=0.167 macroSpec=0.833 | sens[c0]=0.000  sens[c1]=1.000  sens[c2]=0.000  sens[c3]=0.000  sens[c4]=0.000  sens[c5]=0.000 | spec[c0]=1.000  spec[c1]=0.000  spec[c2]=1.000  spec[c3]=1.000  spec[c4]=1.000  spec[c5]=1.000
Confusion matrix (LR val): rows=true, cols=pred
true\pred   ISUP0   ISUP1   ISUP2   ISUP3   ISUP4   ISUP5
    ISUP0       0    5038       0       0       0       0
    ISUP1       0    1202       0       0       0       0
    ISUP2       0     231       0       0       0       0
    ISUP3       0     115       0       0       0       0
    ISUP4       0      36       0       0       0       0
    ISUP5       0      74       0       0       0       0
  ↳ no improvement (6/10)
[008] train: loss 0.6594 bacc 0.1667 acc 0.1070 f1 0.0322 || val: loss 0.1054 acc 0.1795 BAL-acc 0.1667 f1 0.0507 | acc[c0]=0.000  acc[c1]=1.000  acc[c2]=0.000  acc[c3]=0.000  acc[c4]=0.000  acc[c5]=0.000 | auc[c0]=0.379  auc[c1]=0.500  auc[c2]=0.793  auc[c3]=0.909  auc[c4]=0.822  auc[c5]=0.853 | macroAUC=0.709 | macroSens=0.167 macroSpec=0.833 | sens[c0]=0.000  sens[c1]=1.000  sens[c2]=0.000  sens[c3]=0.000  sens[c4]=0.000  sens[c5]=0.000 | spec[c0]=1.000  spec[c1]=0.000  spec[c2]=1.000  spec[c3]=1.000  spec[c4]=1.000  spec[c5]=1.000
Confusion matrix (LR val): rows=true, cols=pred
true\pred   ISUP0   ISUP1   ISUP2   ISUP3   ISUP4   ISUP5
    ISUP0       0    5038       0       0       0       0
    ISUP1       0    1202       0       0       0       0
    ISUP2       0     231       0       0       0       0
    ISUP3       0     115       0       0       0       0
    ISUP4       0      36       0       0       0       0
    ISUP5       0      74       0       0       0       0
  ↳ no improvement (7/10)
[009] train: loss 0.6700 bacc 0.1667 acc 0.0988 f1 0.0300 || val: loss 0.1511 acc 0.1795 BAL-acc 0.1667 f1 0.0507 | acc[c0]=0.000  acc[c1]=1.000  acc[c2]=0.000  acc[c3]=0.000  acc[c4]=0.000  acc[c5]=0.000 | auc[c0]=0.390  auc[c1]=0.500  auc[c2]=0.762  auc[c3]=0.879  auc[c4]=0.772  auc[c5]=0.846 | macroAUC=0.692 | macroSens=0.167 macroSpec=0.833 | sens[c0]=0.000  sens[c1]=1.000  sens[c2]=0.000  sens[c3]=0.000  sens[c4]=0.000  sens[c5]=0.000 | spec[c0]=1.000  spec[c1]=0.000  spec[c2]=1.000  spec[c3]=1.000  spec[c4]=1.000  spec[c5]=1.000
Confusion matrix (LR val): rows=true, cols=pred
true\pred   ISUP0   ISUP1   ISUP2   ISUP3   ISUP4   ISUP5
    ISUP0       0    5038       0       0       0       0
    ISUP1       0    1202       0       0       0       0
    ISUP2       0     231       0       0       0       0
    ISUP3       0     115       0       0       0       0
    ISUP4       0      36       0       0       0       0
    ISUP5       0      74       0       0       0       0
  ↳ no improvement (8/10)
[010] train: loss 0.5960 bacc 0.1667 acc 0.1068 f1 0.0322 || val: loss 0.1477 acc 0.1795 BAL-acc 0.1667 f1 0.0507 | acc[c0]=0.000  acc[c1]=1.000  acc[c2]=0.000  acc[c3]=0.000  acc[c4]=0.000  acc[c5]=0.000 | auc[c0]=0.369  auc[c1]=0.482  auc[c2]=0.784  auc[c3]=0.885  auc[c4]=0.799  auc[c5]=0.857 | macroAUC=0.696 | macroSens=0.167 macroSpec=0.833 | sens[c0]=0.000  sens[c1]=1.000  sens[c2]=0.000  sens[c3]=0.000  sens[c4]=0.000  sens[c5]=0.000 | spec[c0]=1.000  spec[c1]=0.000  spec[c2]=1.000  spec[c3]=1.000  spec[c4]=1.000  spec[c5]=1.000
Confusion matrix (LR val): rows=true, cols=pred
true\pred   ISUP0   ISUP1   ISUP2   ISUP3   ISUP4   ISUP5
    ISUP0       0    5038       0       0       0       0
    ISUP1       0    1202       0       0       0       0
    ISUP2       0     231       0       0       0       0
    ISUP3       0     115       0       0       0       0
    ISUP4       0      36       0       0       0       0
    ISUP5       0      74       0       0       0       0
  ↳ no improvement (9/10)
[011] train: loss 0.5767 bacc 0.1700 acc 0.1042 f1 0.0375 || val: loss 0.2093 acc 0.1795 BAL-acc 0.1688 f1 0.0545 | acc[c0]=0.000  acc[c1]=0.999  acc[c2]=0.000  acc[c3]=0.000  acc[c4]=0.000  acc[c5]=0.014 | auc[c0]=0.378  auc[c1]=0.496  auc[c2]=0.797  auc[c3]=0.891  auc[c4]=0.811  auc[c5]=0.841 | macroAUC=0.702 | macroSens=0.169 macroSpec=0.833 | sens[c0]=0.000  sens[c1]=0.999  sens[c2]=0.000  sens[c3]=0.000  sens[c4]=0.000  sens[c5]=0.014 | spec[c0]=1.000  spec[c1]=0.003  spec[c2]=1.000  spec[c3]=1.000  spec[c4]=1.000  spec[c5]=0.998
Confusion matrix (LR val): rows=true, cols=pred
true\pred   ISUP0   ISUP1   ISUP2   ISUP3   ISUP4   ISUP5
    ISUP0       0    5034       0       0       0       4
    ISUP1       0    1201       0       0       0       1
    ISUP2       0     231       0       0       0       0
    ISUP3       0     107       0       0       0       8
    ISUP4       0      34       0       0       0       2
    ISUP5       0      73       0       0       0       1
  ↳ saved best (BAL-acc=0.1688)
[012] train: loss 0.5944 bacc 0.1917 acc 0.1092 f1 0.0639 || val: loss 0.1906 acc 0.1801 BAL-acc 0.1947 f1 0.0794 | acc[c0]=0.000  acc[c1]=0.993  acc[c2]=0.000  acc[c3]=0.000  acc[c4]=0.000  acc[c5]=0.176 | auc[c0]=0.375  auc[c1]=0.485  auc[c2]=0.777  auc[c3]=0.863  auc[c4]=0.813  auc[c5]=0.873 | macroAUC=0.698 | macroSens=0.195 macroSpec=0.834 | sens[c0]=0.000  sens[c1]=0.993  sens[c2]=0.000  sens[c3]=0.000  sens[c4]=0.000  sens[c5]=0.176 | spec[c0]=1.000  spec[c1]=0.013  spec[c2]=1.000  spec[c3]=1.000  spec[c4]=1.000  spec[c5]=0.990
Confusion matrix (LR val): rows=true, cols=pred
true\pred   ISUP0   ISUP1   ISUP2   ISUP3   ISUP4   ISUP5
    ISUP0       0    5018       0       0       0      20
    ISUP1       0    1193       0       0       0       9
    ISUP2       0     228       0       0       0       3
    ISUP3       0      88       0       0       0      27
    ISUP4       0      30       0       0       0       6
    ISUP5       0      61       0       0       0      13
  ↳ saved best (BAL-acc=0.1947)
[013] train: loss 0.5697 bacc 0.2157 acc 0.1230 f1 0.0839 || val: loss 0.1145 acc 0.1797 BAL-acc 0.1837 f1 0.0681 | acc[c0]=0.000  acc[c1]=0.994  acc[c2]=0.000  acc[c3]=0.000  acc[c4]=0.000  acc[c5]=0.108 | auc[c0]=0.388  auc[c1]=0.508  auc[c2]=0.785  auc[c3]=0.890  auc[c4]=0.846  auc[c5]=0.857 | macroAUC=0.712 | macroSens=0.184 macroSpec=0.834 | sens[c0]=0.000  sens[c1]=0.994  sens[c2]=0.000  sens[c3]=0.000  sens[c4]=0.000  sens[c5]=0.108 | spec[c0]=1.000  spec[c1]=0.014  spec[c2]=1.000  spec[c3]=1.000  spec[c4]=1.000  spec[c5]=0.989
Confusion matrix (LR val): rows=true, cols=pred
true\pred   ISUP0   ISUP1   ISUP2   ISUP3   ISUP4   ISUP5
    ISUP0       0    5017       0       0       0      21
    ISUP1       0    1195       0       0       0       7
    ISUP2       0     221       0       0       0      10
    ISUP3       0      83       0       0       0      32
    ISUP4       0      32       0       0       0       4
    ISUP5       0      66       0       0       0       8
  ↳ no improvement (1/10)
[014] train: loss 0.5421 bacc 0.2324 acc 0.1257 f1 0.0881 || val: loss 0.1817 acc 0.1777 BAL-acc 0.2094 f1 0.0770 | acc[c0]=0.000  acc[c1]=0.973  acc[c2]=0.000  acc[c3]=0.000  acc[c4]=0.000  acc[c5]=0.284 | auc[c0]=0.375  auc[c1]=0.496  auc[c2]=0.805  auc[c3]=0.894  auc[c4]=0.836  auc[c5]=0.842 | macroAUC=0.708 | macroSens=0.209 macroSpec=0.834 | sens[c0]=0.000  sens[c1]=0.973  sens[c2]=0.000  sens[c3]=0.000  sens[c4]=0.000  sens[c5]=0.284 | spec[c0]=1.000  spec[c1]=0.029  spec[c2]=1.000  spec[c3]=1.000  spec[c4]=1.000  spec[c5]=0.974
Confusion matrix (LR val): rows=true, cols=pred
true\pred   ISUP0   ISUP1   ISUP2   ISUP3   ISUP4   ISUP5
    ISUP0       0    4983       0       0       0      55
    ISUP1       0    1169       0       0       0      33
    ISUP2       0     195       0       0       0      36
    ISUP3       0      77       0       0       0      38
    ISUP4       0      28       0       0       0       8
    ISUP5       0      53       0       0       0      21
  ↳ saved best (BAL-acc=0.2094)
[015] train: loss 0.5318 bacc 0.2598 acc 0.1317 f1 0.0931 || val: loss 0.1126 acc 0.1792 BAL-acc 0.1896 f1 0.0692 | acc[c0]=0.000  acc[c1]=0.989  acc[c2]=0.000  acc[c3]=0.000  acc[c4]=0.000  acc[c5]=0.149 | auc[c0]=0.390  auc[c1]=0.503  auc[c2]=0.782  auc[c3]=0.868  auc[c4]=0.791  auc[c5]=0.821 | macroAUC=0.693 | macroSens=0.190 macroSpec=0.834 | sens[c0]=0.000  sens[c1]=0.989  sens[c2]=0.000  sens[c3]=0.000  sens[c4]=0.000  sens[c5]=0.149 | spec[c0]=1.000  spec[c1]=0.021  spec[c2]=1.000  spec[c3]=1.000  spec[c4]=1.000  spec[c5]=0.982
Confusion matrix (LR val): rows=true, cols=pred
true\pred   ISUP0   ISUP1   ISUP2   ISUP3   ISUP4   ISUP5
    ISUP0       0    4996       0       0       0      42
    ISUP1       0    1189       0       0       0      13
    ISUP2       0     214       0       0       0      17
    ISUP3       0      77       0       0       0      38
    ISUP4       0      30       0       0       0       6
    ISUP5       0      63       0       0       0      11
  ↳ no improvement (1/10)
[016] train: loss 0.5408 bacc 0.2732 acc 0.1377 f1 0.0936 || val: loss 0.2929 acc 0.1743 BAL-acc 0.2527 f1 0.0752 | acc[c0]=0.000  acc[c1]=0.935  acc[c2]=0.000  acc[c3]=0.000  acc[c4]=0.000  acc[c5]=0.581 | auc[c0]=0.376  auc[c1]=0.501  auc[c2]=0.799  auc[c3]=0.894  auc[c4]=0.876  auc[c5]=0.884 | macroAUC=0.722 | macroSens=0.253 macroSpec=0.835 | sens[c0]=0.000  sens[c1]=0.935  sens[c2]=0.000  sens[c3]=0.000  sens[c4]=0.000  sens[c5]=0.581 | spec[c0]=1.000  spec[c1]=0.079  spec[c2]=1.000  spec[c3]=1.000  spec[c4]=1.000  spec[c5]=0.929
Confusion matrix (LR val): rows=true, cols=pred
true\pred   ISUP0   ISUP1   ISUP2   ISUP3   ISUP4   ISUP5
    ISUP0       0    4821       0       0       0     217
    ISUP1       0    1124       0       0       0      78
    ISUP2       0     142       0       0       0      89
    ISUP3       0      49       0       0       0      66
    ISUP4       0      18       0       0       0      18
    ISUP5       0      31       0       0       0      43
  ↳ saved best (BAL-acc=0.2527)
[017] train: loss 0.4817 bacc 0.2844 acc 0.1464 f1 0.0981 || val: loss 0.2755 acc 0.1746 BAL-acc 0.2213 f1 0.0713 | acc[c0]=0.000  acc[c1]=0.949  acc[c2]=0.000  acc[c3]=0.000  acc[c4]=0.000  acc[c5]=0.378 | auc[c0]=0.377  auc[c1]=0.496  auc[c2]=0.812  auc[c3]=0.883  auc[c4]=0.856  auc[c5]=0.849 | macroAUC=0.712 | macroSens=0.221 macroSpec=0.834 | sens[c0]=0.000  sens[c1]=0.949  sens[c2]=0.000  sens[c3]=0.000  sens[c4]=0.000  sens[c5]=0.378 | spec[c0]=1.000  spec[c1]=0.057  spec[c2]=1.000  spec[c3]=1.000  spec[c4]=1.000  spec[c5]=0.947
Confusion matrix (LR val): rows=true, cols=pred
true\pred   ISUP0   ISUP1   ISUP2   ISUP3   ISUP4   ISUP5
    ISUP0       0    4889       0       0       0     149
    ISUP1       0    1141       0       0       0      61
    ISUP2       0     167       0       0       0      64
    ISUP3       0      54       0       0       0      61
    ISUP4       0      23       0       0       0      13
    ISUP5       0      46       0       0       0      28
  ↳ no improvement (1/10)
[018] train: loss 0.5281 bacc 0.2864 acc 0.1467 f1 0.0990 || val: loss 0.0901 acc 0.1795 BAL-acc 0.2005 f1 0.0756 | acc[c0]=0.000  acc[c1]=0.987  acc[c2]=0.000  acc[c3]=0.000  acc[c4]=0.000  acc[c5]=0.216 | auc[c0]=0.404  auc[c1]=0.516  auc[c2]=0.764  auc[c3]=0.850  auc[c4]=0.852  auc[c5]=0.862 | macroAUC=0.708 | macroSens=0.200 macroSpec=0.834 | sens[c0]=0.000  sens[c1]=0.987  sens[c2]=0.000  sens[c3]=0.000  sens[c4]=0.000  sens[c5]=0.216 | spec[c0]=1.000  spec[c1]=0.023  spec[c2]=1.000  spec[c3]=1.000  spec[c4]=1.000  spec[c5]=0.981
Confusion matrix (LR val): rows=true, cols=pred
true\pred   ISUP0   ISUP1   ISUP2   ISUP3   ISUP4   ISUP5
    ISUP0       0    4987       0       0       0      51
    ISUP1       0    1186       0       0       0      16
    ISUP2       0     213       0       0       0      18
    ISUP3       0      79       0       0       0      36
    ISUP4       0      30       0       0       0       6
    ISUP5       0      58       0       0       0      16
  ↳ no improvement (2/10)
[019] train: loss 0.4310 bacc 0.3023 acc 0.1494 f1 0.0989 || val: loss 0.2208 acc 0.1759 BAL-acc 0.2235 f1 0.0812 | acc[c0]=0.000  acc[c1]=0.955  acc[c2]=0.000  acc[c3]=0.035  acc[c4]=0.000  acc[c5]=0.351 | auc[c0]=0.394  auc[c1]=0.509  auc[c2]=0.796  auc[c3]=0.876  auc[c4]=0.839  auc[c5]=0.857 | macroAUC=0.712 | macroSens=0.224 macroSpec=0.834 | sens[c0]=0.000  sens[c1]=0.955  sens[c2]=0.000  sens[c3]=0.035  sens[c4]=0.000  sens[c5]=0.351 | spec[c0]=1.000  spec[c1]=0.056  spec[c2]=1.000  spec[c3]=0.995  spec[c4]=1.000  spec[c5]=0.954
Confusion matrix (LR val): rows=true, cols=pred
true\pred   ISUP0   ISUP1   ISUP2   ISUP3   ISUP4   ISUP5
    ISUP0       0    4883       0      16       0     139
    ISUP1       0    1148       0       6       0      48
    ISUP2       0     175       0       4       0      52
    ISUP3       0      56       0       4       0      55
    ISUP4       0      25       0       1       0      10
    ISUP5       0      45       0       3       0      26
  ↳ no improvement (3/10)
[020] train: loss 0.4751 bacc 0.3131 acc 0.1555 f1 0.1243 || val: loss 0.7021 acc 0.1523 BAL-acc 0.2698 f1 0.0738 | acc[c0]=0.000  acc[c1]=0.801  acc[c2]=0.000  acc[c3]=0.017  acc[c4]=0.111  acc[c5]=0.689 | auc[c0]=0.419  auc[c1]=0.514  auc[c2]=0.728  auc[c3]=0.834  auc[c4]=0.885  auc[c5]=0.852 | macroAUC=0.705 | macroSens=0.270 macroSpec=0.834 | sens[c0]=0.000  sens[c1]=0.801  sens[c2]=0.000  sens[c3]=0.017  sens[c4]=0.111  sens[c5]=0.689 | spec[c0]=1.000  spec[c1]=0.197  spec[c2]=0.999  spec[c3]=0.985  spec[c4]=0.976  spec[c5]=0.849
Confusion matrix (LR val): rows=true, cols=pred
true\pred   ISUP0   ISUP1   ISUP2   ISUP3   ISUP4   ISUP5
    ISUP0       0    4291       5      68     105     569
    ISUP1       0     963       3      25      37     174
    ISUP2       0      75       0       8      10     138
    ISUP3       0      19       0       2       1      93
    ISUP4       0       7       0       1       4      24
    ISUP5       0      19       0       0       4      51
  ↳ saved best (BAL-acc=0.2698)
[021] train: loss 0.4925 bacc 0.3407 acc 0.1564 f1 0.1663 || val: loss 0.3705 acc 0.1691 BAL-acc 0.2410 f1 0.0948 | acc[c0]=0.000  acc[c1]=0.908  acc[c2]=0.030  acc[c3]=0.043  acc[c4]=0.167  acc[c5]=0.297 | auc[c0]=0.435  auc[c1]=0.536  auc[c2]=0.781  auc[c3]=0.848  auc[c4]=0.852  auc[c5]=0.847 | macroAUC=0.716 | macroSens=0.241 macroSpec=0.835 | sens[c0]=0.000  sens[c1]=0.908  sens[c2]=0.030  sens[c3]=0.043  sens[c4]=0.167  sens[c5]=0.297 | spec[c0]=1.000  spec[c1]=0.113  spec[c2]=0.989  spec[c3]=0.971  spec[c4]=0.969  spec[c5]=0.966
Confusion matrix (LR val): rows=true, cols=pred
true\pred   ISUP0   ISUP1   ISUP2   ISUP3   ISUP4   ISUP5
    ISUP0       0    4647      50     134     112      95
    ISUP1       0    1092      18      21      36      35
    ISUP2       0     136       7      23      30      35
    ISUP3       0      42       1       5      18      49
    ISUP4       0      17       1       4       6       8
    ISUP5       0      32       3       6      11      22
  ↳ no improvement (1/10)
[022] train: loss 0.4175 bacc 0.3462 acc 0.1698 f1 0.1902 || val: loss 0.4013 acc 0.1705 BAL-acc 0.2590 f1 0.1180 | acc[c0]=0.000  acc[c1]=0.897  acc[c2]=0.095  acc[c3]=0.139  acc[c4]=0.139  acc[c5]=0.284 | auc[c0]=0.428  auc[c1]=0.514  auc[c2]=0.767  auc[c3]=0.848  auc[c4]=0.867  auc[c5]=0.864 | macroAUC=0.715 | macroSens=0.259 macroSpec=0.835 | sens[c0]=0.000  sens[c1]=0.897  sens[c2]=0.095  sens[c3]=0.139  sens[c4]=0.139  sens[c5]=0.284 | spec[c0]=1.000  spec[c1]=0.119  spec[c2]=0.976  spec[c3]=0.962  spec[c4]=0.979  spec[c5]=0.974
Confusion matrix (LR val): rows=true, cols=pred
true\pred   ISUP0   ISUP1   ISUP2   ISUP3   ISUP4   ISUP5
    ISUP0       0    4628     116     156      66      72
    ISUP1       0    1078      33      39      23      29
    ISUP2       0     122      22      35      27      25
    ISUP3       0      40       4      16      16      39
    ISUP4       0      20       0       5       5       6
    ISUP5       0      30       3      13       7      21
  ↳ no improvement (2/10)
[023] train: loss 0.3890 bacc 0.3644 acc 0.1913 f1 0.2162 || val: loss 0.5211 acc 0.1647 BAL-acc 0.2424 f1 0.0991 | acc[c0]=0.000  acc[c1]=0.856  acc[c2]=0.121  acc[c3]=0.261  acc[c4]=0.000  acc[c5]=0.216 | auc[c0]=0.468  auc[c1]=0.524  auc[c2]=0.749  auc[c3]=0.791  auc[c4]=0.786  auc[c5]=0.776 | macroAUC=0.682 | macroSens=0.242 macroSpec=0.835 | sens[c0]=0.000  sens[c1]=0.856  sens[c2]=0.121  sens[c3]=0.261  sens[c4]=0.000  sens[c5]=0.216 | spec[c0]=1.000  spec[c1]=0.167  spec[c2]=0.954  spec[c3]=0.929  spec[c4]=1.000  spec[c5]=0.962
Confusion matrix (LR val): rows=true, cols=pred
true\pred   ISUP0   ISUP1   ISUP2   ISUP3   ISUP4   ISUP5
    ISUP0       0    4358     227     319       0     134
    ISUP1       0    1029      56      71       0      46
    ISUP2       0     125      28      55       0      23
    ISUP3       0      41       5      30       0      39
    ISUP4       0      18       3       5       0      10
    ISUP5       0      35       7      16       0      16
  ↳ no improvement (3/10)
[024] train: loss 0.3724 bacc 0.3856 acc 0.2084 f1 0.2285 || val: loss 0.4563 acc 0.1695 BAL-acc 0.2604 f1 0.1142 | acc[c0]=0.000  acc[c1]=0.875  acc[c2]=0.130  acc[c3]=0.287  acc[c4]=0.000  acc[c5]=0.270 | auc[c0]=0.444  auc[c1]=0.523  auc[c2]=0.782  auc[c3]=0.848  auc[c4]=0.877  auc[c5]=0.853 | macroAUC=0.721 | macroSens=0.260 macroSpec=0.835 | sens[c0]=0.000  sens[c1]=0.875  sens[c2]=0.130  sens[c3]=0.287  sens[c4]=0.000  sens[c5]=0.270 | spec[c0]=1.000  spec[c1]=0.142  spec[c2]=0.956  spec[c3]=0.941  spec[c4]=1.000  spec[c5]=0.974
Confusion matrix (LR val): rows=true, cols=pred
true\pred   ISUP0   ISUP1   ISUP2   ISUP3   ISUP4   ISUP5
    ISUP0       0    4532     210     223       0      73
    ISUP1       0    1052      53      70       0      27
    ISUP2       0     107      30      69       0      25
    ISUP3       0      35       9      33       0      38
    ISUP4       0      14       5       7       0      10
    ISUP5       0      28       8      18       0      20
  ↳ no improvement (4/10)
[025] train: loss 0.3812 bacc 0.4024 acc 0.2160 f1 0.2612 || val: loss 0.1293 acc 0.1785 BAL-acc 0.2085 f1 0.1108 | acc[c0]=0.000  acc[c1]=0.963  acc[c2]=0.095  acc[c3]=0.096  acc[c4]=0.083  acc[c5]=0.014 | auc[c0]=0.452  auc[c1]=0.541  auc[c2]=0.750  auc[c3]=0.828  auc[c4]=0.821  auc[c5]=0.818 | macroAUC=0.701 | macroSens=0.209 macroSpec=0.834 | sens[c0]=0.000  sens[c1]=0.963  sens[c2]=0.095  sens[c3]=0.096  sens[c4]=0.083  sens[c5]=0.014 | spec[c0]=1.000  spec[c1]=0.043  spec[c2]=0.977  spec[c3]=0.990  spec[c4]=0.998  spec[c5]=0.997
Confusion matrix (LR val): rows=true, cols=pred
true\pred   ISUP0   ISUP1   ISUP2   ISUP3   ISUP4   ISUP5
    ISUP0       0    4901      95      31       5       6
    ISUP1       0    1158      28      14       2       0
    ISUP2       0     202      22       7       0       0
    ISUP3       0      74      14      11       5      11
    ISUP4       0      27       2       2       3       2
    ISUP5       0      52       7      13       1       1
  ↳ no improvement (5/10)
[026] train: loss 0.3258 bacc 0.4383 acc 0.2429 f1 0.3035 || val: loss 0.8432 acc 0.1532 BAL-acc 0.2582 f1 0.1087 | acc[c0]=0.000  acc[c1]=0.764  acc[c2]=0.290  acc[c3]=0.209  acc[c4]=0.111  acc[c5]=0.176 | auc[c0]=0.520  auc[c1]=0.531  auc[c2]=0.718  auc[c3]=0.790  auc[c4]=0.808  auc[c5]=0.782 | macroAUC=0.692 | macroSens=0.258 macroSpec=0.836 | sens[c0]=0.000  sens[c1]=0.764  sens[c2]=0.290  sens[c3]=0.209  sens[c4]=0.111  sens[c5]=0.176 | spec[c0]=1.000  spec[c1]=0.258  spec[c2]=0.864  spec[c3]=0.937  spec[c4]=0.976  spec[c5]=0.979
Confusion matrix (LR val): rows=true, cols=pred
true\pred   ISUP0   ISUP1   ISUP2   ISUP3   ISUP4   ISUP5
    ISUP0       0    3923     668     286      84      77
    ISUP1       0     918     165      74      30      15
    ISUP2       0      91      67      39      24      10
    ISUP3       0      25      22      24      15      29
    ISUP4       0      12       8       5       4       7
    ISUP5       0      26      17      12       6      13
  ↳ no improvement (6/10)
[027] train: loss 0.3211 bacc 0.4559 acc 0.2597 f1 0.3224 || val: loss 0.3503 acc 0.1746 BAL-acc 0.2343 f1 0.1146 | acc[c0]=0.000  acc[c1]=0.909  acc[c2]=0.234  acc[c3]=0.139  acc[c4]=0.083  acc[c5]=0.041 | auc[c0]=0.471  auc[c1]=0.533  auc[c2]=0.751  auc[c3]=0.845  auc[c4]=0.843  auc[c5]=0.842 | macroAUC=0.714 | macroSens=0.234 macroSpec=0.836 | sens[c0]=0.000  sens[c1]=0.909  sens[c2]=0.234  sens[c3]=0.139  sens[c4]=0.083  sens[c5]=0.041 | spec[c0]=1.000  spec[c1]=0.124  spec[c2]=0.924  spec[c3]=0.980  spec[c4]=0.993  spec[c5]=0.993
Confusion matrix (LR val): rows=true, cols=pred
true\pred   ISUP0   ISUP1   ISUP2   ISUP3   ISUP4   ISUP5
    ISUP0       0    4585     346      70      17      20
    ISUP1       0    1093      79      19       7       4
    ISUP2       0     145      54      24       5       3
    ISUP3       0      34      39      16       9      17
    ISUP4       0      16       7       6       3       4
    ISUP5       0      31      19      14       7       3
  ↳ no improvement (7/10)
[028] train: loss 0.2918 bacc 0.4733 acc 0.2639 f1 0.3400 || val: loss 1.0696 acc 0.1435 BAL-acc 0.2244 f1 0.0994 | acc[c0]=0.000  acc[c1]=0.724  acc[c2]=0.234  acc[c3]=0.226  acc[c4]=0.028  acc[c5]=0.135 | auc[c0]=0.511  auc[c1]=0.510  auc[c2]=0.725  auc[c3]=0.791  auc[c4]=0.851  auc[c5]=0.804 | macroAUC=0.699 | macroSens=0.224 macroSpec=0.834 | sens[c0]=0.000  sens[c1]=0.724  sens[c2]=0.234  sens[c3]=0.226  sens[c4]=0.028  sens[c5]=0.135 | spec[c0]=1.000  spec[c1]=0.252  spec[c2]=0.860  spec[c3]=0.929  spec[c4]=0.972  spec[c5]=0.989
Confusion matrix (LR val): rows=true, cols=pred
true\pred   ISUP0   ISUP1   ISUP2   ISUP3   ISUP4   ISUP5
    ISUP0       0    3982     660     288      82      26
    ISUP1       0     870     193      88      38      13
    ISUP2       0      78      54      60      33       6
    ISUP3       0      22      27      26      20      20
    ISUP4       0       6      10      13       1       6
    ISUP5       0      23      15      15      11      10
  ↳ no improvement (8/10)
[029] train: loss 0.2820 bacc 0.4885 acc 0.2774 f1 0.3540 || val: loss 0.2670 acc 0.1782 BAL-acc 0.2265 f1 0.1097 | acc[c0]=0.000  acc[c1]=0.929  acc[c2]=0.229  acc[c3]=0.200  acc[c4]=0.000  acc[c5]=0.000 | auc[c0]=0.448  auc[c1]=0.526  auc[c2]=0.763  auc[c3]=0.851  auc[c4]=0.859  auc[c5]=0.836 | macroAUC=0.714 | macroSens=0.226 macroSpec=0.835 | sens[c0]=0.000  sens[c1]=0.929  sens[c2]=0.229  sens[c3]=0.200  sens[c4]=0.000  sens[c5]=0.000 | spec[c0]=1.000  spec[c1]=0.086  spec[c2]=0.947  spec[c3]=0.983  spec[c4]=0.996  spec[c5]=0.999
Confusion matrix (LR val): rows=true, cols=pred
true\pred   ISUP0   ISUP1   ISUP2   ISUP3   ISUP4   ISUP5
    ISUP0       0    4755     224      50       7       2
    ISUP1       0    1117      60      24       1       0
    ISUP2       0     156      53      20       2       0
    ISUP3       0      51      28      23       9       4
    ISUP4       0      19      10       6       0       1
    ISUP5       0      38      18      12       6       0
  ↳ no improvement (9/10)
[030] train: loss 0.2506 bacc 0.5086 acc 0.2810 f1 0.3622 || val: loss 0.3972 acc 0.1726 BAL-acc 0.2458 f1 0.1227 | acc[c0]=0.000  acc[c1]=0.892  acc[c2]=0.260  acc[c3]=0.157  acc[c4]=0.167  acc[c5]=0.000 | auc[c0]=0.480  auc[c1]=0.516  auc[c2]=0.730  auc[c3]=0.833  auc[c4]=0.782  auc[c5]=0.757 | macroAUC=0.683 | macroSens=0.246 macroSpec=0.835 | sens[c0]=0.000  sens[c1]=0.892  sens[c2]=0.260  sens[c3]=0.157  sens[c4]=0.167  sens[c5]=0.000 | spec[c0]=1.000  spec[c1]=0.112  spec[c2]=0.924  spec[c3]=0.980  spec[c4]=0.994  spec[c5]=1.000
Confusion matrix (LR val): rows=true, cols=pred
true\pred   ISUP0   ISUP1   ISUP2   ISUP3   ISUP4   ISUP5
    ISUP0       0    4623     331      66      18       0
    ISUP1       0    1072      99      30       1       0
    ISUP2       0     148      60      23       0       0
    ISUP3       0      45      35      18      17       0
    ISUP4       0      20       7       3       6       0
    ISUP5       0      41      18      12       3       0
  ↳ no improvement (10/10)
Early stopping.
[TEST] loss 0.6813 acc 0.1322 BAL-acc 0.2112 f1 0.0592 | acc[c0]=0.000  acc[c1]=0.789  acc[c2]=0.007  acc[c3]=0.016  acc[c4]=0.048  acc[c5]=0.407 | auc[c0]=0.388  auc[c1]=0.473  auc[c2]=0.732  auc[c3]=0.835  auc[c4]=0.893  auc[c5]=0.690 | macroAUC=0.668 | macroSens=0.211 macroSpec=0.833 | sens[c0]=0.000  sens[c1]=0.789  sens[c2]=0.007  sens[c3]=0.016  sens[c4]=0.048  sens[c5]=0.407 | spec[c0]=1.000  spec[c1]=0.182  spec[c2]=0.998  spec[c3]=0.985  spec[c4]=0.976  spec[c5]=0.857
Confusion matrix (LR val): rows=true, cols=pred
true\pred   ISUP0   ISUP1   ISUP2   ISUP3   ISUP4   ISUP5
    ISUP0       0    4473       6      76     106     495
    ISUP1       0     866       5      17      31     178
    ISUP2       0     102       2       6      21     153
    ISUP3       0      24       0       2       3     100
    ISUP4       0       7       0       1       2      32
    ISUP5       0      30       0       0       2      22
/project/6106383/ewillis/pca_contrastive/venv/lib/python3.11/site-packages/umap/umap_.py:1952: UserWarning: n_jobs value 1 overridden to 1 by setting random_state. Use no seed for parallelism.
  warn(
Saved MRI-test UMAP → /home/ewillis/projects/aip-medilab/ewillis/pca_contrastive/new_SPIE/RESULTS_final/baseline_isup6/figures/umap_mri_test.png
wandb: updating run metadata
wandb:                                                                                
wandb: 
wandb: Run history:
wandb:      aux/train/acc ▂▁▁▁▁▁▁▁▁▁▁▁▂▂▂▂▃▃▃▃▃▄▅▅▆▇▇▇██
wandb: aux/train/f1_macro ▂▁▁▁▁▁▁▁▁▁▁▂▂▂▂▂▂▂▂▃▄▄▅▅▆▇▇███
wandb:  aux/val/macro_tnr ▁▁▁▁▁▁▁▁▁▁▁▂▂▃▃▅▃▃▄▄▅▆▇▇▄██▂▇▆
wandb:  aux/val/macro_tpr ▁▁▁▁▁▁▁▁▁▁▁▃▂▄▃▇▅▃▅█▆▇▆▇▄▇▆▅▅▆
wandb:              epoch ▁▁▁▂▂▂▂▃▃▃▃▄▄▄▄▅▅▅▅▆▆▆▆▇▇▇▇███
wandb:         train/bacc ▁▁▁▁▁▁▁▁▁▁▁▂▂▂▃▃▃▃▄▄▅▅▅▅▆▇▇▇██
wandb:         train/loss █▄▃▃▃▃▃▃▃▃▃▃▃▃▃▃▂▃▂▂▂▂▂▂▂▁▁▁▁▁
wandb:         val/acc_c0 ▁▁▁▁▁▁▁▁▁▁▁▁▁▁▁▁▁▁▁▁▁▁▁▁▁▁▁▁▁▁
wandb:         val/acc_c1 █████████████▇█▆▇█▇▃▆▅▄▅▇▂▆▁▆▅
wandb:         val/acc_c2 ▁▁▁▁▁▁▁▁▁▁▁▁▁▁▁▁▁▁▁▁▂▃▄▄▃█▇▇▇▇
wandb:                +12 ...
wandb: 
wandb: Run summary:
wandb:      aux/train/acc 0.28099
wandb: aux/train/f1_macro 0.36221
wandb:  aux/val/macro_tnr 0.83505
wandb:  aux/val/macro_tpr 0.2458
wandb:              epoch 30
wandb:         train/bacc 0.50858
wandb:         train/loss 0.25062
wandb:         val/acc_c0 0
wandb:         val/acc_c1 0.89185
wandb:         val/acc_c2 0.25974
wandb:                +12 ...
wandb: 
wandb: 🚀 View run newSPIE-baseline-isup6-128D at: https://wandb.ai/jesande7-queens/mri-training/runs/twbc03xu
wandb: ⭐️ View project at: https://wandb.ai/jesande7-queens/mri-training
wandb: Synced 5 W&B file(s), 0 media file(s), 0 artifact file(s) and 0 other file(s)
wandb: Find logs at: ./wandb/run-20251128_002844-twbc03xu/logs
