Host: kn143
/project/6106383/ewillis/pca_contrastive/venv/bin/python
Python 3.11.4
Wed Oct 15 15:52:44 2025       
+-----------------------------------------------------------------------------------------+
| NVIDIA-SMI 570.148.08             Driver Version: 570.148.08     CUDA Version: 12.8     |
|-----------------------------------------+------------------------+----------------------+
| GPU  Name                 Persistence-M | Bus-Id          Disp.A | Volatile Uncorr. ECC |
| Fan  Temp   Perf          Pwr:Usage/Cap |           Memory-Usage | GPU-Util  Compute M. |
|                                         |                        |               MIG M. |
|=========================================+========================+======================|
|   0  NVIDIA L40S                    On  |   00000000:E3:00.0 Off |                    0 |
| N/A   29C    P8             35W /  350W |       0MiB /  46068MiB |      0%      Default |
|                                         |                        |                  N/A |
+-----------------------------------------+------------------------+----------------------+
                                                                                         
+-----------------------------------------------------------------------------------------+
| Processes:                                                                              |
|  GPU   GI   CI              PID   Type   Process name                        GPU Memory |
|        ID   ID                                                               Usage      |
|=========================================================================================|
|  No running processes found                                                             |
+-----------------------------------------------------------------------------------------+
Traceback (most recent call last):
  File "/project/aip-medilab/ewillis/pca_contrastive/mri_model_medsam_finetune_2D/train_head_from_encoder.py", line 455, in <module>
    main()
  File "/project/aip-medilab/ewillis/pca_contrastive/mri_model_medsam_finetune_2D/train_head_from_encoder.py", line 333, in main
    load_encoder_only(model, Path(args.encoder_ckpt))
  File "/project/aip-medilab/ewillis/pca_contrastive/mri_model_medsam_finetune_2D/train_head_from_encoder.py", line 240, in load_encoder_only
    sd = torch.load(ckpt_path, map_location="cpu")
         ^^^^^^^^^^^^^^^^^^^^^^^^^^^^^^^^^^^^^^^^^
  File "/project/6106383/ewillis/pca_contrastive/venv/lib/python3.11/site-packages/torch/serialization.py", line 1479, in load
    with _open_file_like(f, "rb") as opened_file:
         ^^^^^^^^^^^^^^^^^^^^^^^^
  File "/project/6106383/ewillis/pca_contrastive/venv/lib/python3.11/site-packages/torch/serialization.py", line 759, in _open_file_like
    return _open_file(name_or_buffer, mode)
           ^^^^^^^^^^^^^^^^^^^^^^^^^^^^^^^^
  File "/project/6106383/ewillis/pca_contrastive/venv/lib/python3.11/site-packages/torch/serialization.py", line 740, in __init__
    super().__init__(open(name, mode))
                     ^^^^^^^^^^^^^^^^
FileNotFoundError: [Errno 2] No such file or directory: '/project/aip-medilab/ewillis/pca_contrastive/mri_model_medsam_finetune_2D/RESULTS/run_2_full/results768/triplet_logreg/ckpt_best.pt'
srun: error: kn143: task 0: Exited with exit code 1
