Host: kn056
/project/6106383/ewillis/pca_contrastive/venv/bin/python
Python 3.11.4
Fri Nov 21 00:54:15 2025       
+-----------------------------------------------------------------------------------------+
| NVIDIA-SMI 570.148.08             Driver Version: 570.148.08     CUDA Version: 12.8     |
|-----------------------------------------+------------------------+----------------------+
| GPU  Name                 Persistence-M | Bus-Id          Disp.A | Volatile Uncorr. ECC |
| Fan  Temp   Perf          Pwr:Usage/Cap |           Memory-Usage | GPU-Util  Compute M. |
|                                         |                        |               MIG M. |
|=========================================+========================+======================|
|   0  NVIDIA L40S                    On  |   00000000:17:00.0 Off |                    0 |
| N/A   32C    P8             36W /  350W |       0MiB /  46068MiB |      0%      Default |
|                                         |                        |                  N/A |
+-----------------------------------------+------------------------+----------------------+
                                                                                         
+-----------------------------------------------------------------------------------------+
| Processes:                                                                              |
|  GPU   GI   CI              PID   Type   Process name                        GPU Memory |
|        ID   ID                                                               Usage      |
|=========================================================================================|
|  No running processes found                                                             |
+-----------------------------------------------------------------------------------------+
/project/6106383/ewillis/pca_contrastive/venv/lib/python3.11/site-packages/pydantic/_internal/_generate_schema.py:2249: UnsupportedFieldAttributeWarning: The 'repr' attribute with value False was provided to the `Field()` function, which has no effect in the context it was used. 'repr' is field-specific metadata, and can only be attached to a model field using `Annotated` metadata or by assignment. This may have happened because an `Annotated` type alias using the `type` statement was used, or if the `Field()` function was attached to a single member of a union type.
  warnings.warn(
/project/6106383/ewillis/pca_contrastive/venv/lib/python3.11/site-packages/pydantic/_internal/_generate_schema.py:2249: UnsupportedFieldAttributeWarning: The 'frozen' attribute with value True was provided to the `Field()` function, which has no effect in the context it was used. 'frozen' is field-specific metadata, and can only be attached to a model field using `Annotated` metadata or by assignment. This may have happened because an `Annotated` type alias using the `type` statement was used, or if the `Field()` function was attached to a single member of a union type.
  warnings.warn(
SCRIPT: train.py
ARGS: Namespace(seed=42, manifest='/project/aip-medilab/shared/picai/manifests/slices_manifest.csv', sam_checkpoint='/project/aip-medilab/ewillis/pca_contrastive/mri_model_medsam_finetune/work_dir/MedSAM/medsam_vit_b.pth', outdir='/home/ewillis/projects/aip-medilab/ewillis/pca_contrastive/mri_model_medsam_finetune_2D/isup3_results_no_loading/baseline', target='isup3', folds_train='1,2,3', folds_val='0', folds_test='4', batch_size=16, epochs=40, patience=10, lr=1e-05, wd=0.0, pos_ratio=0.33, proj_dim=512, use_skip=False, label6_column='merged_ISUP', freeze_epochs=2, wandb=True, wandb_project='mri-training', wandb_run_name='baseline-isup3')
wandb: Currently logged in as: jesande7 (jesande7-queens) to https://api.wandb.ai. Use `wandb login --relogin` to force relogin
wandb: WARNING Changes to your `wandb` environment variables will be ignored because your `wandb` session has already started. For more information on how to modify your settings with `wandb.init()` arguments, please refer to https://wandb.me/wandb-init.
wandb: creating run
wandb: Tracking run with wandb version 0.21.2
wandb: Run data is saved locally in /project/6106383/shared/picai/wandb/run-20251121_005432-9nhrqazz
wandb: Run `wandb offline` to turn off syncing.
wandb: Syncing run baseline-isup3
wandb: ⭐️ View project at https://wandb.ai/jesande7-queens/mri-training
wandb: 🚀 View run at https://wandb.ai/jesande7-queens/mri-training/runs/9nhrqazz
!!!!!! classes_present [0, 1, 2]
[probe][epoch1 batch 00] has_lesion: 5/16 (31%) || labels: ISUP01=11 (69%) | ISUP23=4 (25%) | ISUP45=1 (6%)
[probe][epoch1 batch 01] has_lesion: 6/16 (38%) || labels: ISUP01=10 (62%) | ISUP23=5 (31%) | ISUP45=1 (6%)
[probe][epoch1 batch 02] has_lesion: 7/16 (44%) || labels: ISUP01=9 (56%) | ISUP23=5 (31%) | ISUP45=2 (12%)
[probe][epoch1 batch 03] has_lesion: 7/16 (44%) || labels: ISUP01=9 (56%) | ISUP23=4 (25%) | ISUP45=3 (19%)
[probe][epoch1 batch 04] has_lesion: 4/16 (25%) || labels: ISUP01=12 (75%) | ISUP23=4 (25%)
[probe][epoch1 batch 05] has_lesion: 1/16 (6%) || labels: ISUP01=15 (94%) | ISUP23=1 (6%)
[probe][epoch1 batch 06] has_lesion: 5/16 (31%) || labels: ISUP01=10 (62%) | ISUP23=3 (19%) | ISUP45=3 (19%)
[probe][epoch1 batch 07] has_lesion: 8/16 (50%) || labels: ISUP01=8 (50%) | ISUP23=6 (38%) | ISUP45=2 (12%)
