Host: kn005
/project/6106383/ewillis/pca_contrastive/venv/bin/python
Python 3.11.4
Fri Oct  3 18:48:26 2025       
+-----------------------------------------------------------------------------------------+
| NVIDIA-SMI 570.148.08             Driver Version: 570.148.08     CUDA Version: 12.8     |
|-----------------------------------------+------------------------+----------------------+
| GPU  Name                 Persistence-M | Bus-Id          Disp.A | Volatile Uncorr. ECC |
| Fan  Temp   Perf          Pwr:Usage/Cap |           Memory-Usage | GPU-Util  Compute M. |
|                                         |                        |               MIG M. |
|=========================================+========================+======================|
|   0  NVIDIA L40S                    On  |   00000000:CA:00.0 Off |                    0 |
| N/A   26C    P8             33W /  350W |       0MiB /  46068MiB |      0%      Default |
|                                         |                        |                  N/A |
+-----------------------------------------+------------------------+----------------------+
                                                                                         
+-----------------------------------------------------------------------------------------+
| Processes:                                                                              |
|  GPU   GI   CI              PID   Type   Process name                        GPU Memory |
|        ID   ID                                                               Usage      |
|=========================================================================================|
|  No running processes found                                                             |
+-----------------------------------------------------------------------------------------+
[001] train: loss 0.9108 acc 0.2214 f1 0.2063 | val: loss 1.8745 acc 0.0656 f1 0.0677 | acc[c0]=0.016  acc[c1]=0.645  acc[c2]=0.604 | auc[c0]=0.668  auc[c1]=0.533  auc[c2]=0.649 | macroAUC=0.617
  ↳ saved best to /project/aip-medilab/ewillis/pca_contrastive/mri_model_medsam_finetune_2D/results/ckpt_best.pt (macro-F1=0.0677)
[002] train: loss 0.8721 acc 0.2529 f1 0.2386 | val: loss 1.6101 acc 0.1315 f1 0.1197 | acc[c0]=0.090  acc[c1]=0.613  acc[c2]=0.582 | auc[c0]=0.695  auc[c1]=0.639  auc[c2]=0.615 | macroAUC=0.650
  ↳ saved best to /project/aip-medilab/ewillis/pca_contrastive/mri_model_medsam_finetune_2D/results/ckpt_best.pt (macro-F1=0.1197)
[003] train: loss 0.8366 acc 0.2878 f1 0.2739 | val: loss 2.2430 acc 0.0667 f1 0.0703 | acc[c0]=0.039  acc[c1]=0.275  acc[c2]=0.802 | auc[c0]=0.688  auc[c1]=0.491  auc[c2]=0.627 | macroAUC=0.602
[004] train: loss 0.8023 acc 0.3136 f1 0.2976 | val: loss 1.9352 acc 0.1021 f1 0.0976 | acc[c0]=0.066  acc[c1]=0.497  acc[c2]=0.604 | auc[c0]=0.708  auc[c1]=0.597  auc[c2]=0.579 | macroAUC=0.628
[005] train: loss 0.7719 acc 0.3188 f1 0.3050 | val: loss 1.6828 acc 0.1149 f1 0.1014 | acc[c0]=0.072  acc[c1]=0.659  acc[c2]=0.396 | auc[c0]=0.711  auc[c1]=0.619  auc[c2]=0.553 | macroAUC=0.628
[006] train: loss 0.6911 acc 0.3641 f1 0.3537 | val: loss 1.4415 acc 0.3202 f1 0.2161 | acc[c0]=0.301  acc[c1]=0.584  acc[c2]=0.374 | auc[c0]=0.705  auc[c1]=0.607  auc[c2]=0.590 | macroAUC=0.634
  ↳ saved best to /project/aip-medilab/ewillis/pca_contrastive/mri_model_medsam_finetune_2D/results/ckpt_best.pt (macro-F1=0.2161)
[007] train: loss 0.6644 acc 0.4033 f1 0.3938 | val: loss 1.5454 acc 0.2561 f1 0.1862 | acc[c0]=0.227  acc[c1]=0.630  acc[c2]=0.440 | auc[c0]=0.713  auc[c1]=0.611  auc[c2]=0.611 | macroAUC=0.645
[008] train: loss 0.6048 acc 0.4305 f1 0.4225 | val: loss 1.5317 acc 0.2592 f1 0.1840 | acc[c0]=0.227  acc[c1]=0.728  acc[c2]=0.275 | auc[c0]=0.693  auc[c1]=0.611  auc[c2]=0.598 | macroAUC=0.634
[009] train: loss 0.5449 acc 0.4752 f1 0.4723 | val: loss 1.5179 acc 0.2953 f1 0.2047 | acc[c0]=0.263  acc[c1]=0.775  acc[c2]=0.253 | auc[c0]=0.718  auc[c1]=0.642  auc[c2]=0.586 | macroAUC=0.648
[010] train: loss 0.4640 acc 0.5170 f1 0.5144 | val: loss 1.4811 acc 0.3618 f1 0.2334 | acc[c0]=0.336  acc[c1]=0.786  acc[c2]=0.165 | auc[c0]=0.704  auc[c1]=0.663  auc[c2]=0.540 | macroAUC=0.635
  ↳ saved best to /project/aip-medilab/ewillis/pca_contrastive/mri_model_medsam_finetune_2D/results/ckpt_best.pt (macro-F1=0.2334)
[011] train: loss 0.4124 acc 0.5701 f1 0.5691 | val: loss 1.3677 acc 0.4208 f1 0.2622 | acc[c0]=0.403  acc[c1]=0.740  acc[c2]=0.209 | auc[c0]=0.716  auc[c1]=0.679  auc[c2]=0.573 | macroAUC=0.656
  ↳ saved best to /project/aip-medilab/ewillis/pca_contrastive/mri_model_medsam_finetune_2D/results/ckpt_best.pt (macro-F1=0.2622)
[012] train: loss 0.3562 acc 0.6104 f1 0.6090 | val: loss 1.4385 acc 0.4535 f1 0.2761 | acc[c0]=0.447  acc[c1]=0.578  acc[c2]=0.341 | auc[c0]=0.708  auc[c1]=0.626  auc[c2]=0.615 | macroAUC=0.650
  ↳ saved best to /project/aip-medilab/ewillis/pca_contrastive/mri_model_medsam_finetune_2D/results/ckpt_best.pt (macro-F1=0.2761)
[013] train: loss 0.2931 acc 0.6351 f1 0.6354 | val: loss 1.3891 acc 0.4886 f1 0.2868 | acc[c0]=0.484  acc[c1]=0.627  acc[c2]=0.209 | auc[c0]=0.711  auc[c1]=0.665  auc[c2]=0.568 | macroAUC=0.648
  ↳ saved best to /project/aip-medilab/ewillis/pca_contrastive/mri_model_medsam_finetune_2D/results/ckpt_best.pt (macro-F1=0.2868)
[014] train: loss 0.2358 acc 0.6973 f1 0.6972 | val: loss 1.3417 acc 0.5799 f1 0.3192 | acc[c0]=0.595  acc[c1]=0.434  acc[c2]=0.319 | auc[c0]=0.697  auc[c1]=0.632  auc[c2]=0.645 | macroAUC=0.658
  ↳ saved best to /project/aip-medilab/ewillis/pca_contrastive/mri_model_medsam_finetune_2D/results/ckpt_best.pt (macro-F1=0.3192)
[015] train: loss 0.2059 acc 0.7416 f1 0.7348 | val: loss 1.1501 acc 0.7063 f1 0.3600 | acc[c0]=0.734  acc[c1]=0.448  acc[c2]=0.132 | auc[c0]=0.692  auc[c1]=0.692  auc[c2]=0.569 | macroAUC=0.651
  ↳ saved best to /project/aip-medilab/ewillis/pca_contrastive/mri_model_medsam_finetune_2D/results/ckpt_best.pt (macro-F1=0.3600)
[016] train: loss 0.1779 acc 0.7683 f1 0.7625 | val: loss 1.2804 acc 0.6329 f1 0.3406 | acc[c0]=0.647  acc[c1]=0.546  acc[c2]=0.165 | auc[c0]=0.699  auc[c1]=0.677  auc[c2]=0.562 | macroAUC=0.646
[017] train: loss 0.1451 acc 0.8020 f1 0.7963 | val: loss 1.2461 acc 0.7147 f1 0.3690 | acc[c0]=0.744  acc[c1]=0.425  acc[c2]=0.198 | auc[c0]=0.712  auc[c1]=0.687  auc[c2]=0.623 | macroAUC=0.674
  ↳ saved best to /project/aip-medilab/ewillis/pca_contrastive/mri_model_medsam_finetune_2D/results/ckpt_best.pt (macro-F1=0.3690)
[018] train: loss 0.1317 acc 0.8245 f1 0.8180 | val: loss 1.3526 acc 0.6975 f1 0.3592 | acc[c0]=0.725  acc[c1]=0.439  acc[c2]=0.165 | auc[c0]=0.714  auc[c1]=0.684  auc[c2]=0.600 | macroAUC=0.666
[019] train: loss 0.1100 acc 0.8542 f1 0.8445 | val: loss 1.4221 acc 0.7304 f1 0.3646 | acc[c0]=0.765  acc[c1]=0.382  acc[c2]=0.143 | auc[c0]=0.712  auc[c1]=0.684  auc[c2]=0.616 | macroAUC=0.671
slurmstepd: error: *** STEP 1188708.0 ON kn005 CANCELLED AT 2025-10-04T06:48:36 DUE TO TIME LIMIT ***
slurmstepd: error: *** JOB 1188708 ON kn005 CANCELLED AT 2025-10-04T06:48:36 DUE TO TIME LIMIT ***
srun: Job step aborted: Waiting up to 32 seconds for job step to finish.
