Host: kn044
/project/6106383/ewillis/pca_contrastive/venv/bin/python
Python 3.11.4
Sun Oct  5 14:26:13 2025       
+-----------------------------------------------------------------------------------------+
| NVIDIA-SMI 570.148.08             Driver Version: 570.148.08     CUDA Version: 12.8     |
|-----------------------------------------+------------------------+----------------------+
| GPU  Name                 Persistence-M | Bus-Id          Disp.A | Volatile Uncorr. ECC |
| Fan  Temp   Perf          Pwr:Usage/Cap |           Memory-Usage | GPU-Util  Compute M. |
|                                         |                        |               MIG M. |
|=========================================+========================+======================|
|   0  NVIDIA L40S                    On  |   00000000:17:00.0 Off |                    0 |
| N/A   53C    P8             40W /  350W |       0MiB /  46068MiB |      0%      Default |
|                                         |                        |                  N/A |
+-----------------------------------------+------------------------+----------------------+
                                                                                         
+-----------------------------------------------------------------------------------------+
| Processes:                                                                              |
|  GPU   GI   CI              PID   Type   Process name                        GPU Memory |
|        ID   ID                                                               Usage      |
|=========================================================================================|
|  No running processes found                                                             |
+-----------------------------------------------------------------------------------------+
[001] train: loss 0.9097 acc 0.2117 f1 0.1962 | val: loss 1.8323 acc 0.0541 f1 0.0608 | acc[c0]=0.001  acc[c1]=0.746  acc[c2]=0.385 | auc[c0]=0.704  auc[c1]=0.669  auc[c2]=0.477 | macroAUC=0.617
Confusion matrix (val): rows=true, cols=pred
true\pred  ISUP01  ISUP23  ISUP45
   ISUP01       3    2697    2338
   ISUP23       0     258      88
   ISUP45       0      56      35
  ↳ saved best to /project/aip-medilab/ewillis/pca_contrastive/mri_model_medsam_finetune_2D/results/ckpt_best.pt (macro-F1=0.0608)
[002] train: loss 0.8337 acc 0.2637 f1 0.2447 | val: loss 1.7293 acc 0.1032 f1 0.0955 | acc[c0]=0.054  acc[c1]=0.746  acc[c2]=0.374 | auc[c0]=0.721  auc[c1]=0.670  auc[c2]=0.531 | macroAUC=0.641
Confusion matrix (val): rows=true, cols=pred
true\pred  ISUP01  ISUP23  ISUP45
   ISUP01     273    2693    2072
   ISUP23       4     258      84
   ISUP45       1      56      34
  ↳ saved best to /project/aip-medilab/ewillis/pca_contrastive/mri_model_medsam_finetune_2D/results/ckpt_best.pt (macro-F1=0.0955)
[003] train: loss 0.7656 acc 0.3221 f1 0.3065 | val: loss 1.4395 acc 0.2469 f1 0.1818 | acc[c0]=0.215  acc[c1]=0.673  acc[c2]=0.374 | auc[c0]=0.719  auc[c1]=0.648  auc[c2]=0.547 | macroAUC=0.638
Confusion matrix (val): rows=true, cols=pred
true\pred  ISUP01  ISUP23  ISUP45
   ISUP01    1085    2394    1559
   ISUP23      20     233      93
   ISUP45       8      49      34
  ↳ saved best to /project/aip-medilab/ewillis/pca_contrastive/mri_model_medsam_finetune_2D/results/ckpt_best.pt (macro-F1=0.1818)
[004] train: loss 0.7266 acc 0.3801 f1 0.3643 | val: loss 1.3824 acc 0.3092 f1 0.2137 | acc[c0]=0.284  acc[c1]=0.665  acc[c2]=0.363 | auc[c0]=0.744  auc[c1]=0.659  auc[c2]=0.587 | macroAUC=0.663
Confusion matrix (val): rows=true, cols=pred
true\pred  ISUP01  ISUP23  ISUP45
   ISUP01    1430    2279    1329
   ISUP23      21     230      95
   ISUP45       5      53      33
  ↳ saved best to /project/aip-medilab/ewillis/pca_contrastive/mri_model_medsam_finetune_2D/results/ckpt_best.pt (macro-F1=0.2137)
[005] train: loss 0.6486 acc 0.4272 f1 0.4152 | val: loss 1.5972 acc 0.2351 f1 0.1762 | acc[c0]=0.203  acc[c1]=0.662  acc[c2]=0.385 | auc[c0]=0.723  auc[c1]=0.663  auc[c2]=0.537 | macroAUC=0.641
Confusion matrix (val): rows=true, cols=pred
true\pred  ISUP01  ISUP23  ISUP45
   ISUP01    1023    2293    1722
   ISUP23      29     229      88
   ISUP45       3      53      35
[006] train: loss 0.5524 acc 0.4877 f1 0.4787 | val: loss 1.2725 acc 0.4398 f1 0.2712 | acc[c0]=0.427  acc[c1]=0.679  acc[c2]=0.253 | auc[c0]=0.737  auc[c1]=0.684  auc[c2]=0.554 | macroAUC=0.659
Confusion matrix (val): rows=true, cols=pred
true\pred  ISUP01  ISUP23  ISUP45
   ISUP01    2150    2038     850
   ISUP23      52     235      59
   ISUP45       9      59      23
  ↳ saved best to /project/aip-medilab/ewillis/pca_contrastive/mri_model_medsam_finetune_2D/results/ckpt_best.pt (macro-F1=0.2712)
[007] train: loss 0.5043 acc 0.5319 f1 0.5223 | val: loss 1.5494 acc 0.3224 f1 0.2192 | acc[c0]=0.296  acc[c1]=0.708  acc[c2]=0.330 | auc[c0]=0.713  auc[c1]=0.651  auc[c2]=0.599 | macroAUC=0.654
Confusion matrix (val): rows=true, cols=pred
true\pred  ISUP01  ISUP23  ISUP45
   ISUP01    1490    2674     874
   ISUP23      38     245      63
   ISUP45       6      55      30
[008] train: loss 0.4230 acc 0.5701 f1 0.5666 | val: loss 1.3009 acc 0.4899 f1 0.2938 | acc[c0]=0.481  acc[c1]=0.682  acc[c2]=0.253 | auc[c0]=0.747  auc[c1]=0.704  auc[c2]=0.568 | macroAUC=0.673
Confusion matrix (val): rows=true, cols=pred
true\pred  ISUP01  ISUP23  ISUP45
   ISUP01    2423    2009     606
   ISUP23      52     236      58
   ISUP45      13      55      23
  ↳ saved best to /project/aip-medilab/ewillis/pca_contrastive/mri_model_medsam_finetune_2D/results/ckpt_best.pt (macro-F1=0.2938)
[009] train: loss 0.3574 acc 0.6184 f1 0.6123 | val: loss 1.2794 acc 0.5359 f1 0.3131 | acc[c0]=0.532  acc[c1]=0.671  acc[c2]=0.242 | auc[c0]=0.743  auc[c1]=0.698  auc[c2]=0.583 | macroAUC=0.675
Confusion matrix (val): rows=true, cols=pred
true\pred  ISUP01  ISUP23  ISUP45
   ISUP01    2680    1798     560
   ISUP23      65     232      49
   ISUP45      21      48      22
  ↳ saved best to /project/aip-medilab/ewillis/pca_contrastive/mri_model_medsam_finetune_2D/results/ckpt_best.pt (macro-F1=0.3131)
[010] train: loss 0.2952 acc 0.6623 f1 0.6557 | val: loss 1.3403 acc 0.5523 f1 0.3189 | acc[c0]=0.554  acc[c1]=0.604  acc[c2]=0.286 | auc[c0]=0.737  auc[c1]=0.669  auc[c2]=0.624 | macroAUC=0.677
Confusion matrix (val): rows=true, cols=pred
true\pred  ISUP01  ISUP23  ISUP45
   ISUP01    2789    1648     601
   ISUP23      78     209      59
   ISUP45      18      47      26
  ↳ saved best to /project/aip-medilab/ewillis/pca_contrastive/mri_model_medsam_finetune_2D/results/ckpt_best.pt (macro-F1=0.3189)
[011] train: loss 0.2343 acc 0.7095 f1 0.7047 | val: loss 1.3735 acc 0.6093 f1 0.3454 | acc[c0]=0.616  acc[c1]=0.598  acc[c2]=0.297 | auc[c0]=0.740  auc[c1]=0.702  auc[c2]=0.606 | macroAUC=0.683
Confusion matrix (val): rows=true, cols=pred
true\pred  ISUP01  ISUP23  ISUP45
   ISUP01    3102    1388     548
   ISUP23      92     207      47
   ISUP45      21      43      27
  ↳ saved best to /project/aip-medilab/ewillis/pca_contrastive/mri_model_medsam_finetune_2D/results/ckpt_best.pt (macro-F1=0.3454)
[012] train: loss 0.2095 acc 0.7399 f1 0.7365 | val: loss 1.1878 acc 0.6877 f1 0.3711 | acc[c0]=0.707  acc[c1]=0.526  acc[c2]=0.220 | auc[c0]=0.751  auc[c1]=0.687  auc[c2]=0.656 | macroAUC=0.698
Confusion matrix (val): rows=true, cols=pred
true\pred  ISUP01  ISUP23  ISUP45
   ISUP01    3563    1203     272
   ISUP23     118     182      46
   ISUP45      30      41      20
  ↳ saved best to /project/aip-medilab/ewillis/pca_contrastive/mri_model_medsam_finetune_2D/results/ckpt_best.pt (macro-F1=0.3711)
[013] train: loss 0.1681 acc 0.7853 f1 0.7798 | val: loss 1.2815 acc 0.6873 f1 0.3645 | acc[c0]=0.707  acc[c1]=0.543  acc[c2]=0.143 | auc[c0]=0.733  auc[c1]=0.693  auc[c2]=0.627 | macroAUC=0.684
Confusion matrix (val): rows=true, cols=pred
true\pred  ISUP01  ISUP23  ISUP45
   ISUP01    3562    1274     202
   ISUP23     127     188      31
   ISUP45      38      40      13
[014] train: loss 0.1483 acc 0.8104 f1 0.8041 | val: loss 1.3551 acc 0.7405 f1 0.3868 | acc[c0]=0.771  acc[c1]=0.431  acc[c2]=0.231 | auc[c0]=0.729  auc[c1]=0.677  auc[c2]=0.654 | macroAUC=0.686
Confusion matrix (val): rows=true, cols=pred
true\pred  ISUP01  ISUP23  ISUP45
   ISUP01    3884     851     303
   ISUP23     154     149      43
   ISUP45      38      32      21
  ↳ saved best to /project/aip-medilab/ewillis/pca_contrastive/mri_model_medsam_finetune_2D/results/ckpt_best.pt (macro-F1=0.3868)
[015] train: loss 0.1229 acc 0.8404 f1 0.8321 | val: loss 1.3605 acc 0.7646 f1 0.3981 | acc[c0]=0.798  acc[c1]=0.425  acc[c2]=0.209 | auc[c0]=0.736  auc[c1]=0.682  auc[c2]=0.666 | macroAUC=0.695
Confusion matrix (val): rows=true, cols=pred
true\pred  ISUP01  ISUP23  ISUP45
   ISUP01    4020     795     223
   ISUP23     165     147      34
   ISUP45      40      32      19
  ↳ saved best to /project/aip-medilab/ewillis/pca_contrastive/mri_model_medsam_finetune_2D/results/ckpt_best.pt (macro-F1=0.3981)
[016] train: loss 0.1078 acc 0.8605 f1 0.8521 | val: loss 1.4342 acc 0.7569 f1 0.3930 | acc[c0]=0.790  acc[c1]=0.431  acc[c2]=0.187 | auc[c0]=0.729  auc[c1]=0.691  auc[c2]=0.639 | macroAUC=0.686
Confusion matrix (val): rows=true, cols=pred
true\pred  ISUP01  ISUP23  ISUP45
   ISUP01    3978     867     193
   ISUP23     167     149      30
   ISUP45      44      30      17
[017] train: loss 0.0921 acc 0.8827 f1 0.8732 | val: loss 1.4476 acc 0.8046 f1 0.4030 | acc[c0]=0.848  acc[c1]=0.344  acc[c2]=0.165 | auc[c0]=0.715  auc[c1]=0.679  auc[c2]=0.636 | macroAUC=0.677
Confusion matrix (val): rows=true, cols=pred
true\pred  ISUP01  ISUP23  ISUP45
   ISUP01    4271     570     197
   ISUP23     197     119      30
   ISUP45      57      19      15
  ↳ saved best to /project/aip-medilab/ewillis/pca_contrastive/mri_model_medsam_finetune_2D/results/ckpt_best.pt (macro-F1=0.4030)
[018] train: loss 0.0805 acc 0.8992 f1 0.8914 | val: loss 1.5402 acc 0.7598 f1 0.3899 | acc[c0]=0.793  acc[c1]=0.448  acc[c2]=0.132 | auc[c0]=0.718  auc[c1]=0.678  auc[c2]=0.634 | macroAUC=0.677
Confusion matrix (val): rows=true, cols=pred
true\pred  ISUP01  ISUP23  ISUP45
   ISUP01    3993     910     135
   ISUP23     165     155      26
   ISUP45      47      32      12
[019] train: loss 0.0695 acc 0.9115 f1 0.9040 | val: loss 1.6571 acc 0.8152 f1 0.3965 | acc[c0]=0.862  acc[c1]=0.309  acc[c2]=0.121 | auc[c0]=0.701  auc[c1]=0.666  auc[c2]=0.638 | macroAUC=0.669
Confusion matrix (val): rows=true, cols=pred
true\pred  ISUP01  ISUP23  ISUP45
   ISUP01    4345     546     147
   ISUP23     211     107      28
   ISUP45      59      21      11
[020] train: loss 0.0578 acc 0.9291 f1 0.9212 | val: loss 1.6608 acc 0.8203 f1 0.4149 | acc[c0]=0.864  acc[c1]=0.353  acc[c2]=0.154 | auc[c0]=0.721  auc[c1]=0.697  auc[c2]=0.637 | macroAUC=0.685
Confusion matrix (val): rows=true, cols=pred
true\pred  ISUP01  ISUP23  ISUP45
   ISUP01    4355     541     142
   ISUP23     208     122      16
   ISUP45      51      26      14
  ↳ saved best to /project/aip-medilab/ewillis/pca_contrastive/mri_model_medsam_finetune_2D/results/ckpt_best.pt (macro-F1=0.4149)
[021] train: loss 0.0566 acc 0.9373 f1 0.9305 | val: loss 1.8264 acc 0.8395 f1 0.4041 | acc[c0]=0.892  acc[c1]=0.266  acc[c2]=0.121 | auc[c0]=0.708  auc[c1]=0.677  auc[c2]=0.653 | macroAUC=0.679
Confusion matrix (val): rows=true, cols=pred
true\pred  ISUP01  ISUP23  ISUP45
   ISUP01    4493     419     126
   ISUP23     229      92      25
   ISUP45      63      17      11
[022] train: loss 0.0507 acc 0.9422 f1 0.9358 | val: loss 1.9822 acc 0.8382 f1 0.4123 | acc[c0]=0.890  acc[c1]=0.260  acc[c2]=0.187 | auc[c0]=0.720  auc[c1]=0.676  auc[c2]=0.663 | macroAUC=0.686
Confusion matrix (val): rows=true, cols=pred
true\pred  ISUP01  ISUP23  ISUP45
   ISUP01    4482     365     191
   ISUP23     222      90      34
   ISUP45      56      18      17
[023] train: loss 0.0468 acc 0.9479 f1 0.9396 | val: loss 2.0386 acc 0.8426 f1 0.4040 | acc[c0]=0.897  acc[c1]=0.231  acc[c2]=0.154 | auc[c0]=0.730  auc[c1]=0.687  auc[c2]=0.669 | macroAUC=0.695
Confusion matrix (val): rows=true, cols=pred
true\pred  ISUP01  ISUP23  ISUP45
   ISUP01    4519     361     158
   ISUP23     237      80      29
   ISUP45      59      18      14
[024] train: loss 0.0432 acc 0.9566 f1 0.9493 | val: loss 2.0450 acc 0.8493 f1 0.4030 | acc[c0]=0.904  acc[c1]=0.251  acc[c2]=0.099 | auc[c0]=0.718  auc[c1]=0.684  auc[c2]=0.659 | macroAUC=0.687
Confusion matrix (val): rows=true, cols=pred
true\pred  ISUP01  ISUP23  ISUP45
   ISUP01    4554     377     107
   ISUP23     234      87      25
   ISUP45      66      16       9
[025] train: loss 0.0339 acc 0.9629 f1 0.9572 | val: loss 2.2580 acc 0.8572 f1 0.4032 | acc[c0]=0.914  acc[c1]=0.223  acc[c2]=0.099 | auc[c0]=0.709  auc[c1]=0.680  auc[c2]=0.663 | macroAUC=0.684
Confusion matrix (val): rows=true, cols=pred
true\pred  ISUP01  ISUP23  ISUP45
   ISUP01    4607     350      81
   ISUP23     249      77      20
   ISUP45      64      18       9
[026] train: loss 0.0331 acc 0.9653 f1 0.9602 | val: loss 2.2365 acc 0.8532 f1 0.4095 | acc[c0]=0.908  acc[c1]=0.246  acc[c2]=0.121 | auc[c0]=0.725  auc[c1]=0.692  auc[c2]=0.674 | macroAUC=0.697
Confusion matrix (val): rows=true, cols=pred
true\pred  ISUP01  ISUP23  ISUP45
   ISUP01    4575     358     105
   ISUP23     235      85      26
   ISUP45      62      18      11
[027] train: loss 0.0263 acc 0.9712 f1 0.9664 | val: loss 2.4070 acc 0.8645 f1 0.4138 | acc[c0]=0.923  acc[c1]=0.205  acc[c2]=0.132 | auc[c0]=0.714  auc[c1]=0.689  auc[c2]=0.667 | macroAUC=0.690
Confusion matrix (val): rows=true, cols=pred
true\pred  ISUP01  ISUP23  ISUP45
   ISUP01    4650     313      75
   ISUP23     254      71      21
   ISUP45      69      10      12
[028] train: loss 0.0294 acc 0.9729 f1 0.9684 | val: loss 2.5414 acc 0.8612 f1 0.4123 | acc[c0]=0.919  acc[c1]=0.214  acc[c2]=0.132 | auc[c0]=0.717  auc[c1]=0.683  auc[c2]=0.665 | macroAUC=0.688
Confusion matrix (val): rows=true, cols=pred
true\pred  ISUP01  ISUP23  ISUP45
   ISUP01    4629     326      83
   ISUP23     248      74      24
   ISUP45      66      13      12
[029] train: loss 0.0229 acc 0.9777 f1 0.9747 | val: loss 2.5598 acc 0.8614 f1 0.4100 | acc[c0]=0.919  acc[c1]=0.217  acc[c2]=0.121 | auc[c0]=0.717  auc[c1]=0.679  auc[c2]=0.671 | macroAUC=0.689
Confusion matrix (val): rows=true, cols=pred
true\pred  ISUP01  ISUP23  ISUP45
   ISUP01    4630     313      95
   ISUP23     252      75      19
   ISUP45      68      12      11
[030] train: loss 0.0188 acc 0.9801 f1 0.9762 | val: loss 2.5360 acc 0.8617 f1 0.4141 | acc[c0]=0.918  acc[c1]=0.234  acc[c2]=0.121 | auc[c0]=0.728  auc[c1]=0.693  auc[c2]=0.695 | macroAUC=0.705
Confusion matrix (val): rows=true, cols=pred
true\pred  ISUP01  ISUP23  ISUP45
   ISUP01    4626     327      85
   ISUP23     241      81      24
   ISUP45      62      18      11
[031] train: loss 0.0239 acc 0.9790 f1 0.9752 | val: loss 2.7991 acc 0.8647 f1 0.4022 | acc[c0]=0.925  acc[c1]=0.182  acc[c2]=0.110 | auc[c0]=0.716  auc[c1]=0.679  auc[c2]=0.683 | macroAUC=0.693
Confusion matrix (val): rows=true, cols=pred
true\pred  ISUP01  ISUP23  ISUP45
   ISUP01    4661     303      74
   ISUP23     265      63      18
   ISUP45      68      13      10
[032] train: loss 0.0183 acc 0.9814 f1 0.9776 | val: loss 2.9195 acc 0.8769 f1 0.4059 | acc[c0]=0.938  acc[c1]=0.194  acc[c2]=0.077 | auc[c0]=0.727  auc[c1]=0.691  auc[c2]=0.659 | macroAUC=0.692
Confusion matrix (val): rows=true, cols=pred
true\pred  ISUP01  ISUP23  ISUP45
   ISUP01    4727     257      54
   ISUP23     269      67      10
   ISUP45      68      16       7
[033] train: loss 0.0209 acc 0.9820 f1 0.9782 | val: loss 2.7546 acc 0.8431 f1 0.3984 | acc[c0]=0.897  acc[c1]=0.257  acc[c2]=0.088 | auc[c0]=0.705  auc[c1]=0.674  auc[c2]=0.655 | macroAUC=0.678
Confusion matrix (val): rows=true, cols=pred
true\pred  ISUP01  ISUP23  ISUP45
   ISUP01    4519     434      85
   ISUP23     237      89      20
   ISUP45      61      22       8
[034] train: loss 0.0232 acc 0.9841 f1 0.9812 | val: loss 2.9894 acc 0.8672 f1 0.4047 | acc[c0]=0.927  acc[c1]=0.199  acc[c2]=0.099 | auc[c0]=0.713  auc[c1]=0.683  auc[c2]=0.656 | macroAUC=0.684
Confusion matrix (val): rows=true, cols=pred
true\pred  ISUP01  ISUP23  ISUP45
   ISUP01    4670     291      77
   ISUP23     256      69      21
   ISUP45      71      11       9
[035] train: loss 0.0244 acc 0.9848 f1 0.9818 | val: loss 3.1138 acc 0.8707 f1 0.4035 | acc[c0]=0.932  acc[c1]=0.179  acc[c2]=0.110 | auc[c0]=0.713  auc[c1]=0.683  auc[c2]=0.678 | macroAUC=0.691
Confusion matrix (val): rows=true, cols=pred
true\pred  ISUP01  ISUP23  ISUP45
   ISUP01    4695     246      97
   ISUP23     261      62      23
   ISUP45      73       8      10
[036] train: loss 0.0189 acc 0.9865 f1 0.9833 | val: loss 3.4341 acc 0.8795 f1 0.3932 | acc[c0]=0.945  acc[c1]=0.139  acc[c2]=0.088 | auc[c0]=0.697  auc[c1]=0.664  auc[c2]=0.655 | macroAUC=0.672
Confusion matrix (val): rows=true, cols=pred
true\pred  ISUP01  ISUP23  ISUP45
   ISUP01    4759     208      71
   ISUP23     279      48      19
   ISUP45      74       9       8
[037] train: loss 0.0184 acc 0.9876 f1 0.9859 | val: loss 3.2956 acc 0.8789 f1 0.4019 | acc[c0]=0.941  acc[c1]=0.179  acc[c2]=0.077 | auc[c0]=0.712  auc[c1]=0.681  auc[c2]=0.671 | macroAUC=0.688
Confusion matrix (val): rows=true, cols=pred
true\pred  ISUP01  ISUP23  ISUP45
   ISUP01    4743     225      70
   ISUP23     265      62      19
   ISUP45      77       7       7
[038] train: loss 0.0140 acc 0.9879 f1 0.9859 | val: loss 3.2642 acc 0.8742 f1 0.4020 | acc[c0]=0.935  acc[c1]=0.194  acc[c2]=0.077 | auc[c0]=0.710  auc[c1]=0.679  auc[c2]=0.669 | macroAUC=0.686
Confusion matrix (val): rows=true, cols=pred
true\pred  ISUP01  ISUP23  ISUP45
   ISUP01    4712     248      78
   ISUP23     259      67      20
   ISUP45      75       9       7
[039] train: loss 0.0160 acc 0.9891 f1 0.9873 | val: loss 3.3649 acc 0.8787 f1 0.3979 | acc[c0]=0.942  acc[c1]=0.176  acc[c2]=0.066 | auc[c0]=0.712  auc[c1]=0.683  auc[c2]=0.661 | macroAUC=0.686
Confusion matrix (val): rows=true, cols=pred
true\pred  ISUP01  ISUP23  ISUP45
   ISUP01    4744     240      54
   ISUP23     268      61      17
   ISUP45      73      12       6
[040] train: loss 0.0199 acc 0.9870 f1 0.9845 | val: loss 3.5942 acc 0.8712 f1 0.3985 | acc[c0]=0.934  acc[c1]=0.142  acc[c2]=0.143 | auc[c0]=0.694  auc[c1]=0.664  auc[c2]=0.670 | macroAUC=0.676
Confusion matrix (val): rows=true, cols=pred
true\pred  ISUP01  ISUP23  ISUP45
   ISUP01    4708     209     121
   ISUP23     266      49      31
   ISUP45      69       9      13
[041] train: loss 0.0115 acc 0.9895 f1 0.9879 | val: loss 3.5855 acc 0.8698 f1 0.4015 | acc[c0]=0.931  acc[c1]=0.179  acc[c2]=0.099 | auc[c0]=0.699  auc[c1]=0.670  auc[c2]=0.645 | macroAUC=0.671
Confusion matrix (val): rows=true, cols=pred
true\pred  ISUP01  ISUP23  ISUP45
   ISUP01    4691     268      79
   ISUP23     269      62      15
   ISUP45      67      15       9
[042] train: loss 0.0168 acc 0.9903 f1 0.9881 | val: loss 3.6254 acc 0.8762 f1 0.3931 | acc[c0]=0.939  acc[c1]=0.168  acc[c2]=0.066 | auc[c0]=0.702  auc[c1]=0.682  auc[c2]=0.645 | macroAUC=0.676
Confusion matrix (val): rows=true, cols=pred
true\pred  ISUP01  ISUP23  ISUP45
   ISUP01    4733     232      73
   ISUP23     269      58      19
   ISUP45      77       8       6
[043] train: loss 0.0162 acc 0.9899 f1 0.9882 | val: loss 3.7088 acc 0.8891 f1 0.4055 | acc[c0]=0.953  acc[c1]=0.176  acc[c2]=0.066 | auc[c0]=0.691  auc[c1]=0.668  auc[c2]=0.655 | macroAUC=0.671
Confusion matrix (val): rows=true, cols=pred
true\pred  ISUP01  ISUP23  ISUP45
   ISUP01    4801     188      49
   ISUP23     266      61      19
   ISUP45      71      14       6
[044] train: loss 0.0134 acc 0.9903 f1 0.9877 | val: loss 4.0912 acc 0.8893 f1 0.3925 | acc[c0]=0.957  acc[c1]=0.124  acc[c2]=0.077 | auc[c0]=0.684  auc[c1]=0.663  auc[c2]=0.607 | macroAUC=0.651
Confusion matrix (val): rows=true, cols=pred
true\pred  ISUP01  ISUP23  ISUP45
   ISUP01    4819     153      66
   ISUP23     287      43      16
   ISUP45      78       6       7
[045] train: loss 0.0128 acc 0.9919 f1 0.9896 | val: loss 3.6516 acc 0.8716 f1 0.3937 | acc[c0]=0.934  acc[c1]=0.173  acc[c2]=0.077 | auc[c0]=0.712  auc[c1]=0.684  auc[c2]=0.634 | macroAUC=0.677
Confusion matrix (val): rows=true, cols=pred
true\pred  ISUP01  ISUP23  ISUP45
   ISUP01    4705     238      95
   ISUP23     261      60      25
   ISUP45      73      11       7
[046] train: loss 0.0104 acc 0.9922 f1 0.9909 | val: loss 3.8717 acc 0.8831 f1 0.4044 | acc[c0]=0.947  acc[c1]=0.156  acc[c2]=0.099 | auc[c0]=0.699  auc[c1]=0.672  auc[c2]=0.660 | macroAUC=0.677
Confusion matrix (val): rows=true, cols=pred
true\pred  ISUP01  ISUP23  ISUP45
   ISUP01    4772     196      70
   ISUP23     272      54      20
   ISUP45      74       8       9
[047] train: loss 0.0085 acc 0.9925 f1 0.9913 | val: loss 3.9267 acc 0.8831 f1 0.4105 | acc[c0]=0.946  acc[c1]=0.165  acc[c2]=0.110 | auc[c0]=0.712  auc[c1]=0.684  auc[c2]=0.675 | macroAUC=0.690
Confusion matrix (val): rows=true, cols=pred
true\pred  ISUP01  ISUP23  ISUP45
   ISUP01    4768     199      71
   ISUP23     270      57      19
   ISUP45      74       7      10
[048] train: loss 0.0144 acc 0.9909 f1 0.9887 | val: loss 3.7735 acc 0.8815 f1 0.4046 | acc[c0]=0.944  acc[c1]=0.179  acc[c2]=0.077 | auc[c0]=0.709  auc[c1]=0.691  auc[c2]=0.677 | macroAUC=0.692
Confusion matrix (val): rows=true, cols=pred
true\pred  ISUP01  ISUP23  ISUP45
   ISUP01    4757     230      51
   ISUP23     267      62      17
   ISUP45      71      13       7
[049] train: loss 0.0125 acc 0.9920 f1 0.9903 | val: loss 4.1267 acc 0.8879 f1 0.3997 | acc[c0]=0.953  acc[c1]=0.150  acc[c2]=0.077 | auc[c0]=0.688  auc[c1]=0.670  auc[c2]=0.647 | macroAUC=0.668
Confusion matrix (val): rows=true, cols=pred
true\pred  ISUP01  ISUP23  ISUP45
   ISUP01    4802     168      68
   ISUP23     276      52      18
   ISUP45      74      10       7
[050] train: loss 0.0110 acc 0.9921 f1 0.9909 | val: loss 4.1233 acc 0.8864 f1 0.4016 | acc[c0]=0.952  acc[c1]=0.139  acc[c2]=0.099 | auc[c0]=0.694  auc[c1]=0.676  auc[c2]=0.658 | macroAUC=0.676
Confusion matrix (val): rows=true, cols=pred
true\pred  ISUP01  ISUP23  ISUP45
   ISUP01    4796     178      64
   ISUP23     278      48      20
   ISUP45      73       9       9
[051] train: loss 0.0115 acc 0.9923 f1 0.9908 | val: loss 3.8954 acc 0.8862 f1 0.3995 | acc[c0]=0.951  acc[c1]=0.150  acc[c2]=0.077 | auc[c0]=0.701  auc[c1]=0.684  auc[c2]=0.666 | macroAUC=0.683
Confusion matrix (val): rows=true, cols=pred
true\pred  ISUP01  ISUP23  ISUP45
   ISUP01    4793     194      51
   ISUP23     275      52      19
   ISUP45      78       6       7
[052] train: loss 0.0113 acc 0.9933 f1 0.9917 | val: loss 4.3987 acc 0.8900 f1 0.4011 | acc[c0]=0.956  acc[c1]=0.147  acc[c2]=0.077 | auc[c0]=0.693  auc[c1]=0.679  auc[c2]=0.664 | macroAUC=0.679
Confusion matrix (val): rows=true, cols=pred
true\pred  ISUP01  ISUP23  ISUP45
   ISUP01    4815     161      62
   ISUP23     278      51      17
   ISUP45      78       6       7
[053] train: loss 0.0111 acc 0.9934 f1 0.9919 | val: loss 4.2657 acc 0.8902 f1 0.4064 | acc[c0]=0.956  acc[c1]=0.150  acc[c2]=0.088 | auc[c0]=0.692  auc[c1]=0.687  auc[c2]=0.674 | macroAUC=0.684
Confusion matrix (val): rows=true, cols=pred
true\pred  ISUP01  ISUP23  ISUP45
   ISUP01    4814     160      64
   ISUP23     283      52      11
   ISUP45      77       6       8
srun: Job step aborted: Waiting up to 32 seconds for job step to finish.
slurmstepd: error: *** STEP 1195946.0 ON kn044 CANCELLED AT 2025-10-06T22:47:06 ***
slurmstepd: error: *** JOB 1195946 ON kn044 CANCELLED AT 2025-10-06T22:47:06 ***
