Host: kn081
/project/6106383/ewillis/pca_contrastive/venv/bin/python
Python 3.11.4
Wed Oct 15 01:30:41 2025       
+-----------------------------------------------------------------------------------------+
| NVIDIA-SMI 570.148.08             Driver Version: 570.148.08     CUDA Version: 12.8     |
|-----------------------------------------+------------------------+----------------------+
| GPU  Name                 Persistence-M | Bus-Id          Disp.A | Volatile Uncorr. ECC |
| Fan  Temp   Perf          Pwr:Usage/Cap |           Memory-Usage | GPU-Util  Compute M. |
|                                         |                        |               MIG M. |
|=========================================+========================+======================|
|   0  NVIDIA L40S                    On  |   00000000:65:00.0 Off |                    0 |
| N/A   28C    P8             34W /  350W |       0MiB /  46068MiB |      0%      Default |
|                                         |                        |                  N/A |
+-----------------------------------------+------------------------+----------------------+
                                                                                         
+-----------------------------------------------------------------------------------------+
| Processes:                                                                              |
|  GPU   GI   CI              PID   Type   Process name                        GPU Memory |
|        ID   ID                                                               Usage      |
|=========================================================================================|
|  No running processes found                                                             |
+-----------------------------------------------------------------------------------------+
[triplet] lr_proj=0.0003 | lr_enc=3e-05 | triplet_margin=0.2
/project/6106383/ewillis/pca_contrastive/venv/lib/python3.11/site-packages/sklearn/linear_model/_logistic.py:1272: FutureWarning: 'multi_class' was deprecated in version 1.5 and will be removed in 1.7. From then on, it will always use 'multinomial'. Leave it to its default value to avoid this warning.
  warnings.warn(
/project/6106383/ewillis/pca_contrastive/venv/lib/python3.11/site-packages/sklearn/linear_model/_logistic.py:473: ConvergenceWarning: lbfgs failed to converge after 5 iteration(s) (status=1):
STOP: TOTAL NO. OF ITERATIONS REACHED LIMIT

Increase the number of iterations to improve the convergence (max_iter=5).
You might also want to scale the data as shown in:
    https://scikit-learn.org/stable/modules/preprocessing.html
Please also refer to the documentation for alternative solver options:
    https://scikit-learn.org/stable/modules/linear_model.html#logistic-regression
  n_iter_i = _check_optimize_result(
[001] triplet: train loss 0.2205 | val loss 0.1794 || LR(val): acc 0.9037 BAL-acc 0.5149 f1 0.4703 | acc[c0]=0.941  acc[c1]=0.604  acc[c2]=0.000 | auc[c0]=0.913  auc[c1]=0.905  auc[c2]=0.893 | macroAUC=0.904
Confusion matrix (LR val): rows=true, cols=pred
true\pred  ISUP01  ISUP23  ISUP45
   ISUP01    4739     299       0
   ISUP23     137     209       0
   ISUP45      32      59       0
  ↳ new best (val BAL-acc=0.5149) saved to /project/aip-medilab/ewillis/pca_contrastive/mri_model_medsam_finetune_2D/RESULTS/run_2_full/results256/triplet_logreg_karolinska/ckpt_best.pt
/project/6106383/ewillis/pca_contrastive/venv/lib/python3.11/site-packages/sklearn/linear_model/_logistic.py:1272: FutureWarning: 'multi_class' was deprecated in version 1.5 and will be removed in 1.7. From then on, it will always use 'multinomial'. Leave it to its default value to avoid this warning.
  warnings.warn(
/project/6106383/ewillis/pca_contrastive/venv/lib/python3.11/site-packages/sklearn/linear_model/_logistic.py:473: ConvergenceWarning: lbfgs failed to converge after 5 iteration(s) (status=1):
STOP: TOTAL NO. OF ITERATIONS REACHED LIMIT

Increase the number of iterations to improve the convergence (max_iter=5).
You might also want to scale the data as shown in:
    https://scikit-learn.org/stable/modules/preprocessing.html
Please also refer to the documentation for alternative solver options:
    https://scikit-learn.org/stable/modules/linear_model.html#logistic-regression
  n_iter_i = _check_optimize_result(
[002] triplet: train loss 0.0520 | val loss 0.1019 || LR(val): acc 0.9081 BAL-acc 0.4797 f1 0.4595 | acc[c0]=0.954  acc[c1]=0.486  acc[c2]=0.000 | auc[c0]=0.906  auc[c1]=0.888  auc[c2]=0.879 | macroAUC=0.891
Confusion matrix (LR val): rows=true, cols=pred
true\pred  ISUP01  ISUP23  ISUP45
   ISUP01    4804     227       7
   ISUP23     174     168       4
   ISUP45      37      54       0
/project/6106383/ewillis/pca_contrastive/venv/lib/python3.11/site-packages/sklearn/linear_model/_logistic.py:1272: FutureWarning: 'multi_class' was deprecated in version 1.5 and will be removed in 1.7. From then on, it will always use 'multinomial'. Leave it to its default value to avoid this warning.
  warnings.warn(
/project/6106383/ewillis/pca_contrastive/venv/lib/python3.11/site-packages/sklearn/linear_model/_logistic.py:473: ConvergenceWarning: lbfgs failed to converge after 5 iteration(s) (status=1):
STOP: TOTAL NO. OF ITERATIONS REACHED LIMIT

Increase the number of iterations to improve the convergence (max_iter=5).
You might also want to scale the data as shown in:
    https://scikit-learn.org/stable/modules/preprocessing.html
Please also refer to the documentation for alternative solver options:
    https://scikit-learn.org/stable/modules/linear_model.html#logistic-regression
  n_iter_i = _check_optimize_result(
[003] triplet: train loss 0.0169 | val loss 0.1010 || LR(val): acc 0.9185 BAL-acc 0.4844 f1 0.4870 | acc[c0]=0.966  acc[c1]=0.454  acc[c2]=0.033 | auc[c0]=0.905  auc[c1]=0.889  auc[c2]=0.878 | macroAUC=0.891
Confusion matrix (LR val): rows=true, cols=pred
true\pred  ISUP01  ISUP23  ISUP45
   ISUP01    4869     165       4
   ISUP23     185     157       4
   ISUP45      45      43       3
/project/6106383/ewillis/pca_contrastive/venv/lib/python3.11/site-packages/sklearn/linear_model/_logistic.py:1272: FutureWarning: 'multi_class' was deprecated in version 1.5 and will be removed in 1.7. From then on, it will always use 'multinomial'. Leave it to its default value to avoid this warning.
  warnings.warn(
/project/6106383/ewillis/pca_contrastive/venv/lib/python3.11/site-packages/sklearn/linear_model/_logistic.py:473: ConvergenceWarning: lbfgs failed to converge after 5 iteration(s) (status=1):
STOP: TOTAL NO. OF ITERATIONS REACHED LIMIT

Increase the number of iterations to improve the convergence (max_iter=5).
You might also want to scale the data as shown in:
    https://scikit-learn.org/stable/modules/preprocessing.html
Please also refer to the documentation for alternative solver options:
    https://scikit-learn.org/stable/modules/linear_model.html#logistic-regression
  n_iter_i = _check_optimize_result(
[004] triplet: train loss 0.0093 | val loss 0.1133 || LR(val): acc 0.9109 BAL-acc 0.4816 f1 0.4797 | acc[c0]=0.959  acc[c1]=0.442  acc[c2]=0.044 | auc[c0]=0.910  auc[c1]=0.890  auc[c2]=0.845 | macroAUC=0.881
Confusion matrix (LR val): rows=true, cols=pred
true\pred  ISUP01  ISUP23  ISUP45
   ISUP01    4830     198      10
   ISUP23     180     153      13
   ISUP45      45      42       4
/project/6106383/ewillis/pca_contrastive/venv/lib/python3.11/site-packages/sklearn/linear_model/_logistic.py:1272: FutureWarning: 'multi_class' was deprecated in version 1.5 and will be removed in 1.7. From then on, it will always use 'multinomial'. Leave it to its default value to avoid this warning.
  warnings.warn(
/project/6106383/ewillis/pca_contrastive/venv/lib/python3.11/site-packages/sklearn/linear_model/_logistic.py:473: ConvergenceWarning: lbfgs failed to converge after 5 iteration(s) (status=1):
STOP: TOTAL NO. OF ITERATIONS REACHED LIMIT

Increase the number of iterations to improve the convergence (max_iter=5).
You might also want to scale the data as shown in:
    https://scikit-learn.org/stable/modules/preprocessing.html
Please also refer to the documentation for alternative solver options:
    https://scikit-learn.org/stable/modules/linear_model.html#logistic-regression
  n_iter_i = _check_optimize_result(
[005] triplet: train loss 0.0053 | val loss 0.1149 || LR(val): acc 0.9211 BAL-acc 0.4710 f1 0.4941 | acc[c0]=0.976  acc[c1]=0.338  acc[c2]=0.099 | auc[c0]=0.902  auc[c1]=0.875  auc[c2]=0.875 | macroAUC=0.884
Confusion matrix (LR val): rows=true, cols=pred
true\pred  ISUP01  ISUP23  ISUP45
   ISUP01    4917     104      17
   ISUP23     206     117      23
   ISUP45      50      32       9
/project/6106383/ewillis/pca_contrastive/venv/lib/python3.11/site-packages/sklearn/linear_model/_logistic.py:1272: FutureWarning: 'multi_class' was deprecated in version 1.5 and will be removed in 1.7. From then on, it will always use 'multinomial'. Leave it to its default value to avoid this warning.
  warnings.warn(
/project/6106383/ewillis/pca_contrastive/venv/lib/python3.11/site-packages/sklearn/linear_model/_logistic.py:473: ConvergenceWarning: lbfgs failed to converge after 5 iteration(s) (status=1):
STOP: TOTAL NO. OF ITERATIONS REACHED LIMIT

Increase the number of iterations to improve the convergence (max_iter=5).
You might also want to scale the data as shown in:
    https://scikit-learn.org/stable/modules/preprocessing.html
Please also refer to the documentation for alternative solver options:
    https://scikit-learn.org/stable/modules/linear_model.html#logistic-regression
  n_iter_i = _check_optimize_result(
[006] triplet: train loss 0.0048 | val loss 0.1123 || LR(val): acc 0.9257 BAL-acc 0.4502 f1 0.4724 | acc[c0]=0.982  acc[c1]=0.347  acc[c2]=0.022 | auc[c0]=0.902  auc[c1]=0.885  auc[c2]=0.829 | macroAUC=0.872
Confusion matrix (LR val): rows=true, cols=pred
true\pred  ISUP01  ISUP23  ISUP45
   ISUP01    4946      78      14
   ISUP23     213     120      13
   ISUP45      61      28       2
/project/6106383/ewillis/pca_contrastive/venv/lib/python3.11/site-packages/sklearn/linear_model/_logistic.py:1272: FutureWarning: 'multi_class' was deprecated in version 1.5 and will be removed in 1.7. From then on, it will always use 'multinomial'. Leave it to its default value to avoid this warning.
  warnings.warn(
/project/6106383/ewillis/pca_contrastive/venv/lib/python3.11/site-packages/sklearn/linear_model/_logistic.py:473: ConvergenceWarning: lbfgs failed to converge after 5 iteration(s) (status=1):
STOP: TOTAL NO. OF ITERATIONS REACHED LIMIT

Increase the number of iterations to improve the convergence (max_iter=5).
You might also want to scale the data as shown in:
    https://scikit-learn.org/stable/modules/preprocessing.html
Please also refer to the documentation for alternative solver options:
    https://scikit-learn.org/stable/modules/linear_model.html#logistic-regression
  n_iter_i = _check_optimize_result(
[007] triplet: train loss 0.0043 | val loss 0.1090 || LR(val): acc 0.9213 BAL-acc 0.4773 f1 0.4873 | acc[c0]=0.971  acc[c1]=0.428  acc[c2]=0.033 | auc[c0]=0.905  auc[c1]=0.884  auc[c2]=0.813 | macroAUC=0.867
Confusion matrix (LR val): rows=true, cols=pred
true\pred  ISUP01  ISUP23  ISUP45
   ISUP01    4893     143       2
   ISUP23     194     148       4
   ISUP45      53      35       3
/project/6106383/ewillis/pca_contrastive/venv/lib/python3.11/site-packages/sklearn/linear_model/_logistic.py:1272: FutureWarning: 'multi_class' was deprecated in version 1.5 and will be removed in 1.7. From then on, it will always use 'multinomial'. Leave it to its default value to avoid this warning.
  warnings.warn(
/project/6106383/ewillis/pca_contrastive/venv/lib/python3.11/site-packages/sklearn/linear_model/_logistic.py:473: ConvergenceWarning: lbfgs failed to converge after 5 iteration(s) (status=1):
STOP: TOTAL NO. OF ITERATIONS REACHED LIMIT

Increase the number of iterations to improve the convergence (max_iter=5).
You might also want to scale the data as shown in:
    https://scikit-learn.org/stable/modules/preprocessing.html
Please also refer to the documentation for alternative solver options:
    https://scikit-learn.org/stable/modules/linear_model.html#logistic-regression
  n_iter_i = _check_optimize_result(
[008] triplet: train loss 0.0036 | val loss 0.1053 || LR(val): acc 0.9200 BAL-acc 0.4759 f1 0.4692 | acc[c0]=0.968  acc[c1]=0.460  acc[c2]=0.000 | auc[c0]=0.902  auc[c1]=0.870  auc[c2]=0.772 | macroAUC=0.848
Confusion matrix (LR val): rows=true, cols=pred
true\pred  ISUP01  ISUP23  ISUP45
   ISUP01    4878     160       0
   ISUP23     186     159       1
   ISUP45      43      48       0
/project/6106383/ewillis/pca_contrastive/venv/lib/python3.11/site-packages/sklearn/linear_model/_logistic.py:1272: FutureWarning: 'multi_class' was deprecated in version 1.5 and will be removed in 1.7. From then on, it will always use 'multinomial'. Leave it to its default value to avoid this warning.
  warnings.warn(
/project/6106383/ewillis/pca_contrastive/venv/lib/python3.11/site-packages/sklearn/linear_model/_logistic.py:473: ConvergenceWarning: lbfgs failed to converge after 5 iteration(s) (status=1):
STOP: TOTAL NO. OF ITERATIONS REACHED LIMIT

Increase the number of iterations to improve the convergence (max_iter=5).
You might also want to scale the data as shown in:
    https://scikit-learn.org/stable/modules/preprocessing.html
Please also refer to the documentation for alternative solver options:
    https://scikit-learn.org/stable/modules/linear_model.html#logistic-regression
  n_iter_i = _check_optimize_result(
[009] triplet: train loss 0.0034 | val loss 0.1201 || LR(val): acc 0.9193 BAL-acc 0.4416 f1 0.4567 | acc[c0]=0.976  acc[c1]=0.327  acc[c2]=0.022 | auc[c0]=0.888  auc[c1]=0.853  auc[c2]=0.760 | macroAUC=0.834
Confusion matrix (LR val): rows=true, cols=pred
true\pred  ISUP01  ISUP23  ISUP45
   ISUP01    4918     119       1
   ISUP23     230     113       3
   ISUP45      53      36       2
/project/6106383/ewillis/pca_contrastive/venv/lib/python3.11/site-packages/sklearn/linear_model/_logistic.py:1272: FutureWarning: 'multi_class' was deprecated in version 1.5 and will be removed in 1.7. From then on, it will always use 'multinomial'. Leave it to its default value to avoid this warning.
  warnings.warn(
/project/6106383/ewillis/pca_contrastive/venv/lib/python3.11/site-packages/sklearn/linear_model/_logistic.py:473: ConvergenceWarning: lbfgs failed to converge after 5 iteration(s) (status=1):
STOP: TOTAL NO. OF ITERATIONS REACHED LIMIT

Increase the number of iterations to improve the convergence (max_iter=5).
You might also want to scale the data as shown in:
    https://scikit-learn.org/stable/modules/preprocessing.html
Please also refer to the documentation for alternative solver options:
    https://scikit-learn.org/stable/modules/linear_model.html#logistic-regression
  n_iter_i = _check_optimize_result(
[010] triplet: train loss 0.0029 | val loss 0.1051 || LR(val): acc 0.9237 BAL-acc 0.4405 f1 0.4536 | acc[c0]=0.980  acc[c1]=0.341  acc[c2]=0.000 | auc[c0]=0.891  auc[c1]=0.866  auc[c2]=0.782 | macroAUC=0.846
Confusion matrix (LR val): rows=true, cols=pred
true\pred  ISUP01  ISUP23  ISUP45
   ISUP01    4939      99       0
   ISUP23     228     118       0
   ISUP45      62      29       0
/project/6106383/ewillis/pca_contrastive/venv/lib/python3.11/site-packages/sklearn/linear_model/_logistic.py:1272: FutureWarning: 'multi_class' was deprecated in version 1.5 and will be removed in 1.7. From then on, it will always use 'multinomial'. Leave it to its default value to avoid this warning.
  warnings.warn(
/project/6106383/ewillis/pca_contrastive/venv/lib/python3.11/site-packages/sklearn/linear_model/_logistic.py:473: ConvergenceWarning: lbfgs failed to converge after 5 iteration(s) (status=1):
STOP: TOTAL NO. OF ITERATIONS REACHED LIMIT

Increase the number of iterations to improve the convergence (max_iter=5).
You might also want to scale the data as shown in:
    https://scikit-learn.org/stable/modules/preprocessing.html
Please also refer to the documentation for alternative solver options:
    https://scikit-learn.org/stable/modules/linear_model.html#logistic-regression
  n_iter_i = _check_optimize_result(
[011] triplet: train loss 0.0026 | val loss 0.1222 || LR(val): acc 0.9271 BAL-acc 0.4534 f1 0.4703 | acc[c0]=0.982  acc[c1]=0.367  acc[c2]=0.011 | auc[c0]=0.894  auc[c1]=0.858  auc[c2]=0.722 | macroAUC=0.825
Confusion matrix (LR val): rows=true, cols=pred
true\pred  ISUP01  ISUP23  ISUP45
   ISUP01    4948      90       0
   ISUP23     219     127       0
   ISUP45      55      35       1
/project/6106383/ewillis/pca_contrastive/venv/lib/python3.11/site-packages/sklearn/linear_model/_logistic.py:1272: FutureWarning: 'multi_class' was deprecated in version 1.5 and will be removed in 1.7. From then on, it will always use 'multinomial'. Leave it to its default value to avoid this warning.
  warnings.warn(
/project/6106383/ewillis/pca_contrastive/venv/lib/python3.11/site-packages/sklearn/linear_model/_logistic.py:473: ConvergenceWarning: lbfgs failed to converge after 5 iteration(s) (status=1):
STOP: TOTAL NO. OF ITERATIONS REACHED LIMIT

Increase the number of iterations to improve the convergence (max_iter=5).
You might also want to scale the data as shown in:
    https://scikit-learn.org/stable/modules/preprocessing.html
Please also refer to the documentation for alternative solver options:
    https://scikit-learn.org/stable/modules/linear_model.html#logistic-regression
  n_iter_i = _check_optimize_result(
[012] triplet: train loss 0.0023 | val loss 0.1405 || LR(val): acc 0.9143 BAL-acc 0.4694 f1 0.4831 | acc[c0]=0.966  acc[c1]=0.387  acc[c2]=0.055 | auc[c0]=0.881  auc[c1]=0.843  auc[c2]=0.710 | macroAUC=0.811
Confusion matrix (LR val): rows=true, cols=pred
true\pred  ISUP01  ISUP23  ISUP45
   ISUP01    4867     169       2
   ISUP23     211     134       1
   ISUP45      49      37       5
/project/6106383/ewillis/pca_contrastive/venv/lib/python3.11/site-packages/sklearn/linear_model/_logistic.py:1272: FutureWarning: 'multi_class' was deprecated in version 1.5 and will be removed in 1.7. From then on, it will always use 'multinomial'. Leave it to its default value to avoid this warning.
  warnings.warn(
/project/6106383/ewillis/pca_contrastive/venv/lib/python3.11/site-packages/sklearn/linear_model/_logistic.py:473: ConvergenceWarning: lbfgs failed to converge after 5 iteration(s) (status=1):
STOP: TOTAL NO. OF ITERATIONS REACHED LIMIT

Increase the number of iterations to improve the convergence (max_iter=5).
You might also want to scale the data as shown in:
    https://scikit-learn.org/stable/modules/preprocessing.html
Please also refer to the documentation for alternative solver options:
    https://scikit-learn.org/stable/modules/linear_model.html#logistic-regression
  n_iter_i = _check_optimize_result(
[013] triplet: train loss 0.0024 | val loss 0.1328 || LR(val): acc 0.9180 BAL-acc 0.4483 f1 0.4519 | acc[c0]=0.972  acc[c1]=0.373  acc[c2]=0.000 | auc[c0]=0.870  auc[c1]=0.862  auc[c2]=0.473 | macroAUC=0.735
Confusion matrix (LR val): rows=true, cols=pred
true\pred  ISUP01  ISUP23  ISUP45
   ISUP01    4897     141       0
   ISUP23     217     129       0
   ISUP45      56      35       0
/project/6106383/ewillis/pca_contrastive/venv/lib/python3.11/site-packages/sklearn/linear_model/_logistic.py:1272: FutureWarning: 'multi_class' was deprecated in version 1.5 and will be removed in 1.7. From then on, it will always use 'multinomial'. Leave it to its default value to avoid this warning.
  warnings.warn(
/project/6106383/ewillis/pca_contrastive/venv/lib/python3.11/site-packages/sklearn/linear_model/_logistic.py:473: ConvergenceWarning: lbfgs failed to converge after 5 iteration(s) (status=1):
STOP: TOTAL NO. OF ITERATIONS REACHED LIMIT

Increase the number of iterations to improve the convergence (max_iter=5).
You might also want to scale the data as shown in:
    https://scikit-learn.org/stable/modules/preprocessing.html
Please also refer to the documentation for alternative solver options:
    https://scikit-learn.org/stable/modules/linear_model.html#logistic-regression
  n_iter_i = _check_optimize_result(
[014] triplet: train loss 0.0021 | val loss 0.1349 || LR(val): acc 0.9140 BAL-acc 0.4558 f1 0.4518 | acc[c0]=0.966  acc[c1]=0.402  acc[c2]=0.000 | auc[c0]=0.884  auc[c1]=0.851  auc[c2]=0.474 | macroAUC=0.737
Confusion matrix (LR val): rows=true, cols=pred
true\pred  ISUP01  ISUP23  ISUP45
   ISUP01    4865     173       0
   ISUP23     207     139       0
   ISUP45      50      41       0
/project/6106383/ewillis/pca_contrastive/venv/lib/python3.11/site-packages/sklearn/linear_model/_logistic.py:1272: FutureWarning: 'multi_class' was deprecated in version 1.5 and will be removed in 1.7. From then on, it will always use 'multinomial'. Leave it to its default value to avoid this warning.
  warnings.warn(
/project/6106383/ewillis/pca_contrastive/venv/lib/python3.11/site-packages/sklearn/linear_model/_logistic.py:473: ConvergenceWarning: lbfgs failed to converge after 5 iteration(s) (status=1):
STOP: TOTAL NO. OF ITERATIONS REACHED LIMIT

Increase the number of iterations to improve the convergence (max_iter=5).
You might also want to scale the data as shown in:
    https://scikit-learn.org/stable/modules/preprocessing.html
Please also refer to the documentation for alternative solver options:
    https://scikit-learn.org/stable/modules/linear_model.html#logistic-regression
  n_iter_i = _check_optimize_result(
[015] triplet: train loss 0.0025 | val loss 0.1216 || LR(val): acc 0.9251 BAL-acc 0.4553 f1 0.4642 | acc[c0]=0.979  acc[c1]=0.387  acc[c2]=0.000 | auc[c0]=0.894  auc[c1]=0.861  auc[c2]=0.635 | macroAUC=0.797
Confusion matrix (LR val): rows=true, cols=pred
true\pred  ISUP01  ISUP23  ISUP45
   ISUP01    4931     107       0
   ISUP23     211     134       1
   ISUP45      53      38       0
