Host: kn071
/project/6106383/ewillis/pca_contrastive/venv/bin/python
Python 3.11.4
Mon Oct 27 00:36:46 2025       
+-----------------------------------------------------------------------------------------+
| NVIDIA-SMI 570.148.08             Driver Version: 570.148.08     CUDA Version: 12.8     |
|-----------------------------------------+------------------------+----------------------+
| GPU  Name                 Persistence-M | Bus-Id          Disp.A | Volatile Uncorr. ECC |
| Fan  Temp   Perf          Pwr:Usage/Cap |           Memory-Usage | GPU-Util  Compute M. |
|                                         |                        |               MIG M. |
|=========================================+========================+======================|
|   0  NVIDIA L40S                    On  |   00000000:E3:00.0 Off |                    0 |
| N/A   43C    P8             37W /  350W |       0MiB /  46068MiB |      0%      Default |
|                                         |                        |                  N/A |
+-----------------------------------------+------------------------+----------------------+
                                                                                         
+-----------------------------------------------------------------------------------------+
| Processes:                                                                              |
|  GPU   GI   CI              PID   Type   Process name                        GPU Memory |
|        ID   ID                                                               Usage      |
|=========================================================================================|
|  No running processes found                                                             |
+-----------------------------------------------------------------------------------------+
ARGS:  Namespace(manifest='/project/aip-medilab/shared/picai/manifests/slices_manifest.csv', sam_checkpoint='/project/aip-medilab/ewillis/pca_contrastive/mri_model_medsam_finetune/work_dir/MedSAM/medsam_vit_b.pth', outdir='/home/ewillis/projects/aip-medilab/ewillis/pca_contrastive/mri_model_medsam_finetune_2D/PATIENT_LEVEL/RESULTS_MERGED_PATIENT_LEVEL/isup3/results512/triplet_logreg_all', target='isup3', folds_train='1,2,3', folds_val='0', batch_size=16, epochs=100, lr=1e-05, wd=0.0, pos_ratio=0.33, histo_dir='/project/aip-medilab/shared/picai/histopathology_encodings/UNI2/projected_512D/embeddings_512', histo_marksheet_dir='/project/aip-medilab/shared/picai/histopathology_encodings/UNI2_splits', lr_max_iter=5, provider='all', proj_dim=512, triplet_margin=0.2, use_skip=False, label6_column='merged_ISUP')
[triplet] lr_proj=1e-05 | lr_enc=1e-06 | triplet_margin=0.2
/project/6106383/ewillis/pca_contrastive/venv/lib/python3.11/site-packages/sklearn/linear_model/_logistic.py:1272: FutureWarning: 'multi_class' was deprecated in version 1.5 and will be removed in 1.7. From then on, it will always use 'multinomial'. Leave it to its default value to avoid this warning.
  warnings.warn(
/project/6106383/ewillis/pca_contrastive/venv/lib/python3.11/site-packages/sklearn/linear_model/_logistic.py:473: ConvergenceWarning: lbfgs failed to converge after 5 iteration(s) (status=1):
STOP: TOTAL NO. OF ITERATIONS REACHED LIMIT

Increase the number of iterations to improve the convergence (max_iter=5).
You might also want to scale the data as shown in:
    https://scikit-learn.org/stable/modules/preprocessing.html
Please also refer to the documentation for alternative solver options:
    https://scikit-learn.org/stable/modules/linear_model.html#logistic-regression
  n_iter_i = _check_optimize_result(
[001] triplet: train loss 1.2650 | val loss 0.8566 || LR(val): acc 0.8968 BAL-acc 0.3672 f1 0.3644 | acc[c0]=0.954  acc[c1]=0.147  acc[c2]=0.000 | auc[c0]=0.732  auc[c1]=0.746  auc[c2]=0.656 | macroAUC=0.711
Confusion matrix (LR val): rows=true, cols=pred
true\pred   ISUP0   ISUP1   ISUP2   ISUP3   ISUP4   ISUP5
    ISUP0    5954     286       0
    ISUP1     295      51       0
    ISUP2     100      10       0
  ↳ new best (val BAL-acc=0.3672) saved to /home/ewillis/projects/aip-medilab/ewillis/pca_contrastive/mri_model_medsam_finetune_2D/PATIENT_LEVEL/RESULTS_MERGED_PATIENT_LEVEL/isup3/results512/triplet_logreg_all/ckpt_best.pt
/project/6106383/ewillis/pca_contrastive/venv/lib/python3.11/site-packages/sklearn/linear_model/_logistic.py:1272: FutureWarning: 'multi_class' was deprecated in version 1.5 and will be removed in 1.7. From then on, it will always use 'multinomial'. Leave it to its default value to avoid this warning.
  warnings.warn(
/project/6106383/ewillis/pca_contrastive/venv/lib/python3.11/site-packages/sklearn/linear_model/_logistic.py:473: ConvergenceWarning: lbfgs failed to converge after 5 iteration(s) (status=1):
STOP: TOTAL NO. OF ITERATIONS REACHED LIMIT

Increase the number of iterations to improve the convergence (max_iter=5).
You might also want to scale the data as shown in:
    https://scikit-learn.org/stable/modules/preprocessing.html
Please also refer to the documentation for alternative solver options:
    https://scikit-learn.org/stable/modules/linear_model.html#logistic-regression
  n_iter_i = _check_optimize_result(
[002] triplet: train loss 1.1785 | val loss 0.7701 || LR(val): acc 0.8599 BAL-acc 0.4495 f1 0.3967 | acc[c0]=0.898  acc[c1]=0.451  acc[c2]=0.000 | auc[c0]=0.799  auc[c1]=0.809  auc[c2]=0.719 | macroAUC=0.776
Confusion matrix (LR val): rows=true, cols=pred
true\pred   ISUP0   ISUP1   ISUP2   ISUP3   ISUP4   ISUP5
    ISUP0    5602     638       0
    ISUP1     190     156       0
    ISUP2      70      40       0
  ↳ new best (val BAL-acc=0.4495) saved to /home/ewillis/projects/aip-medilab/ewillis/pca_contrastive/mri_model_medsam_finetune_2D/PATIENT_LEVEL/RESULTS_MERGED_PATIENT_LEVEL/isup3/results512/triplet_logreg_all/ckpt_best.pt
/project/6106383/ewillis/pca_contrastive/venv/lib/python3.11/site-packages/sklearn/linear_model/_logistic.py:1272: FutureWarning: 'multi_class' was deprecated in version 1.5 and will be removed in 1.7. From then on, it will always use 'multinomial'. Leave it to its default value to avoid this warning.
  warnings.warn(
/project/6106383/ewillis/pca_contrastive/venv/lib/python3.11/site-packages/sklearn/linear_model/_logistic.py:473: ConvergenceWarning: lbfgs failed to converge after 5 iteration(s) (status=1):
STOP: TOTAL NO. OF ITERATIONS REACHED LIMIT

Increase the number of iterations to improve the convergence (max_iter=5).
You might also want to scale the data as shown in:
    https://scikit-learn.org/stable/modules/preprocessing.html
Please also refer to the documentation for alternative solver options:
    https://scikit-learn.org/stable/modules/linear_model.html#logistic-regression
  n_iter_i = _check_optimize_result(
[003] triplet: train loss 1.1106 | val loss 0.6870 || LR(val): acc 0.8617 BAL-acc 0.4875 f1 0.4133 | acc[c0]=0.893  acc[c1]=0.569  acc[c2]=0.000 | auc[c0]=0.845  auc[c1]=0.848  auc[c2]=0.794 | macroAUC=0.829
Confusion matrix (LR val): rows=true, cols=pred
true\pred   ISUP0   ISUP1   ISUP2   ISUP3   ISUP4   ISUP5
    ISUP0    5573     667       0
    ISUP1     149     197       0
    ISUP2      60      50       0
  ↳ new best (val BAL-acc=0.4875) saved to /home/ewillis/projects/aip-medilab/ewillis/pca_contrastive/mri_model_medsam_finetune_2D/PATIENT_LEVEL/RESULTS_MERGED_PATIENT_LEVEL/isup3/results512/triplet_logreg_all/ckpt_best.pt
/project/6106383/ewillis/pca_contrastive/venv/lib/python3.11/site-packages/sklearn/linear_model/_logistic.py:1272: FutureWarning: 'multi_class' was deprecated in version 1.5 and will be removed in 1.7. From then on, it will always use 'multinomial'. Leave it to its default value to avoid this warning.
  warnings.warn(
/project/6106383/ewillis/pca_contrastive/venv/lib/python3.11/site-packages/sklearn/linear_model/_logistic.py:473: ConvergenceWarning: lbfgs failed to converge after 5 iteration(s) (status=1):
STOP: TOTAL NO. OF ITERATIONS REACHED LIMIT

Increase the number of iterations to improve the convergence (max_iter=5).
You might also want to scale the data as shown in:
    https://scikit-learn.org/stable/modules/preprocessing.html
Please also refer to the documentation for alternative solver options:
    https://scikit-learn.org/stable/modules/linear_model.html#logistic-regression
  n_iter_i = _check_optimize_result(
[004] triplet: train loss 1.0291 | val loss 0.6799 || LR(val): acc 0.8844 BAL-acc 0.4856 f1 0.4279 | acc[c0]=0.919  acc[c1]=0.538  acc[c2]=0.000 | auc[c0]=0.868  auc[c1]=0.866  auc[c2]=0.831 | macroAUC=0.855
Confusion matrix (LR val): rows=true, cols=pred
true\pred   ISUP0   ISUP1   ISUP2   ISUP3   ISUP4   ISUP5
    ISUP0    5736     504       0
    ISUP1     160     186       0
    ISUP2      62      48       0
  ↳ no improvement (1/100)
/project/6106383/ewillis/pca_contrastive/venv/lib/python3.11/site-packages/sklearn/linear_model/_logistic.py:1272: FutureWarning: 'multi_class' was deprecated in version 1.5 and will be removed in 1.7. From then on, it will always use 'multinomial'. Leave it to its default value to avoid this warning.
  warnings.warn(
/project/6106383/ewillis/pca_contrastive/venv/lib/python3.11/site-packages/sklearn/linear_model/_logistic.py:473: ConvergenceWarning: lbfgs failed to converge after 5 iteration(s) (status=1):
STOP: TOTAL NO. OF ITERATIONS REACHED LIMIT

Increase the number of iterations to improve the convergence (max_iter=5).
You might also want to scale the data as shown in:
    https://scikit-learn.org/stable/modules/preprocessing.html
Please also refer to the documentation for alternative solver options:
    https://scikit-learn.org/stable/modules/linear_model.html#logistic-regression
  n_iter_i = _check_optimize_result(
[005] triplet: train loss 0.9689 | val loss 0.6372 || LR(val): acc 0.8871 BAL-acc 0.5157 f1 0.4413 | acc[c0]=0.917  acc[c1]=0.630  acc[c2]=0.000 | auc[c0]=0.887  auc[c1]=0.884  auc[c2]=0.854 | macroAUC=0.875
Confusion matrix (LR val): rows=true, cols=pred
true\pred   ISUP0   ISUP1   ISUP2   ISUP3   ISUP4   ISUP5
    ISUP0    5722     518       0
    ISUP1     128     218       0
    ISUP2      48      62       0
  ↳ new best (val BAL-acc=0.5157) saved to /home/ewillis/projects/aip-medilab/ewillis/pca_contrastive/mri_model_medsam_finetune_2D/PATIENT_LEVEL/RESULTS_MERGED_PATIENT_LEVEL/isup3/results512/triplet_logreg_all/ckpt_best.pt
/project/6106383/ewillis/pca_contrastive/venv/lib/python3.11/site-packages/sklearn/linear_model/_logistic.py:1272: FutureWarning: 'multi_class' was deprecated in version 1.5 and will be removed in 1.7. From then on, it will always use 'multinomial'. Leave it to its default value to avoid this warning.
  warnings.warn(
/project/6106383/ewillis/pca_contrastive/venv/lib/python3.11/site-packages/sklearn/linear_model/_logistic.py:473: ConvergenceWarning: lbfgs failed to converge after 5 iteration(s) (status=1):
STOP: TOTAL NO. OF ITERATIONS REACHED LIMIT

Increase the number of iterations to improve the convergence (max_iter=5).
You might also want to scale the data as shown in:
    https://scikit-learn.org/stable/modules/preprocessing.html
Please also refer to the documentation for alternative solver options:
    https://scikit-learn.org/stable/modules/linear_model.html#logistic-regression
  n_iter_i = _check_optimize_result(
[006] triplet: train loss 0.9046 | val loss 0.5840 || LR(val): acc 0.9053 BAL-acc 0.4931 f1 0.4485 | acc[c0]=0.942  acc[c1]=0.538  acc[c2]=0.000 | auc[c0]=0.894  auc[c1]=0.888  auc[c2]=0.867 | macroAUC=0.883
Confusion matrix (LR val): rows=true, cols=pred
true\pred   ISUP0   ISUP1   ISUP2   ISUP3   ISUP4   ISUP5
    ISUP0    5876     364       0
    ISUP1     160     186       0
    ISUP2      59      51       0
  ↳ no improvement (1/100)
/project/6106383/ewillis/pca_contrastive/venv/lib/python3.11/site-packages/sklearn/linear_model/_logistic.py:1272: FutureWarning: 'multi_class' was deprecated in version 1.5 and will be removed in 1.7. From then on, it will always use 'multinomial'. Leave it to its default value to avoid this warning.
  warnings.warn(
/project/6106383/ewillis/pca_contrastive/venv/lib/python3.11/site-packages/sklearn/linear_model/_logistic.py:473: ConvergenceWarning: lbfgs failed to converge after 5 iteration(s) (status=1):
STOP: TOTAL NO. OF ITERATIONS REACHED LIMIT

Increase the number of iterations to improve the convergence (max_iter=5).
You might also want to scale the data as shown in:
    https://scikit-learn.org/stable/modules/preprocessing.html
Please also refer to the documentation for alternative solver options:
    https://scikit-learn.org/stable/modules/linear_model.html#logistic-regression
  n_iter_i = _check_optimize_result(
[007] triplet: train loss 0.8342 | val loss 0.5454 || LR(val): acc 0.9225 BAL-acc 0.4637 f1 0.4517 | acc[c0]=0.966  acc[c1]=0.425  acc[c2]=0.000 | auc[c0]=0.899  auc[c1]=0.893  auc[c2]=0.872 | macroAUC=0.888
Confusion matrix (LR val): rows=true, cols=pred
true\pred   ISUP0   ISUP1   ISUP2   ISUP3   ISUP4   ISUP5
    ISUP0    6030     210       0
    ISUP1     199     147       0
    ISUP2      65      45       0
  ↳ no improvement (2/100)
/project/6106383/ewillis/pca_contrastive/venv/lib/python3.11/site-packages/sklearn/linear_model/_logistic.py:1272: FutureWarning: 'multi_class' was deprecated in version 1.5 and will be removed in 1.7. From then on, it will always use 'multinomial'. Leave it to its default value to avoid this warning.
  warnings.warn(
/project/6106383/ewillis/pca_contrastive/venv/lib/python3.11/site-packages/sklearn/linear_model/_logistic.py:473: ConvergenceWarning: lbfgs failed to converge after 5 iteration(s) (status=1):
STOP: TOTAL NO. OF ITERATIONS REACHED LIMIT

Increase the number of iterations to improve the convergence (max_iter=5).
You might also want to scale the data as shown in:
    https://scikit-learn.org/stable/modules/preprocessing.html
Please also refer to the documentation for alternative solver options:
    https://scikit-learn.org/stable/modules/linear_model.html#logistic-regression
  n_iter_i = _check_optimize_result(
[008] triplet: train loss 0.7524 | val loss 0.5233 || LR(val): acc 0.9229 BAL-acc 0.4757 f1 0.4590 | acc[c0]=0.965  acc[c1]=0.462  acc[c2]=0.000 | auc[c0]=0.903  auc[c1]=0.899  auc[c2]=0.872 | macroAUC=0.891
Confusion matrix (LR val): rows=true, cols=pred
true\pred   ISUP0   ISUP1   ISUP2   ISUP3   ISUP4   ISUP5
    ISUP0    6020     220       0
    ISUP1     186     160       0
    ISUP2      64      46       0
  ↳ no improvement (3/100)
/project/6106383/ewillis/pca_contrastive/venv/lib/python3.11/site-packages/sklearn/linear_model/_logistic.py:1272: FutureWarning: 'multi_class' was deprecated in version 1.5 and will be removed in 1.7. From then on, it will always use 'multinomial'. Leave it to its default value to avoid this warning.
  warnings.warn(
/project/6106383/ewillis/pca_contrastive/venv/lib/python3.11/site-packages/sklearn/linear_model/_logistic.py:473: ConvergenceWarning: lbfgs failed to converge after 5 iteration(s) (status=1):
STOP: TOTAL NO. OF ITERATIONS REACHED LIMIT

Increase the number of iterations to improve the convergence (max_iter=5).
You might also want to scale the data as shown in:
    https://scikit-learn.org/stable/modules/preprocessing.html
Please also refer to the documentation for alternative solver options:
    https://scikit-learn.org/stable/modules/linear_model.html#logistic-regression
  n_iter_i = _check_optimize_result(
[009] triplet: train loss 0.7070 | val loss 0.4432 || LR(val): acc 0.8928 BAL-acc 0.5214 f1 0.4474 | acc[c0]=0.922  acc[c1]=0.642  acc[c2]=0.000 | auc[c0]=0.905  auc[c1]=0.900  auc[c2]=0.875 | macroAUC=0.893
Confusion matrix (LR val): rows=true, cols=pred
true\pred   ISUP0   ISUP1   ISUP2   ISUP3   ISUP4   ISUP5
    ISUP0    5756     484       0
    ISUP1     124     222       0
    ISUP2      39      71       0
  ↳ new best (val BAL-acc=0.5214) saved to /home/ewillis/projects/aip-medilab/ewillis/pca_contrastive/mri_model_medsam_finetune_2D/PATIENT_LEVEL/RESULTS_MERGED_PATIENT_LEVEL/isup3/results512/triplet_logreg_all/ckpt_best.pt
/project/6106383/ewillis/pca_contrastive/venv/lib/python3.11/site-packages/sklearn/linear_model/_logistic.py:1272: FutureWarning: 'multi_class' was deprecated in version 1.5 and will be removed in 1.7. From then on, it will always use 'multinomial'. Leave it to its default value to avoid this warning.
  warnings.warn(
/project/6106383/ewillis/pca_contrastive/venv/lib/python3.11/site-packages/sklearn/linear_model/_logistic.py:473: ConvergenceWarning: lbfgs failed to converge after 5 iteration(s) (status=1):
STOP: TOTAL NO. OF ITERATIONS REACHED LIMIT

Increase the number of iterations to improve the convergence (max_iter=5).
You might also want to scale the data as shown in:
    https://scikit-learn.org/stable/modules/preprocessing.html
Please also refer to the documentation for alternative solver options:
    https://scikit-learn.org/stable/modules/linear_model.html#logistic-regression
  n_iter_i = _check_optimize_result(
[010] triplet: train loss 0.6390 | val loss 0.4268 || LR(val): acc 0.8953 BAL-acc 0.5213 f1 0.4495 | acc[c0]=0.925  acc[c1]=0.639  acc[c2]=0.000 | auc[c0]=0.906  auc[c1]=0.901  auc[c2]=0.877 | macroAUC=0.895
Confusion matrix (LR val): rows=true, cols=pred
true\pred   ISUP0   ISUP1   ISUP2   ISUP3   ISUP4   ISUP5
    ISUP0    5774     466       0
    ISUP1     125     221       0
    ISUP2      39      71       0
  ↳ no improvement (1/100)
/project/6106383/ewillis/pca_contrastive/venv/lib/python3.11/site-packages/sklearn/linear_model/_logistic.py:1272: FutureWarning: 'multi_class' was deprecated in version 1.5 and will be removed in 1.7. From then on, it will always use 'multinomial'. Leave it to its default value to avoid this warning.
  warnings.warn(
/project/6106383/ewillis/pca_contrastive/venv/lib/python3.11/site-packages/sklearn/linear_model/_logistic.py:473: ConvergenceWarning: lbfgs failed to converge after 5 iteration(s) (status=1):
STOP: TOTAL NO. OF ITERATIONS REACHED LIMIT

Increase the number of iterations to improve the convergence (max_iter=5).
You might also want to scale the data as shown in:
    https://scikit-learn.org/stable/modules/preprocessing.html
Please also refer to the documentation for alternative solver options:
    https://scikit-learn.org/stable/modules/linear_model.html#logistic-regression
  n_iter_i = _check_optimize_result(
[011] triplet: train loss 0.6004 | val loss 0.3919 || LR(val): acc 0.9050 BAL-acc 0.5203 f1 0.4580 | acc[c0]=0.937  acc[c1]=0.624  acc[c2]=0.000 | auc[c0]=0.905  auc[c1]=0.899  auc[c2]=0.880 | macroAUC=0.895
Confusion matrix (LR val): rows=true, cols=pred
true\pred   ISUP0   ISUP1   ISUP2   ISUP3   ISUP4   ISUP5
    ISUP0    5844     396       0
    ISUP1     130     216       0
    ISUP2      40      70       0
  ↳ no improvement (2/100)
/project/6106383/ewillis/pca_contrastive/venv/lib/python3.11/site-packages/sklearn/linear_model/_logistic.py:1272: FutureWarning: 'multi_class' was deprecated in version 1.5 and will be removed in 1.7. From then on, it will always use 'multinomial'. Leave it to its default value to avoid this warning.
  warnings.warn(
/project/6106383/ewillis/pca_contrastive/venv/lib/python3.11/site-packages/sklearn/linear_model/_logistic.py:473: ConvergenceWarning: lbfgs failed to converge after 5 iteration(s) (status=1):
STOP: TOTAL NO. OF ITERATIONS REACHED LIMIT

Increase the number of iterations to improve the convergence (max_iter=5).
You might also want to scale the data as shown in:
    https://scikit-learn.org/stable/modules/preprocessing.html
Please also refer to the documentation for alternative solver options:
    https://scikit-learn.org/stable/modules/linear_model.html#logistic-regression
  n_iter_i = _check_optimize_result(
[012] triplet: train loss 0.5369 | val loss 0.3566 || LR(val): acc 0.8993 BAL-acc 0.5273 f1 0.4554 | acc[c0]=0.929  acc[c1]=0.653  acc[c2]=0.000 | auc[c0]=0.909  auc[c1]=0.902  auc[c2]=0.884 | macroAUC=0.898
Confusion matrix (LR val): rows=true, cols=pred
true\pred   ISUP0   ISUP1   ISUP2   ISUP3   ISUP4   ISUP5
    ISUP0    5796     444       0
    ISUP1     120     226       0
    ISUP2      38      72       0
  ↳ new best (val BAL-acc=0.5273) saved to /home/ewillis/projects/aip-medilab/ewillis/pca_contrastive/mri_model_medsam_finetune_2D/PATIENT_LEVEL/RESULTS_MERGED_PATIENT_LEVEL/isup3/results512/triplet_logreg_all/ckpt_best.pt
/project/6106383/ewillis/pca_contrastive/venv/lib/python3.11/site-packages/sklearn/linear_model/_logistic.py:1272: FutureWarning: 'multi_class' was deprecated in version 1.5 and will be removed in 1.7. From then on, it will always use 'multinomial'. Leave it to its default value to avoid this warning.
  warnings.warn(
/project/6106383/ewillis/pca_contrastive/venv/lib/python3.11/site-packages/sklearn/linear_model/_logistic.py:473: ConvergenceWarning: lbfgs failed to converge after 5 iteration(s) (status=1):
STOP: TOTAL NO. OF ITERATIONS REACHED LIMIT

Increase the number of iterations to improve the convergence (max_iter=5).
You might also want to scale the data as shown in:
    https://scikit-learn.org/stable/modules/preprocessing.html
Please also refer to the documentation for alternative solver options:
    https://scikit-learn.org/stable/modules/linear_model.html#logistic-regression
  n_iter_i = _check_optimize_result(
[013] triplet: train loss 0.4920 | val loss 0.3251 || LR(val): acc 0.9095 BAL-acc 0.5182 f1 0.4616 | acc[c0]=0.942  acc[c1]=0.613  acc[c2]=0.000 | auc[c0]=0.902  auc[c1]=0.894  auc[c2]=0.880 | macroAUC=0.892
Confusion matrix (LR val): rows=true, cols=pred
true\pred   ISUP0   ISUP1   ISUP2   ISUP3   ISUP4   ISUP5
    ISUP0    5878     362       0
    ISUP1     134     212       0
    ISUP2      40      70       0
  ↳ no improvement (1/100)
/project/6106383/ewillis/pca_contrastive/venv/lib/python3.11/site-packages/sklearn/linear_model/_logistic.py:1272: FutureWarning: 'multi_class' was deprecated in version 1.5 and will be removed in 1.7. From then on, it will always use 'multinomial'. Leave it to its default value to avoid this warning.
  warnings.warn(
/project/6106383/ewillis/pca_contrastive/venv/lib/python3.11/site-packages/sklearn/linear_model/_logistic.py:473: ConvergenceWarning: lbfgs failed to converge after 5 iteration(s) (status=1):
STOP: TOTAL NO. OF ITERATIONS REACHED LIMIT

Increase the number of iterations to improve the convergence (max_iter=5).
You might also want to scale the data as shown in:
    https://scikit-learn.org/stable/modules/preprocessing.html
Please also refer to the documentation for alternative solver options:
    https://scikit-learn.org/stable/modules/linear_model.html#logistic-regression
  n_iter_i = _check_optimize_result(
[014] triplet: train loss 0.4460 | val loss 0.3242 || LR(val): acc 0.8992 BAL-acc 0.5255 f1 0.4542 | acc[c0]=0.929  acc[c1]=0.647  acc[c2]=0.000 | auc[c0]=0.907  auc[c1]=0.898  auc[c2]=0.888 | macroAUC=0.898
Confusion matrix (LR val): rows=true, cols=pred
true\pred   ISUP0   ISUP1   ISUP2   ISUP3   ISUP4   ISUP5
    ISUP0    5797     443       0
    ISUP1     122     224       0
    ISUP2      35      75       0
  ↳ no improvement (2/100)
/project/6106383/ewillis/pca_contrastive/venv/lib/python3.11/site-packages/sklearn/linear_model/_logistic.py:1272: FutureWarning: 'multi_class' was deprecated in version 1.5 and will be removed in 1.7. From then on, it will always use 'multinomial'. Leave it to its default value to avoid this warning.
  warnings.warn(
/project/6106383/ewillis/pca_contrastive/venv/lib/python3.11/site-packages/sklearn/linear_model/_logistic.py:473: ConvergenceWarning: lbfgs failed to converge after 5 iteration(s) (status=1):
STOP: TOTAL NO. OF ITERATIONS REACHED LIMIT

Increase the number of iterations to improve the convergence (max_iter=5).
You might also want to scale the data as shown in:
    https://scikit-learn.org/stable/modules/preprocessing.html
Please also refer to the documentation for alternative solver options:
    https://scikit-learn.org/stable/modules/linear_model.html#logistic-regression
  n_iter_i = _check_optimize_result(
[015] triplet: train loss 0.3990 | val loss 0.2782 || LR(val): acc 0.9059 BAL-acc 0.5115 f1 0.4553 | acc[c0]=0.939  acc[c1]=0.595  acc[c2]=0.000 | auc[c0]=0.898  auc[c1]=0.889  auc[c2]=0.880 | macroAUC=0.889
Confusion matrix (LR val): rows=true, cols=pred
true\pred   ISUP0   ISUP1   ISUP2   ISUP3   ISUP4   ISUP5
    ISUP0    5860     380       0
    ISUP1     140     206       0
    ISUP2      41      69       0
  ↳ no improvement (3/100)
/project/6106383/ewillis/pca_contrastive/venv/lib/python3.11/site-packages/sklearn/linear_model/_logistic.py:1272: FutureWarning: 'multi_class' was deprecated in version 1.5 and will be removed in 1.7. From then on, it will always use 'multinomial'. Leave it to its default value to avoid this warning.
  warnings.warn(
/project/6106383/ewillis/pca_contrastive/venv/lib/python3.11/site-packages/sklearn/linear_model/_logistic.py:473: ConvergenceWarning: lbfgs failed to converge after 5 iteration(s) (status=1):
STOP: TOTAL NO. OF ITERATIONS REACHED LIMIT

Increase the number of iterations to improve the convergence (max_iter=5).
You might also want to scale the data as shown in:
    https://scikit-learn.org/stable/modules/preprocessing.html
Please also refer to the documentation for alternative solver options:
    https://scikit-learn.org/stable/modules/linear_model.html#logistic-regression
  n_iter_i = _check_optimize_result(
[016] triplet: train loss 0.3621 | val loss 0.2709 || LR(val): acc 0.9096 BAL-acc 0.4992 f1 0.4535 | acc[c0]=0.946  acc[c1]=0.552  acc[c2]=0.000 | auc[c0]=0.895  auc[c1]=0.887  auc[c2]=0.878 | macroAUC=0.887
Confusion matrix (LR val): rows=true, cols=pred
true\pred   ISUP0   ISUP1   ISUP2   ISUP3   ISUP4   ISUP5
    ISUP0    5900     340       0
    ISUP1     155     191       0
    ISUP2      41      69       0
  ↳ no improvement (4/100)
/project/6106383/ewillis/pca_contrastive/venv/lib/python3.11/site-packages/sklearn/linear_model/_logistic.py:1272: FutureWarning: 'multi_class' was deprecated in version 1.5 and will be removed in 1.7. From then on, it will always use 'multinomial'. Leave it to its default value to avoid this warning.
  warnings.warn(
/project/6106383/ewillis/pca_contrastive/venv/lib/python3.11/site-packages/sklearn/linear_model/_logistic.py:473: ConvergenceWarning: lbfgs failed to converge after 5 iteration(s) (status=1):
STOP: TOTAL NO. OF ITERATIONS REACHED LIMIT

Increase the number of iterations to improve the convergence (max_iter=5).
You might also want to scale the data as shown in:
    https://scikit-learn.org/stable/modules/preprocessing.html
Please also refer to the documentation for alternative solver options:
    https://scikit-learn.org/stable/modules/linear_model.html#logistic-regression
  n_iter_i = _check_optimize_result(
[017] triplet: train loss 0.3370 | val loss 0.2868 || LR(val): acc 0.9046 BAL-acc 0.5046 f1 0.4510 | acc[c0]=0.939  acc[c1]=0.575  acc[c2]=0.000 | auc[c0]=0.896  auc[c1]=0.888  auc[c2]=0.877 | macroAUC=0.887
Confusion matrix (LR val): rows=true, cols=pred
true\pred   ISUP0   ISUP1   ISUP2   ISUP3   ISUP4   ISUP5
    ISUP0    5858     382       0
    ISUP1     147     199       0
    ISUP2      40      70       0
  ↳ no improvement (5/100)
/project/6106383/ewillis/pca_contrastive/venv/lib/python3.11/site-packages/sklearn/linear_model/_logistic.py:1272: FutureWarning: 'multi_class' was deprecated in version 1.5 and will be removed in 1.7. From then on, it will always use 'multinomial'. Leave it to its default value to avoid this warning.
  warnings.warn(
/project/6106383/ewillis/pca_contrastive/venv/lib/python3.11/site-packages/sklearn/linear_model/_logistic.py:473: ConvergenceWarning: lbfgs failed to converge after 5 iteration(s) (status=1):
STOP: TOTAL NO. OF ITERATIONS REACHED LIMIT

Increase the number of iterations to improve the convergence (max_iter=5).
You might also want to scale the data as shown in:
    https://scikit-learn.org/stable/modules/preprocessing.html
Please also refer to the documentation for alternative solver options:
    https://scikit-learn.org/stable/modules/linear_model.html#logistic-regression
  n_iter_i = _check_optimize_result(
[018] triplet: train loss 0.3052 | val loss 0.2579 || LR(val): acc 0.9077 BAL-acc 0.4912 f1 0.4479 | acc[c0]=0.945  acc[c1]=0.529  acc[c2]=0.000 | auc[c0]=0.885  auc[c1]=0.874  auc[c2]=0.874 | macroAUC=0.878
Confusion matrix (LR val): rows=true, cols=pred
true\pred   ISUP0   ISUP1   ISUP2   ISUP3   ISUP4   ISUP5
    ISUP0    5895     345       0
    ISUP1     163     183       0
    ISUP2      41      69       0
  ↳ no improvement (6/100)
/project/6106383/ewillis/pca_contrastive/venv/lib/python3.11/site-packages/sklearn/linear_model/_logistic.py:1272: FutureWarning: 'multi_class' was deprecated in version 1.5 and will be removed in 1.7. From then on, it will always use 'multinomial'. Leave it to its default value to avoid this warning.
  warnings.warn(
/project/6106383/ewillis/pca_contrastive/venv/lib/python3.11/site-packages/sklearn/linear_model/_logistic.py:473: ConvergenceWarning: lbfgs failed to converge after 5 iteration(s) (status=1):
STOP: TOTAL NO. OF ITERATIONS REACHED LIMIT

Increase the number of iterations to improve the convergence (max_iter=5).
You might also want to scale the data as shown in:
    https://scikit-learn.org/stable/modules/preprocessing.html
Please also refer to the documentation for alternative solver options:
    https://scikit-learn.org/stable/modules/linear_model.html#logistic-regression
  n_iter_i = _check_optimize_result(
[019] triplet: train loss 0.2667 | val loss 0.2218 || LR(val): acc 0.9105 BAL-acc 0.4995 f1 0.4542 | acc[c0]=0.946  acc[c1]=0.552  acc[c2]=0.000 | auc[c0]=0.893  auc[c1]=0.882  auc[c2]=0.884 | macroAUC=0.887
Confusion matrix (LR val): rows=true, cols=pred
true\pred   ISUP0   ISUP1   ISUP2   ISUP3   ISUP4   ISUP5
    ISUP0    5906     334       0
    ISUP1     155     191       0
    ISUP2      39      71       0
  ↳ no improvement (7/100)
/project/6106383/ewillis/pca_contrastive/venv/lib/python3.11/site-packages/sklearn/linear_model/_logistic.py:1272: FutureWarning: 'multi_class' was deprecated in version 1.5 and will be removed in 1.7. From then on, it will always use 'multinomial'. Leave it to its default value to avoid this warning.
  warnings.warn(
/project/6106383/ewillis/pca_contrastive/venv/lib/python3.11/site-packages/sklearn/linear_model/_logistic.py:473: ConvergenceWarning: lbfgs failed to converge after 5 iteration(s) (status=1):
STOP: TOTAL NO. OF ITERATIONS REACHED LIMIT

Increase the number of iterations to improve the convergence (max_iter=5).
You might also want to scale the data as shown in:
    https://scikit-learn.org/stable/modules/preprocessing.html
Please also refer to the documentation for alternative solver options:
    https://scikit-learn.org/stable/modules/linear_model.html#logistic-regression
  n_iter_i = _check_optimize_result(
[020] triplet: train loss 0.2414 | val loss 0.2175 || LR(val): acc 0.9137 BAL-acc 0.4779 f1 0.4475 | acc[c0]=0.954  acc[c1]=0.480  acc[c2]=0.000 | auc[c0]=0.875  auc[c1]=0.862  auc[c2]=0.873 | macroAUC=0.870
Confusion matrix (LR val): rows=true, cols=pred
true\pred   ISUP0   ISUP1   ISUP2   ISUP3   ISUP4   ISUP5
    ISUP0    5952     288       0
    ISUP1     180     166       0
    ISUP2      45      65       0
  ↳ no improvement (8/100)
/project/6106383/ewillis/pca_contrastive/venv/lib/python3.11/site-packages/sklearn/linear_model/_logistic.py:1272: FutureWarning: 'multi_class' was deprecated in version 1.5 and will be removed in 1.7. From then on, it will always use 'multinomial'. Leave it to its default value to avoid this warning.
  warnings.warn(
/project/6106383/ewillis/pca_contrastive/venv/lib/python3.11/site-packages/sklearn/linear_model/_logistic.py:473: ConvergenceWarning: lbfgs failed to converge after 5 iteration(s) (status=1):
STOP: TOTAL NO. OF ITERATIONS REACHED LIMIT

Increase the number of iterations to improve the convergence (max_iter=5).
You might also want to scale the data as shown in:
    https://scikit-learn.org/stable/modules/preprocessing.html
Please also refer to the documentation for alternative solver options:
    https://scikit-learn.org/stable/modules/linear_model.html#logistic-regression
  n_iter_i = _check_optimize_result(
[021] triplet: train loss 0.2216 | val loss 0.2057 || LR(val): acc 0.9161 BAL-acc 0.4714 f1 0.4470 | acc[c0]=0.958  acc[c1]=0.457  acc[c2]=0.000 | auc[c0]=0.867  auc[c1]=0.851  auc[c2]=0.877 | macroAUC=0.865
Confusion matrix (LR val): rows=true, cols=pred
true\pred   ISUP0   ISUP1   ISUP2   ISUP3   ISUP4   ISUP5
    ISUP0    5976     264       0
    ISUP1     188     158       0
    ISUP2      49      61       0
  ↳ no improvement (9/100)
/project/6106383/ewillis/pca_contrastive/venv/lib/python3.11/site-packages/sklearn/linear_model/_logistic.py:1272: FutureWarning: 'multi_class' was deprecated in version 1.5 and will be removed in 1.7. From then on, it will always use 'multinomial'. Leave it to its default value to avoid this warning.
  warnings.warn(
/project/6106383/ewillis/pca_contrastive/venv/lib/python3.11/site-packages/sklearn/linear_model/_logistic.py:473: ConvergenceWarning: lbfgs failed to converge after 5 iteration(s) (status=1):
STOP: TOTAL NO. OF ITERATIONS REACHED LIMIT

Increase the number of iterations to improve the convergence (max_iter=5).
You might also want to scale the data as shown in:
    https://scikit-learn.org/stable/modules/preprocessing.html
Please also refer to the documentation for alternative solver options:
    https://scikit-learn.org/stable/modules/linear_model.html#logistic-regression
  n_iter_i = _check_optimize_result(
[022] triplet: train loss 0.2075 | val loss 0.2357 || LR(val): acc 0.9108 BAL-acc 0.4969 f1 0.4538 | acc[c0]=0.947  acc[c1]=0.543  acc[c2]=0.000 | auc[c0]=0.887  auc[c1]=0.873  auc[c2]=0.888 | macroAUC=0.883
Confusion matrix (LR val): rows=true, cols=pred
true\pred   ISUP0   ISUP1   ISUP2   ISUP3   ISUP4   ISUP5
    ISUP0    5911     329       0
    ISUP1     158     188       0
    ISUP2      43      67       0
  ↳ no improvement (10/100)
/project/6106383/ewillis/pca_contrastive/venv/lib/python3.11/site-packages/sklearn/linear_model/_logistic.py:1272: FutureWarning: 'multi_class' was deprecated in version 1.5 and will be removed in 1.7. From then on, it will always use 'multinomial'. Leave it to its default value to avoid this warning.
  warnings.warn(
/project/6106383/ewillis/pca_contrastive/venv/lib/python3.11/site-packages/sklearn/linear_model/_logistic.py:473: ConvergenceWarning: lbfgs failed to converge after 5 iteration(s) (status=1):
STOP: TOTAL NO. OF ITERATIONS REACHED LIMIT

Increase the number of iterations to improve the convergence (max_iter=5).
You might also want to scale the data as shown in:
    https://scikit-learn.org/stable/modules/preprocessing.html
Please also refer to the documentation for alternative solver options:
    https://scikit-learn.org/stable/modules/linear_model.html#logistic-regression
  n_iter_i = _check_optimize_result(
[023] triplet: train loss 0.1828 | val loss 0.2098 || LR(val): acc 0.9125 BAL-acc 0.4802 f1 0.4473 | acc[c0]=0.952  acc[c1]=0.488  acc[c2]=0.000 | auc[c0]=0.873  auc[c1]=0.857  auc[c2]=0.882 | macroAUC=0.871
Confusion matrix (LR val): rows=true, cols=pred
true\pred   ISUP0   ISUP1   ISUP2   ISUP3   ISUP4   ISUP5
    ISUP0    5941     299       0
    ISUP1     177     169       0
    ISUP2      43      67       0
  ↳ no improvement (11/100)
/project/6106383/ewillis/pca_contrastive/venv/lib/python3.11/site-packages/sklearn/linear_model/_logistic.py:1272: FutureWarning: 'multi_class' was deprecated in version 1.5 and will be removed in 1.7. From then on, it will always use 'multinomial'. Leave it to its default value to avoid this warning.
  warnings.warn(
/project/6106383/ewillis/pca_contrastive/venv/lib/python3.11/site-packages/sklearn/linear_model/_logistic.py:473: ConvergenceWarning: lbfgs failed to converge after 5 iteration(s) (status=1):
STOP: TOTAL NO. OF ITERATIONS REACHED LIMIT

Increase the number of iterations to improve the convergence (max_iter=5).
You might also want to scale the data as shown in:
    https://scikit-learn.org/stable/modules/preprocessing.html
Please also refer to the documentation for alternative solver options:
    https://scikit-learn.org/stable/modules/linear_model.html#logistic-regression
  n_iter_i = _check_optimize_result(
[024] triplet: train loss 0.1721 | val loss 0.2058 || LR(val): acc 0.9128 BAL-acc 0.4748 f1 0.4453 | acc[c0]=0.953  acc[c1]=0.471  acc[c2]=0.000 | auc[c0]=0.870  auc[c1]=0.852  auc[c2]=0.882 | macroAUC=0.868
Confusion matrix (LR val): rows=true, cols=pred
true\pred   ISUP0   ISUP1   ISUP2   ISUP3   ISUP4   ISUP5
    ISUP0    5949     291       0
    ISUP1     183     163       0
    ISUP2      47      63       0
  ↳ no improvement (12/100)
/project/6106383/ewillis/pca_contrastive/venv/lib/python3.11/site-packages/sklearn/linear_model/_logistic.py:1272: FutureWarning: 'multi_class' was deprecated in version 1.5 and will be removed in 1.7. From then on, it will always use 'multinomial'. Leave it to its default value to avoid this warning.
  warnings.warn(
/project/6106383/ewillis/pca_contrastive/venv/lib/python3.11/site-packages/sklearn/linear_model/_logistic.py:473: ConvergenceWarning: lbfgs failed to converge after 5 iteration(s) (status=1):
STOP: TOTAL NO. OF ITERATIONS REACHED LIMIT

Increase the number of iterations to improve the convergence (max_iter=5).
You might also want to scale the data as shown in:
    https://scikit-learn.org/stable/modules/preprocessing.html
Please also refer to the documentation for alternative solver options:
    https://scikit-learn.org/stable/modules/linear_model.html#logistic-regression
  n_iter_i = _check_optimize_result(
[025] triplet: train loss 0.1553 | val loss 0.2016 || LR(val): acc 0.9149 BAL-acc 0.4815 f1 0.4593 | acc[c0]=0.955  acc[c1]=0.471  acc[c2]=0.018 | auc[c0]=0.864  auc[c1]=0.846  auc[c2]=0.879 | macroAUC=0.863
Confusion matrix (LR val): rows=true, cols=pred
true\pred   ISUP0   ISUP1   ISUP2   ISUP3   ISUP4   ISUP5
    ISUP0    5961     279       0
    ISUP1     183     163       0
    ISUP2      45      63       2
  ↳ no improvement (13/100)
/project/6106383/ewillis/pca_contrastive/venv/lib/python3.11/site-packages/sklearn/linear_model/_logistic.py:1272: FutureWarning: 'multi_class' was deprecated in version 1.5 and will be removed in 1.7. From then on, it will always use 'multinomial'. Leave it to its default value to avoid this warning.
  warnings.warn(
/project/6106383/ewillis/pca_contrastive/venv/lib/python3.11/site-packages/sklearn/linear_model/_logistic.py:473: ConvergenceWarning: lbfgs failed to converge after 5 iteration(s) (status=1):
STOP: TOTAL NO. OF ITERATIONS REACHED LIMIT

Increase the number of iterations to improve the convergence (max_iter=5).
You might also want to scale the data as shown in:
    https://scikit-learn.org/stable/modules/preprocessing.html
Please also refer to the documentation for alternative solver options:
    https://scikit-learn.org/stable/modules/linear_model.html#logistic-regression
  n_iter_i = _check_optimize_result(
[026] triplet: train loss 0.1483 | val loss 0.1837 || LR(val): acc 0.9180 BAL-acc 0.4717 f1 0.4579 | acc[c0]=0.961  acc[c1]=0.436  acc[c2]=0.018 | auc[c0]=0.862  auc[c1]=0.848  auc[c2]=0.868 | macroAUC=0.859
Confusion matrix (LR val): rows=true, cols=pred
true\pred   ISUP0   ISUP1   ISUP2   ISUP3   ISUP4   ISUP5
    ISUP0    5994     246       0
    ISUP1     195     151       0
    ISUP2      51      57       2
  ↳ no improvement (14/100)
/project/6106383/ewillis/pca_contrastive/venv/lib/python3.11/site-packages/sklearn/linear_model/_logistic.py:1272: FutureWarning: 'multi_class' was deprecated in version 1.5 and will be removed in 1.7. From then on, it will always use 'multinomial'. Leave it to its default value to avoid this warning.
  warnings.warn(
/project/6106383/ewillis/pca_contrastive/venv/lib/python3.11/site-packages/sklearn/linear_model/_logistic.py:473: ConvergenceWarning: lbfgs failed to converge after 5 iteration(s) (status=1):
STOP: TOTAL NO. OF ITERATIONS REACHED LIMIT

Increase the number of iterations to improve the convergence (max_iter=5).
You might also want to scale the data as shown in:
    https://scikit-learn.org/stable/modules/preprocessing.html
Please also refer to the documentation for alternative solver options:
    https://scikit-learn.org/stable/modules/linear_model.html#logistic-regression
  n_iter_i = _check_optimize_result(
[027] triplet: train loss 0.1390 | val loss 0.1675 || LR(val): acc 0.9231 BAL-acc 0.4747 f1 0.4693 | acc[c0]=0.966  acc[c1]=0.431  acc[c2]=0.027 | auc[c0]=0.849  auc[c1]=0.833  auc[c2]=0.865 | macroAUC=0.849
Confusion matrix (LR val): rows=true, cols=pred
true\pred   ISUP0   ISUP1   ISUP2   ISUP3   ISUP4   ISUP5
    ISUP0    6029     211       0
    ISUP1     197     149       0
    ISUP2      52      55       3
  ↳ no improvement (15/100)
/project/6106383/ewillis/pca_contrastive/venv/lib/python3.11/site-packages/sklearn/linear_model/_logistic.py:1272: FutureWarning: 'multi_class' was deprecated in version 1.5 and will be removed in 1.7. From then on, it will always use 'multinomial'. Leave it to its default value to avoid this warning.
  warnings.warn(
/project/6106383/ewillis/pca_contrastive/venv/lib/python3.11/site-packages/sklearn/linear_model/_logistic.py:473: ConvergenceWarning: lbfgs failed to converge after 5 iteration(s) (status=1):
STOP: TOTAL NO. OF ITERATIONS REACHED LIMIT

Increase the number of iterations to improve the convergence (max_iter=5).
You might also want to scale the data as shown in:
    https://scikit-learn.org/stable/modules/preprocessing.html
Please also refer to the documentation for alternative solver options:
    https://scikit-learn.org/stable/modules/linear_model.html#logistic-regression
  n_iter_i = _check_optimize_result(
[028] triplet: train loss 0.1266 | val loss 0.1794 || LR(val): acc 0.9186 BAL-acc 0.4578 f1 0.4421 | acc[c0]=0.963  acc[c1]=0.410  acc[c2]=0.000 | auc[c0]=0.848  auc[c1]=0.831  auc[c2]=0.865 | macroAUC=0.848
Confusion matrix (LR val): rows=true, cols=pred
true\pred   ISUP0   ISUP1   ISUP2   ISUP3   ISUP4   ISUP5
    ISUP0    6009     231       0
    ISUP1     204     142       0
    ISUP2      51      59       0
  ↳ no improvement (16/100)
/project/6106383/ewillis/pca_contrastive/venv/lib/python3.11/site-packages/sklearn/linear_model/_logistic.py:1272: FutureWarning: 'multi_class' was deprecated in version 1.5 and will be removed in 1.7. From then on, it will always use 'multinomial'. Leave it to its default value to avoid this warning.
  warnings.warn(
/project/6106383/ewillis/pca_contrastive/venv/lib/python3.11/site-packages/sklearn/linear_model/_logistic.py:473: ConvergenceWarning: lbfgs failed to converge after 5 iteration(s) (status=1):
STOP: TOTAL NO. OF ITERATIONS REACHED LIMIT

Increase the number of iterations to improve the convergence (max_iter=5).
You might also want to scale the data as shown in:
    https://scikit-learn.org/stable/modules/preprocessing.html
Please also refer to the documentation for alternative solver options:
    https://scikit-learn.org/stable/modules/linear_model.html#logistic-regression
  n_iter_i = _check_optimize_result(
[029] triplet: train loss 0.1257 | val loss 0.1770 || LR(val): acc 0.9179 BAL-acc 0.4703 f1 0.4482 | acc[c0]=0.960  acc[c1]=0.451  acc[c2]=0.000 | auc[c0]=0.865  auc[c1]=0.847  auc[c2]=0.880 | macroAUC=0.864
Confusion matrix (LR val): rows=true, cols=pred
true\pred   ISUP0   ISUP1   ISUP2   ISUP3   ISUP4   ISUP5
    ISUP0    5990     250       0
    ISUP1     190     156       0
    ISUP2      49      61       0
  ↳ no improvement (17/100)
/project/6106383/ewillis/pca_contrastive/venv/lib/python3.11/site-packages/sklearn/linear_model/_logistic.py:1272: FutureWarning: 'multi_class' was deprecated in version 1.5 and will be removed in 1.7. From then on, it will always use 'multinomial'. Leave it to its default value to avoid this warning.
  warnings.warn(
/project/6106383/ewillis/pca_contrastive/venv/lib/python3.11/site-packages/sklearn/linear_model/_logistic.py:473: ConvergenceWarning: lbfgs failed to converge after 5 iteration(s) (status=1):
STOP: TOTAL NO. OF ITERATIONS REACHED LIMIT

Increase the number of iterations to improve the convergence (max_iter=5).
You might also want to scale the data as shown in:
    https://scikit-learn.org/stable/modules/preprocessing.html
Please also refer to the documentation for alternative solver options:
    https://scikit-learn.org/stable/modules/linear_model.html#logistic-regression
  n_iter_i = _check_optimize_result(
[030] triplet: train loss 0.1116 | val loss 0.1688 || LR(val): acc 0.9165 BAL-acc 0.4643 f1 0.4434 | acc[c0]=0.959  acc[c1]=0.434  acc[c2]=0.000 | auc[c0]=0.858  auc[c1]=0.840  auc[c2]=0.879 | macroAUC=0.859
Confusion matrix (LR val): rows=true, cols=pred
true\pred   ISUP0   ISUP1   ISUP2   ISUP3   ISUP4   ISUP5
    ISUP0    5987     253       0
    ISUP1     196     150       0
    ISUP2      48      62       0
  ↳ no improvement (18/100)
/project/6106383/ewillis/pca_contrastive/venv/lib/python3.11/site-packages/sklearn/linear_model/_logistic.py:1272: FutureWarning: 'multi_class' was deprecated in version 1.5 and will be removed in 1.7. From then on, it will always use 'multinomial'. Leave it to its default value to avoid this warning.
  warnings.warn(
/project/6106383/ewillis/pca_contrastive/venv/lib/python3.11/site-packages/sklearn/linear_model/_logistic.py:473: ConvergenceWarning: lbfgs failed to converge after 5 iteration(s) (status=1):
STOP: TOTAL NO. OF ITERATIONS REACHED LIMIT

Increase the number of iterations to improve the convergence (max_iter=5).
You might also want to scale the data as shown in:
    https://scikit-learn.org/stable/modules/preprocessing.html
Please also refer to the documentation for alternative solver options:
    https://scikit-learn.org/stable/modules/linear_model.html#logistic-regression
  n_iter_i = _check_optimize_result(
[031] triplet: train loss 0.1088 | val loss 0.1657 || LR(val): acc 0.9240 BAL-acc 0.4668 f1 0.4660 | acc[c0]=0.969  acc[c1]=0.405  acc[c2]=0.027 | auc[c0]=0.840  auc[c1]=0.823  auc[c2]=0.859 | macroAUC=0.841
Confusion matrix (LR val): rows=true, cols=pred
true\pred   ISUP0   ISUP1   ISUP2   ISUP3   ISUP4   ISUP5
    ISUP0    6044     196       0
    ISUP1     206     140       0
    ISUP2      55      52       3
  ↳ no improvement (19/100)
/project/6106383/ewillis/pca_contrastive/venv/lib/python3.11/site-packages/sklearn/linear_model/_logistic.py:1272: FutureWarning: 'multi_class' was deprecated in version 1.5 and will be removed in 1.7. From then on, it will always use 'multinomial'. Leave it to its default value to avoid this warning.
  warnings.warn(
/project/6106383/ewillis/pca_contrastive/venv/lib/python3.11/site-packages/sklearn/linear_model/_logistic.py:473: ConvergenceWarning: lbfgs failed to converge after 5 iteration(s) (status=1):
STOP: TOTAL NO. OF ITERATIONS REACHED LIMIT

Increase the number of iterations to improve the convergence (max_iter=5).
You might also want to scale the data as shown in:
    https://scikit-learn.org/stable/modules/preprocessing.html
Please also refer to the documentation for alternative solver options:
    https://scikit-learn.org/stable/modules/linear_model.html#logistic-regression
  n_iter_i = _check_optimize_result(
[032] triplet: train loss 0.1012 | val loss 0.1615 || LR(val): acc 0.9226 BAL-acc 0.4673 f1 0.4641 | acc[c0]=0.967  acc[c1]=0.408  acc[c2]=0.027 | auc[c0]=0.842  auc[c1]=0.820  auc[c2]=0.872 | macroAUC=0.845
Confusion matrix (LR val): rows=true, cols=pred
true\pred   ISUP0   ISUP1   ISUP2   ISUP3   ISUP4   ISUP5
    ISUP0    6034     206       0
    ISUP1     205     141       0
    ISUP2      50      57       3
  ↳ no improvement (20/100)
/project/6106383/ewillis/pca_contrastive/venv/lib/python3.11/site-packages/sklearn/linear_model/_logistic.py:1272: FutureWarning: 'multi_class' was deprecated in version 1.5 and will be removed in 1.7. From then on, it will always use 'multinomial'. Leave it to its default value to avoid this warning.
  warnings.warn(
/project/6106383/ewillis/pca_contrastive/venv/lib/python3.11/site-packages/sklearn/linear_model/_logistic.py:473: ConvergenceWarning: lbfgs failed to converge after 5 iteration(s) (status=1):
STOP: TOTAL NO. OF ITERATIONS REACHED LIMIT

Increase the number of iterations to improve the convergence (max_iter=5).
You might also want to scale the data as shown in:
    https://scikit-learn.org/stable/modules/preprocessing.html
Please also refer to the documentation for alternative solver options:
    https://scikit-learn.org/stable/modules/linear_model.html#logistic-regression
  n_iter_i = _check_optimize_result(
[033] triplet: train loss 0.1022 | val loss 0.1810 || LR(val): acc 0.9125 BAL-acc 0.4738 f1 0.4446 | acc[c0]=0.953  acc[c1]=0.468  acc[c2]=0.000 | auc[c0]=0.860  auc[c1]=0.842  auc[c2]=0.878 | macroAUC=0.860
Confusion matrix (LR val): rows=true, cols=pred
true\pred   ISUP0   ISUP1   ISUP2   ISUP3   ISUP4   ISUP5
    ISUP0    5948     292       0
    ISUP1     184     162       0
    ISUP2      48      62       0
  ↳ no improvement (21/100)
/project/6106383/ewillis/pca_contrastive/venv/lib/python3.11/site-packages/sklearn/linear_model/_logistic.py:1272: FutureWarning: 'multi_class' was deprecated in version 1.5 and will be removed in 1.7. From then on, it will always use 'multinomial'. Leave it to its default value to avoid this warning.
  warnings.warn(
/project/6106383/ewillis/pca_contrastive/venv/lib/python3.11/site-packages/sklearn/linear_model/_logistic.py:473: ConvergenceWarning: lbfgs failed to converge after 5 iteration(s) (status=1):
STOP: TOTAL NO. OF ITERATIONS REACHED LIMIT

Increase the number of iterations to improve the convergence (max_iter=5).
You might also want to scale the data as shown in:
    https://scikit-learn.org/stable/modules/preprocessing.html
Please also refer to the documentation for alternative solver options:
    https://scikit-learn.org/stable/modules/linear_model.html#logistic-regression
  n_iter_i = _check_optimize_result(
[034] triplet: train loss 0.0969 | val loss 0.1602 || LR(val): acc 0.9174 BAL-acc 0.4704 f1 0.4520 | acc[c0]=0.960  acc[c1]=0.442  acc[c2]=0.009 | auc[c0]=0.857  auc[c1]=0.840  auc[c2]=0.874 | macroAUC=0.857
Confusion matrix (LR val): rows=true, cols=pred
true\pred   ISUP0   ISUP1   ISUP2   ISUP3   ISUP4   ISUP5
    ISUP0    5989     251       0
    ISUP1     193     153       0
    ISUP2      48      61       1
  ↳ no improvement (22/100)
/project/6106383/ewillis/pca_contrastive/venv/lib/python3.11/site-packages/sklearn/linear_model/_logistic.py:1272: FutureWarning: 'multi_class' was deprecated in version 1.5 and will be removed in 1.7. From then on, it will always use 'multinomial'. Leave it to its default value to avoid this warning.
  warnings.warn(
/project/6106383/ewillis/pca_contrastive/venv/lib/python3.11/site-packages/sklearn/linear_model/_logistic.py:473: ConvergenceWarning: lbfgs failed to converge after 5 iteration(s) (status=1):
STOP: TOTAL NO. OF ITERATIONS REACHED LIMIT

Increase the number of iterations to improve the convergence (max_iter=5).
You might also want to scale the data as shown in:
    https://scikit-learn.org/stable/modules/preprocessing.html
Please also refer to the documentation for alternative solver options:
    https://scikit-learn.org/stable/modules/linear_model.html#logistic-regression
  n_iter_i = _check_optimize_result(
[035] triplet: train loss 0.0928 | val loss 0.1767 || LR(val): acc 0.9165 BAL-acc 0.4625 f1 0.4426 | acc[c0]=0.960  acc[c1]=0.428  acc[c2]=0.000 | auc[c0]=0.852  auc[c1]=0.833  auc[c2]=0.872 | macroAUC=0.852
Confusion matrix (LR val): rows=true, cols=pred
true\pred   ISUP0   ISUP1   ISUP2   ISUP3   ISUP4   ISUP5
    ISUP0    5989     251       0
    ISUP1     198     148       0
    ISUP2      50      60       0
  ↳ no improvement (23/100)
/project/6106383/ewillis/pca_contrastive/venv/lib/python3.11/site-packages/sklearn/linear_model/_logistic.py:1272: FutureWarning: 'multi_class' was deprecated in version 1.5 and will be removed in 1.7. From then on, it will always use 'multinomial'. Leave it to its default value to avoid this warning.
  warnings.warn(
/project/6106383/ewillis/pca_contrastive/venv/lib/python3.11/site-packages/sklearn/linear_model/_logistic.py:473: ConvergenceWarning: lbfgs failed to converge after 5 iteration(s) (status=1):
STOP: TOTAL NO. OF ITERATIONS REACHED LIMIT

Increase the number of iterations to improve the convergence (max_iter=5).
You might also want to scale the data as shown in:
    https://scikit-learn.org/stable/modules/preprocessing.html
Please also refer to the documentation for alternative solver options:
    https://scikit-learn.org/stable/modules/linear_model.html#logistic-regression
  n_iter_i = _check_optimize_result(
[036] triplet: train loss 0.0863 | val loss 0.1693 || LR(val): acc 0.9143 BAL-acc 0.4653 f1 0.4417 | acc[c0]=0.957  acc[c1]=0.439  acc[c2]=0.000 | auc[c0]=0.859  auc[c1]=0.842  auc[c2]=0.874 | macroAUC=0.858
Confusion matrix (LR val): rows=true, cols=pred
true\pred   ISUP0   ISUP1   ISUP2   ISUP3   ISUP4   ISUP5
    ISUP0    5970     270       0
    ISUP1     194     152       0
    ISUP2      48      62       0
  ↳ no improvement (24/100)
/project/6106383/ewillis/pca_contrastive/venv/lib/python3.11/site-packages/sklearn/linear_model/_logistic.py:1272: FutureWarning: 'multi_class' was deprecated in version 1.5 and will be removed in 1.7. From then on, it will always use 'multinomial'. Leave it to its default value to avoid this warning.
  warnings.warn(
/project/6106383/ewillis/pca_contrastive/venv/lib/python3.11/site-packages/sklearn/linear_model/_logistic.py:473: ConvergenceWarning: lbfgs failed to converge after 5 iteration(s) (status=1):
STOP: TOTAL NO. OF ITERATIONS REACHED LIMIT

Increase the number of iterations to improve the convergence (max_iter=5).
You might also want to scale the data as shown in:
    https://scikit-learn.org/stable/modules/preprocessing.html
Please also refer to the documentation for alternative solver options:
    https://scikit-learn.org/stable/modules/linear_model.html#logistic-regression
  n_iter_i = _check_optimize_result(
[037] triplet: train loss 0.0898 | val loss 0.1633 || LR(val): acc 0.9213 BAL-acc 0.4693 f1 0.4598 | acc[c0]=0.965  acc[c1]=0.425  acc[c2]=0.018 | auc[c0]=0.854  auc[c1]=0.834  auc[c2]=0.878 | macroAUC=0.855
Confusion matrix (LR val): rows=true, cols=pred
true\pred   ISUP0   ISUP1   ISUP2   ISUP3   ISUP4   ISUP5
    ISUP0    6020     220       0
    ISUP1     199     147       0
    ISUP2      50      58       2
  ↳ no improvement (25/100)
/project/6106383/ewillis/pca_contrastive/venv/lib/python3.11/site-packages/sklearn/linear_model/_logistic.py:1272: FutureWarning: 'multi_class' was deprecated in version 1.5 and will be removed in 1.7. From then on, it will always use 'multinomial'. Leave it to its default value to avoid this warning.
  warnings.warn(
/project/6106383/ewillis/pca_contrastive/venv/lib/python3.11/site-packages/sklearn/linear_model/_logistic.py:473: ConvergenceWarning: lbfgs failed to converge after 5 iteration(s) (status=1):
STOP: TOTAL NO. OF ITERATIONS REACHED LIMIT

Increase the number of iterations to improve the convergence (max_iter=5).
You might also want to scale the data as shown in:
    https://scikit-learn.org/stable/modules/preprocessing.html
Please also refer to the documentation for alternative solver options:
    https://scikit-learn.org/stable/modules/linear_model.html#logistic-regression
  n_iter_i = _check_optimize_result(
[038] triplet: train loss 0.0864 | val loss 0.1506 || LR(val): acc 0.9235 BAL-acc 0.4589 f1 0.4527 | acc[c0]=0.969  acc[c1]=0.399  acc[c2]=0.009 | auc[c0]=0.845  auc[c1]=0.825  auc[c2]=0.871 | macroAUC=0.847
Confusion matrix (LR val): rows=true, cols=pred
true\pred   ISUP0   ISUP1   ISUP2   ISUP3   ISUP4   ISUP5
    ISUP0    6045     195       0
    ISUP1     208     138       0
    ISUP2      55      54       1
  ↳ no improvement (26/100)
/project/6106383/ewillis/pca_contrastive/venv/lib/python3.11/site-packages/sklearn/linear_model/_logistic.py:1272: FutureWarning: 'multi_class' was deprecated in version 1.5 and will be removed in 1.7. From then on, it will always use 'multinomial'. Leave it to its default value to avoid this warning.
  warnings.warn(
/project/6106383/ewillis/pca_contrastive/venv/lib/python3.11/site-packages/sklearn/linear_model/_logistic.py:473: ConvergenceWarning: lbfgs failed to converge after 5 iteration(s) (status=1):
STOP: TOTAL NO. OF ITERATIONS REACHED LIMIT

Increase the number of iterations to improve the convergence (max_iter=5).
You might also want to scale the data as shown in:
    https://scikit-learn.org/stable/modules/preprocessing.html
Please also refer to the documentation for alternative solver options:
    https://scikit-learn.org/stable/modules/linear_model.html#logistic-regression
  n_iter_i = _check_optimize_result(
[039] triplet: train loss 0.0813 | val loss 0.1590 || LR(val): acc 0.9185 BAL-acc 0.4728 f1 0.4585 | acc[c0]=0.961  acc[c1]=0.439  acc[c2]=0.018 | auc[c0]=0.856  auc[c1]=0.837  auc[c2]=0.878 | macroAUC=0.857
Confusion matrix (LR val): rows=true, cols=pred
true\pred   ISUP0   ISUP1   ISUP2   ISUP3   ISUP4   ISUP5
    ISUP0    5996     244       0
    ISUP1     194     152       0
    ISUP2      47      61       2
  ↳ no improvement (27/100)
/project/6106383/ewillis/pca_contrastive/venv/lib/python3.11/site-packages/sklearn/linear_model/_logistic.py:1272: FutureWarning: 'multi_class' was deprecated in version 1.5 and will be removed in 1.7. From then on, it will always use 'multinomial'. Leave it to its default value to avoid this warning.
  warnings.warn(
/project/6106383/ewillis/pca_contrastive/venv/lib/python3.11/site-packages/sklearn/linear_model/_logistic.py:473: ConvergenceWarning: lbfgs failed to converge after 5 iteration(s) (status=1):
STOP: TOTAL NO. OF ITERATIONS REACHED LIMIT

Increase the number of iterations to improve the convergence (max_iter=5).
You might also want to scale the data as shown in:
    https://scikit-learn.org/stable/modules/preprocessing.html
Please also refer to the documentation for alternative solver options:
    https://scikit-learn.org/stable/modules/linear_model.html#logistic-regression
  n_iter_i = _check_optimize_result(
[040] triplet: train loss 0.0789 | val loss 0.1546 || LR(val): acc 0.9223 BAL-acc 0.4662 f1 0.4636 | acc[c0]=0.967  acc[c1]=0.405  acc[c2]=0.027 | auc[c0]=0.841  auc[c1]=0.821  auc[c2]=0.867 | macroAUC=0.843
Confusion matrix (LR val): rows=true, cols=pred
true\pred   ISUP0   ISUP1   ISUP2   ISUP3   ISUP4   ISUP5
    ISUP0    6033     207       0
    ISUP1     205     140       1
    ISUP2      54      53       3
  ↳ no improvement (28/100)
/project/6106383/ewillis/pca_contrastive/venv/lib/python3.11/site-packages/sklearn/linear_model/_logistic.py:1272: FutureWarning: 'multi_class' was deprecated in version 1.5 and will be removed in 1.7. From then on, it will always use 'multinomial'. Leave it to its default value to avoid this warning.
  warnings.warn(
/project/6106383/ewillis/pca_contrastive/venv/lib/python3.11/site-packages/sklearn/linear_model/_logistic.py:473: ConvergenceWarning: lbfgs failed to converge after 5 iteration(s) (status=1):
STOP: TOTAL NO. OF ITERATIONS REACHED LIMIT

Increase the number of iterations to improve the convergence (max_iter=5).
You might also want to scale the data as shown in:
    https://scikit-learn.org/stable/modules/preprocessing.html
Please also refer to the documentation for alternative solver options:
    https://scikit-learn.org/stable/modules/linear_model.html#logistic-regression
  n_iter_i = _check_optimize_result(
[041] triplet: train loss 0.0805 | val loss 0.1558 || LR(val): acc 0.9198 BAL-acc 0.4676 f1 0.4529 | acc[c0]=0.963  acc[c1]=0.431  acc[c2]=0.009 | auc[c0]=0.853  auc[c1]=0.834  auc[c2]=0.880 | macroAUC=0.856
Confusion matrix (LR val): rows=true, cols=pred
true\pred   ISUP0   ISUP1   ISUP2   ISUP3   ISUP4   ISUP5
    ISUP0    6009     231       0
    ISUP1     197     149       0
    ISUP2      48      61       1
  ↳ no improvement (29/100)
srun: Job step aborted: Waiting up to 32 seconds for job step to finish.
slurmstepd: error: *** STEP 1345333.0 ON kn071 CANCELLED AT 2025-10-29T00:36:49 DUE TO TIME LIMIT ***
slurmstepd: error: *** JOB 1345333 ON kn071 CANCELLED AT 2025-10-29T00:36:49 DUE TO TIME LIMIT ***
