Host: kn070
/project/6106383/ewillis/pca_contrastive/venv/bin/python
Python 3.11.4
Sun Nov 16 15:56:41 2025       
+-----------------------------------------------------------------------------------------+
| NVIDIA-SMI 570.148.08             Driver Version: 570.148.08     CUDA Version: 12.8     |
|-----------------------------------------+------------------------+----------------------+
| GPU  Name                 Persistence-M | Bus-Id          Disp.A | Volatile Uncorr. ECC |
| Fan  Temp   Perf          Pwr:Usage/Cap |           Memory-Usage | GPU-Util  Compute M. |
|                                         |                        |               MIG M. |
|=========================================+========================+======================|
|   0  NVIDIA L40S                    On  |   00000000:65:00.0 Off |                    0 |
| N/A   27C    P8             33W /  350W |       0MiB /  46068MiB |      0%      Default |
|                                         |                        |                  N/A |
+-----------------------------------------+------------------------+----------------------+
                                                                                         
+-----------------------------------------------------------------------------------------+
| Processes:                                                                              |
|  GPU   GI   CI              PID   Type   Process name                        GPU Memory |
|        ID   ID                                                               Usage      |
|=========================================================================================|
|  No running processes found                                                             |
+-----------------------------------------------------------------------------------------+
[load] loaded /home/ewillis/projects/aip-medilab/ewillis/pca_contrastive/mri_model_medsam_finetune_2D/results_no_loading/baseline/ckpt_best.pt
[load] dropped 7 incompatible keys (e.g., ['pool.norm.weight', 'pool.norm.bias', 'pool.theta.weight', 'pool.gate.weight', 'proj.0.weight', 'proj.0.bias'])
[load] missing: ['pool.norm.weight', 'pool.norm.bias', 'pool.theta.weight', 'pool.gate.weight', 'proj.0.weight', 'proj.0.bias']
[load] loaded /home/ewillis/projects/aip-medilab/ewillis/pca_contrastive/mri_model_medsam_finetune_2D/results_no_loading/triplet/ckpt_head_best.pt
[load] dropped 7 incompatible keys (e.g., ['pool.norm.weight', 'pool.norm.bias', 'pool.theta.weight', 'pool.gate.weight', 'proj.0.weight', 'proj.0.bias'])
[load] missing: ['pool.norm.weight', 'pool.norm.bias', 'pool.theta.weight', 'pool.gate.weight', 'proj.0.weight', 'proj.0.bias']
[ATTN_base] min[:8]=[0.0028978276532143354, 0.003001814940944314, 0.002605103189125657, 0.0029539347160607576, 0.0029850585851818323, 0.0027776770293712616, 0.002826482057571411, 0.002992649795487523]
[ATTN_base] max[:8]=[0.005406433716416359, 0.005219118669629097, 0.005375433713197708, 0.005290893837809563, 0.00502180028706789, 0.005458239000290632, 0.00503612169995904, 0.005485666450113058]
[ATTN_base] std[:8]=[0.00044013088336214423, 0.00028605476836673915, 0.00039103461313061416, 0.0003100477624684572, 0.0003051454259548336, 0.0004416615702211857, 0.00033469218760728836, 0.0003378300170879811]
[ATTN_base] top5% mass (uniform≈0.05)[:8]=[0.061629220843315125, 0.05839100852608681, 0.06135611981153488, 0.05986986309289932, 0.05919458344578743, 0.06245044991374016, 0.058086611330509186, 0.05988120287656784]
[ATTN_align] min[:8]=[0.0024508109781891108, 0.0026559638790786266, 0.0026542237028479576, 0.002570019569247961, 0.0028715201187878847, 0.0028163038659840822, 0.002889637602493167, 0.0027211483102291822]
[ATTN_align] max[:8]=[0.0051025571301579475, 0.005370969418436289, 0.005498862825334072, 0.005221771541982889, 0.005008568521589041, 0.005329376086592674, 0.0051892646588385105, 0.0061574033461511135]
[ATTN_align] std[:8]=[0.00044516127672977746, 0.00041108945151790977, 0.00042695386218838394, 0.0004544133262243122, 0.0003189390990883112, 0.00042255112202838063, 0.0003563915379345417, 0.0004211505001876503]
[ATTN_align] top5% mass (uniform≈0.05)[:8]=[0.061023976653814316, 0.061745405197143555, 0.06242845579981804, 0.0610351599752903, 0.05814681574702263, 0.061599817126989365, 0.0594230517745018, 0.06260300427675247]
[gradcam] |grads| mean: 1.845387669163756e-05
[gradcam] |grads| mean: 3.1838411814533174e-05
[CAM_base] min[:8]=[0.0, 0.0, 0.0, 0.0, 0.0, 0.0, 0.0, 0.0]
[CAM_base] max[:8]=[1.0, 1.0, 1.0, 1.0, 1.0, 1.0, 1.0, 1.0]
[CAM_base] std[:8]=[0.1652938574552536, 0.14847977459430695, 0.1757398247718811, 0.16040129959583282, 0.17524763941764832, 0.14737404882907867, 0.17206645011901855, 0.16336821019649506]
[CAM_base] top5% mass (uniform≈0.05)[:8]=[0.22299660742282867, 0.23298853635787964, 0.19610844552516937, 0.20340311527252197, 0.20035655796527863, 0.22712644934654236, 0.2196272313594818, 0.17568759620189667]
[CAM_align] min[:8]=[0.0, 0.0, 0.0, 0.0, 0.0, 0.0, 0.0, 0.0]
[CAM_align] max[:8]=[1.0, 1.0, 1.0, 1.0, 1.0, 1.0, 1.0, 1.0]
[CAM_align] std[:8]=[0.12802009284496307, 0.14942523837089539, 0.13970470428466797, 0.17513644695281982, 0.16370083391666412, 0.14449970424175262, 0.17596153914928436, 0.14541444182395935]
[CAM_align] top5% mass (uniform≈0.05)[:8]=[0.2493223398923874, 0.21548569202423096, 0.22062437236309052, 0.202071875333786, 0.2356809824705124, 0.2984218895435333, 0.2591705322265625, 0.24576273560523987]
[ok] wrote /home/ewillis/projects/aip-medilab/ewillis/pca_contrastive/mri_model_medsam_finetune_2D/results_no_loading/figs/viz_attn_gradcam/n8_folds4_grid.pdf and per-row PNGs
[ok] wrote /home/ewillis/projects/aip-medilab/ewillis/pca_contrastive/mri_model_medsam_finetune_2D/results_no_loading/figs/viz_attn_gradcam/pred_classes.txt
