Host: kn116
/project/6106383/ewillis/pca_contrastive/venv/bin/python
Python 3.11.4
Wed Oct 29 12:32:42 2025       
+-----------------------------------------------------------------------------------------+
| NVIDIA-SMI 570.148.08             Driver Version: 570.148.08     CUDA Version: 12.8     |
|-----------------------------------------+------------------------+----------------------+
| GPU  Name                 Persistence-M | Bus-Id          Disp.A | Volatile Uncorr. ECC |
| Fan  Temp   Perf          Pwr:Usage/Cap |           Memory-Usage | GPU-Util  Compute M. |
|                                         |                        |               MIG M. |
|=========================================+========================+======================|
|   0  NVIDIA L40S                    On  |   00000000:E3:00.0 Off |                    0 |
| N/A   34C    P8             38W /  350W |       0MiB /  46068MiB |      0%      Default |
|                                         |                        |                  N/A |
+-----------------------------------------+------------------------+----------------------+
                                                                                         
+-----------------------------------------------------------------------------------------+
| Processes:                                                                              |
|  GPU   GI   CI              PID   Type   Process name                        GPU Memory |
|        ID   ID                                                               Usage      |
|=========================================================================================|
|  No running processes found                                                             |
+-----------------------------------------------------------------------------------------+
Device: cuda | IMG_SIZE=256
Val rows: 6762 | folds=4 | channels=('path_T2', 'path_ADC', 'path_HBV')
Saved to /home/ewillis/projects/aip-medilab/ewillis/pca_contrastive/mri_model_medsam_finetune_2D/PATIENT_LEVEL/RESULTS_MERGED_PATIENT_LEVEL/binary_all/results512/TRIPLET/all_providers/head_only/encodings_test_f4 | N=6762 | emb_dim=512
 - /home/ewillis/projects/aip-medilab/ewillis/pca_contrastive/mri_model_medsam_finetune_2D/PATIENT_LEVEL/RESULTS_MERGED_PATIENT_LEVEL/binary_all/results512/TRIPLET/all_providers/head_only/encodings_test_f4/val_embeddings.npy
 - /home/ewillis/projects/aip-medilab/ewillis/pca_contrastive/mri_model_medsam_finetune_2D/PATIENT_LEVEL/RESULTS_MERGED_PATIENT_LEVEL/binary_all/results512/TRIPLET/all_providers/head_only/encodings_test_f4/val_logits.npy
 - /home/ewillis/projects/aip-medilab/ewillis/pca_contrastive/mri_model_medsam_finetune_2D/PATIENT_LEVEL/RESULTS_MERGED_PATIENT_LEVEL/binary_all/results512/TRIPLET/all_providers/head_only/encodings_test_f4/val_probs.npy
 - /home/ewillis/projects/aip-medilab/ewillis/pca_contrastive/mri_model_medsam_finetune_2D/PATIENT_LEVEL/RESULTS_MERGED_PATIENT_LEVEL/binary_all/results512/TRIPLET/all_providers/head_only/encodings_test_f4/val_labels.npy
 - /home/ewillis/projects/aip-medilab/ewillis/pca_contrastive/mri_model_medsam_finetune_2D/PATIENT_LEVEL/RESULTS_MERGED_PATIENT_LEVEL/binary_all/results512/TRIPLET/all_providers/head_only/encodings_test_f4/val_preds.npy
 - /home/ewillis/projects/aip-medilab/ewillis/pca_contrastive/mri_model_medsam_finetune_2D/PATIENT_LEVEL/RESULTS_MERGED_PATIENT_LEVEL/binary_all/results512/TRIPLET/all_providers/head_only/encodings_test_f4/val_metadata.csv
