Host: kn112
/project/6106383/ewillis/pca_contrastive/venv/bin/python
Python 3.11.4
Mon Oct 20 21:49:19 2025       
+-----------------------------------------------------------------------------------------+
| NVIDIA-SMI 570.148.08             Driver Version: 570.148.08     CUDA Version: 12.8     |
|-----------------------------------------+------------------------+----------------------+
| GPU  Name                 Persistence-M | Bus-Id          Disp.A | Volatile Uncorr. ECC |
| Fan  Temp   Perf          Pwr:Usage/Cap |           Memory-Usage | GPU-Util  Compute M. |
|                                         |                        |               MIG M. |
|=========================================+========================+======================|
|   0  NVIDIA L40S                    On  |   00000000:CA:00.0 Off |                    0 |
| N/A   37C    P0             58W /  350W |       0MiB /  46068MiB |      0%      Default |
|                                         |                        |                  N/A |
+-----------------------------------------+------------------------+----------------------+
                                                                                         
+-----------------------------------------------------------------------------------------+
| Processes:                                                                              |
|  GPU   GI   CI              PID   Type   Process name                        GPU Memory |
|        ID   ID                                                               Usage      |
|=========================================================================================|
|  No running processes found                                                             |
+-----------------------------------------------------------------------------------------+
Device: cuda | IMG_SIZE=256
Val rows: 5475 | folds=0 | channels=('path_T2', 'path_ADC', 'path_HBV')
Saved to /project/aip-medilab/ewillis/pca_contrastive/mri_model_medsam_finetune_2D/RESULTS/run_2_full/results768/head_only/encodings/encodings_val_f0 | N=5475 | emb_dim=768
 - /project/aip-medilab/ewillis/pca_contrastive/mri_model_medsam_finetune_2D/RESULTS/run_2_full/results768/head_only/encodings/encodings_val_f0/val_embeddings.npy
 - /project/aip-medilab/ewillis/pca_contrastive/mri_model_medsam_finetune_2D/RESULTS/run_2_full/results768/head_only/encodings/encodings_val_f0/val_logits.npy
 - /project/aip-medilab/ewillis/pca_contrastive/mri_model_medsam_finetune_2D/RESULTS/run_2_full/results768/head_only/encodings/encodings_val_f0/val_probs.npy
 - /project/aip-medilab/ewillis/pca_contrastive/mri_model_medsam_finetune_2D/RESULTS/run_2_full/results768/head_only/encodings/encodings_val_f0/val_labels.npy
 - /project/aip-medilab/ewillis/pca_contrastive/mri_model_medsam_finetune_2D/RESULTS/run_2_full/results768/head_only/encodings/encodings_val_f0/val_preds.npy
 - /project/aip-medilab/ewillis/pca_contrastive/mri_model_medsam_finetune_2D/RESULTS/run_2_full/results768/head_only/encodings/encodings_val_f0/val_metadata.csv
