Host: kn080
/project/6106383/ewillis/pca_contrastive/venv/bin/python
Python 3.11.4
Wed Oct 22 16:12:58 2025       
+-----------------------------------------------------------------------------------------+
| NVIDIA-SMI 570.148.08             Driver Version: 570.148.08     CUDA Version: 12.8     |
|-----------------------------------------+------------------------+----------------------+
| GPU  Name                 Persistence-M | Bus-Id          Disp.A | Volatile Uncorr. ECC |
| Fan  Temp   Perf          Pwr:Usage/Cap |           Memory-Usage | GPU-Util  Compute M. |
|                                         |                        |               MIG M. |
|=========================================+========================+======================|
|   0  NVIDIA L40S                    On  |   00000000:17:00.0 Off |                    0 |
| N/A   33C    P8             34W /  350W |       0MiB /  46068MiB |      0%      Default |
|                                         |                        |                  N/A |
+-----------------------------------------+------------------------+----------------------+
                                                                                         
+-----------------------------------------------------------------------------------------+
| Processes:                                                                              |
|  GPU   GI   CI              PID   Type   Process name                        GPU Memory |
|        ID   ID                                                               Usage      |
|=========================================================================================|
|  No running processes found                                                             |
+-----------------------------------------------------------------------------------------+
ARGS:  Namespace(manifest='/project/aip-medilab/shared/picai/manifests/slices_manifest.csv', sam_checkpoint='/project/aip-medilab/ewillis/pca_contrastive/mri_model_medsam_finetune/work_dir/MedSAM/medsam_vit_b.pth', outdir='/home/ewillis/projects/aip-medilab/ewillis/pca_contrastive/mri_model_medsam_finetune_2D/PATIENT_LEVEL/RESULTS/binary_all/results512/triplet_logreg_karolinska', target='binary_all', folds_train='1,2,3', folds_val='0', batch_size=16, epochs=100, lr=1e-05, wd=0.0, pos_ratio=0.33, histo_dir='/project/aip-medilab/shared/picai/histopathology_encodings/UNI2/projected_512D/embeddings_512', histo_marksheet_dir='/project/aip-medilab/shared/picai/histopathology_encodings/UNI2_splits', lr_max_iter=5, provider='karolinska', proj_dim=512, triplet_margin=0.2, use_skip=False)
[triplet] lr_proj=1e-05 | lr_enc=1e-06 | triplet_margin=0.2
/project/6106383/ewillis/pca_contrastive/venv/lib/python3.11/site-packages/sklearn/linear_model/_logistic.py:1272: FutureWarning: 'multi_class' was deprecated in version 1.5 and will be removed in 1.7. From then on, it will always use 'multinomial'. Leave it to its default value to avoid this warning.
  warnings.warn(
/project/6106383/ewillis/pca_contrastive/venv/lib/python3.11/site-packages/sklearn/linear_model/_logistic.py:473: ConvergenceWarning: lbfgs failed to converge after 5 iteration(s) (status=1):
STOP: TOTAL NO. OF ITERATIONS REACHED LIMIT

Increase the number of iterations to improve the convergence (max_iter=5).
You might also want to scale the data as shown in:
    https://scikit-learn.org/stable/modules/preprocessing.html
Please also refer to the documentation for alternative solver options:
    https://scikit-learn.org/stable/modules/linear_model.html#logistic-regression
  n_iter_i = _check_optimize_result(
[001] triplet: train loss 1.7276 | val loss 1.2461 || LR(val): acc 0.5935 BAL-acc 0.5373 f1 0.5322 | acc[c0]=0.667  acc[c1]=0.407 | auc[c0]=0.552  auc[c1]=0.552 | macroAUC=0.552
Confusion matrix (LR val): rows=true, cols=pred
true\pred   ISUP0   ISUP1   ISUP2   ISUP3   ISUP4   ISUP5
    ISUP0    3199    1594
    ISUP1    1128     775
  ↳ new best (val BAL-acc=0.5373) saved to /home/ewillis/projects/aip-medilab/ewillis/pca_contrastive/mri_model_medsam_finetune_2D/PATIENT_LEVEL/RESULTS/binary_all/results512/triplet_logreg_karolinska/ckpt_best.pt
/project/6106383/ewillis/pca_contrastive/venv/lib/python3.11/site-packages/sklearn/linear_model/_logistic.py:1272: FutureWarning: 'multi_class' was deprecated in version 1.5 and will be removed in 1.7. From then on, it will always use 'multinomial'. Leave it to its default value to avoid this warning.
  warnings.warn(
/project/6106383/ewillis/pca_contrastive/venv/lib/python3.11/site-packages/sklearn/linear_model/_logistic.py:473: ConvergenceWarning: lbfgs failed to converge after 5 iteration(s) (status=1):
STOP: TOTAL NO. OF ITERATIONS REACHED LIMIT

Increase the number of iterations to improve the convergence (max_iter=5).
You might also want to scale the data as shown in:
    https://scikit-learn.org/stable/modules/preprocessing.html
Please also refer to the documentation for alternative solver options:
    https://scikit-learn.org/stable/modules/linear_model.html#logistic-regression
  n_iter_i = _check_optimize_result(
[002] triplet: train loss 1.4785 | val loss 1.1317 || LR(val): acc 0.6074 BAL-acc 0.5649 f1 0.5553 | acc[c0]=0.663  acc[c1]=0.467 | auc[c0]=0.591  auc[c1]=0.591 | macroAUC=0.591
Confusion matrix (LR val): rows=true, cols=pred
true\pred   ISUP0   ISUP1   ISUP2   ISUP3   ISUP4   ISUP5
    ISUP0    3179    1614
    ISUP1    1015     888
  ↳ new best (val BAL-acc=0.5649) saved to /home/ewillis/projects/aip-medilab/ewillis/pca_contrastive/mri_model_medsam_finetune_2D/PATIENT_LEVEL/RESULTS/binary_all/results512/triplet_logreg_karolinska/ckpt_best.pt
/project/6106383/ewillis/pca_contrastive/venv/lib/python3.11/site-packages/sklearn/linear_model/_logistic.py:1272: FutureWarning: 'multi_class' was deprecated in version 1.5 and will be removed in 1.7. From then on, it will always use 'multinomial'. Leave it to its default value to avoid this warning.
  warnings.warn(
/project/6106383/ewillis/pca_contrastive/venv/lib/python3.11/site-packages/sklearn/linear_model/_logistic.py:473: ConvergenceWarning: lbfgs failed to converge after 5 iteration(s) (status=1):
STOP: TOTAL NO. OF ITERATIONS REACHED LIMIT

Increase the number of iterations to improve the convergence (max_iter=5).
You might also want to scale the data as shown in:
    https://scikit-learn.org/stable/modules/preprocessing.html
Please also refer to the documentation for alternative solver options:
    https://scikit-learn.org/stable/modules/linear_model.html#logistic-regression
  n_iter_i = _check_optimize_result(
[003] triplet: train loss 1.2740 | val loss 1.0558 || LR(val): acc 0.5317 BAL-acc 0.5705 f1 0.5199 | acc[c0]=0.480  acc[c1]=0.661 | auc[c0]=0.608  auc[c1]=0.608 | macroAUC=0.608
Confusion matrix (LR val): rows=true, cols=pred
true\pred   ISUP0   ISUP1   ISUP2   ISUP3   ISUP4   ISUP5
    ISUP0    2303    2490
    ISUP1     646    1257
  ↳ new best (val BAL-acc=0.5705) saved to /home/ewillis/projects/aip-medilab/ewillis/pca_contrastive/mri_model_medsam_finetune_2D/PATIENT_LEVEL/RESULTS/binary_all/results512/triplet_logreg_karolinska/ckpt_best.pt
/project/6106383/ewillis/pca_contrastive/venv/lib/python3.11/site-packages/sklearn/linear_model/_logistic.py:1272: FutureWarning: 'multi_class' was deprecated in version 1.5 and will be removed in 1.7. From then on, it will always use 'multinomial'. Leave it to its default value to avoid this warning.
  warnings.warn(
/project/6106383/ewillis/pca_contrastive/venv/lib/python3.11/site-packages/sklearn/linear_model/_logistic.py:473: ConvergenceWarning: lbfgs failed to converge after 5 iteration(s) (status=1):
STOP: TOTAL NO. OF ITERATIONS REACHED LIMIT

Increase the number of iterations to improve the convergence (max_iter=5).
You might also want to scale the data as shown in:
    https://scikit-learn.org/stable/modules/preprocessing.html
Please also refer to the documentation for alternative solver options:
    https://scikit-learn.org/stable/modules/linear_model.html#logistic-regression
  n_iter_i = _check_optimize_result(
[004] triplet: train loss 1.1330 | val loss 0.9871 || LR(val): acc 0.6437 BAL-acc 0.5792 f1 0.5761 | acc[c0]=0.729  acc[c1]=0.430 | auc[c0]=0.619  auc[c1]=0.619 | macroAUC=0.619
Confusion matrix (LR val): rows=true, cols=pred
true\pred   ISUP0   ISUP1   ISUP2   ISUP3   ISUP4   ISUP5
    ISUP0    3492    1301
    ISUP1    1085     818
  ↳ new best (val BAL-acc=0.5792) saved to /home/ewillis/projects/aip-medilab/ewillis/pca_contrastive/mri_model_medsam_finetune_2D/PATIENT_LEVEL/RESULTS/binary_all/results512/triplet_logreg_karolinska/ckpt_best.pt
/project/6106383/ewillis/pca_contrastive/venv/lib/python3.11/site-packages/sklearn/linear_model/_logistic.py:1272: FutureWarning: 'multi_class' was deprecated in version 1.5 and will be removed in 1.7. From then on, it will always use 'multinomial'. Leave it to its default value to avoid this warning.
  warnings.warn(
/project/6106383/ewillis/pca_contrastive/venv/lib/python3.11/site-packages/sklearn/linear_model/_logistic.py:473: ConvergenceWarning: lbfgs failed to converge after 5 iteration(s) (status=1):
STOP: TOTAL NO. OF ITERATIONS REACHED LIMIT

Increase the number of iterations to improve the convergence (max_iter=5).
You might also want to scale the data as shown in:
    https://scikit-learn.org/stable/modules/preprocessing.html
Please also refer to the documentation for alternative solver options:
    https://scikit-learn.org/stable/modules/linear_model.html#logistic-regression
  n_iter_i = _check_optimize_result(
[005] triplet: train loss 1.0141 | val loss 0.9505 || LR(val): acc 0.6467 BAL-acc 0.5865 f1 0.5823 | acc[c0]=0.726  acc[c1]=0.447 | auc[c0]=0.629  auc[c1]=0.629 | macroAUC=0.629
Confusion matrix (LR val): rows=true, cols=pred
true\pred   ISUP0   ISUP1   ISUP2   ISUP3   ISUP4   ISUP5
    ISUP0    3479    1314
    ISUP1    1052     851
  ↳ new best (val BAL-acc=0.5865) saved to /home/ewillis/projects/aip-medilab/ewillis/pca_contrastive/mri_model_medsam_finetune_2D/PATIENT_LEVEL/RESULTS/binary_all/results512/triplet_logreg_karolinska/ckpt_best.pt
/project/6106383/ewillis/pca_contrastive/venv/lib/python3.11/site-packages/sklearn/linear_model/_logistic.py:1272: FutureWarning: 'multi_class' was deprecated in version 1.5 and will be removed in 1.7. From then on, it will always use 'multinomial'. Leave it to its default value to avoid this warning.
  warnings.warn(
/project/6106383/ewillis/pca_contrastive/venv/lib/python3.11/site-packages/sklearn/linear_model/_logistic.py:473: ConvergenceWarning: lbfgs failed to converge after 5 iteration(s) (status=1):
STOP: TOTAL NO. OF ITERATIONS REACHED LIMIT

Increase the number of iterations to improve the convergence (max_iter=5).
You might also want to scale the data as shown in:
    https://scikit-learn.org/stable/modules/preprocessing.html
Please also refer to the documentation for alternative solver options:
    https://scikit-learn.org/stable/modules/linear_model.html#logistic-regression
  n_iter_i = _check_optimize_result(
[006] triplet: train loss 0.9178 | val loss 0.8689 || LR(val): acc 0.6607 BAL-acc 0.5837 f1 0.5835 | acc[c0]=0.762  acc[c1]=0.405 | auc[c0]=0.632  auc[c1]=0.632 | macroAUC=0.632
Confusion matrix (LR val): rows=true, cols=pred
true\pred   ISUP0   ISUP1   ISUP2   ISUP3   ISUP4   ISUP5
    ISUP0    3653    1140
    ISUP1    1132     771
/project/6106383/ewillis/pca_contrastive/venv/lib/python3.11/site-packages/sklearn/linear_model/_logistic.py:1272: FutureWarning: 'multi_class' was deprecated in version 1.5 and will be removed in 1.7. From then on, it will always use 'multinomial'. Leave it to its default value to avoid this warning.
  warnings.warn(
/project/6106383/ewillis/pca_contrastive/venv/lib/python3.11/site-packages/sklearn/linear_model/_logistic.py:473: ConvergenceWarning: lbfgs failed to converge after 5 iteration(s) (status=1):
STOP: TOTAL NO. OF ITERATIONS REACHED LIMIT

Increase the number of iterations to improve the convergence (max_iter=5).
You might also want to scale the data as shown in:
    https://scikit-learn.org/stable/modules/preprocessing.html
Please also refer to the documentation for alternative solver options:
    https://scikit-learn.org/stable/modules/linear_model.html#logistic-regression
  n_iter_i = _check_optimize_result(
[007] triplet: train loss 0.8712 | val loss 0.8489 || LR(val): acc 0.6646 BAL-acc 0.5824 f1 0.5832 | acc[c0]=0.773  acc[c1]=0.392 | auc[c0]=0.627  auc[c1]=0.627 | macroAUC=0.627
Confusion matrix (LR val): rows=true, cols=pred
true\pred   ISUP0   ISUP1   ISUP2   ISUP3   ISUP4   ISUP5
    ISUP0    3704    1089
    ISUP1    1157     746
/project/6106383/ewillis/pca_contrastive/venv/lib/python3.11/site-packages/sklearn/linear_model/_logistic.py:1272: FutureWarning: 'multi_class' was deprecated in version 1.5 and will be removed in 1.7. From then on, it will always use 'multinomial'. Leave it to its default value to avoid this warning.
  warnings.warn(
/project/6106383/ewillis/pca_contrastive/venv/lib/python3.11/site-packages/sklearn/linear_model/_logistic.py:473: ConvergenceWarning: lbfgs failed to converge after 5 iteration(s) (status=1):
STOP: TOTAL NO. OF ITERATIONS REACHED LIMIT

Increase the number of iterations to improve the convergence (max_iter=5).
You might also want to scale the data as shown in:
    https://scikit-learn.org/stable/modules/preprocessing.html
Please also refer to the documentation for alternative solver options:
    https://scikit-learn.org/stable/modules/linear_model.html#logistic-regression
  n_iter_i = _check_optimize_result(
[008] triplet: train loss 0.7735 | val loss 0.7914 || LR(val): acc 0.6705 BAL-acc 0.5858 f1 0.5873 | acc[c0]=0.782  acc[c1]=0.389 | auc[c0]=0.639  auc[c1]=0.639 | macroAUC=0.639
Confusion matrix (LR val): rows=true, cols=pred
true\pred   ISUP0   ISUP1   ISUP2   ISUP3   ISUP4   ISUP5
    ISUP0    3749    1044
    ISUP1    1162     741
/project/6106383/ewillis/pca_contrastive/venv/lib/python3.11/site-packages/sklearn/linear_model/_logistic.py:1272: FutureWarning: 'multi_class' was deprecated in version 1.5 and will be removed in 1.7. From then on, it will always use 'multinomial'. Leave it to its default value to avoid this warning.
  warnings.warn(
/project/6106383/ewillis/pca_contrastive/venv/lib/python3.11/site-packages/sklearn/linear_model/_logistic.py:473: ConvergenceWarning: lbfgs failed to converge after 5 iteration(s) (status=1):
STOP: TOTAL NO. OF ITERATIONS REACHED LIMIT

Increase the number of iterations to improve the convergence (max_iter=5).
You might also want to scale the data as shown in:
    https://scikit-learn.org/stable/modules/preprocessing.html
Please also refer to the documentation for alternative solver options:
    https://scikit-learn.org/stable/modules/linear_model.html#logistic-regression
  n_iter_i = _check_optimize_result(
[009] triplet: train loss 0.7053 | val loss 0.7407 || LR(val): acc 0.6758 BAL-acc 0.5915 f1 0.5932 | acc[c0]=0.787  acc[c1]=0.396 | auc[c0]=0.641  auc[c1]=0.641 | macroAUC=0.641
Confusion matrix (LR val): rows=true, cols=pred
true\pred   ISUP0   ISUP1   ISUP2   ISUP3   ISUP4   ISUP5
    ISUP0    3771    1022
    ISUP1    1149     754
  ↳ new best (val BAL-acc=0.5915) saved to /home/ewillis/projects/aip-medilab/ewillis/pca_contrastive/mri_model_medsam_finetune_2D/PATIENT_LEVEL/RESULTS/binary_all/results512/triplet_logreg_karolinska/ckpt_best.pt
/project/6106383/ewillis/pca_contrastive/venv/lib/python3.11/site-packages/sklearn/linear_model/_logistic.py:1272: FutureWarning: 'multi_class' was deprecated in version 1.5 and will be removed in 1.7. From then on, it will always use 'multinomial'. Leave it to its default value to avoid this warning.
  warnings.warn(
/project/6106383/ewillis/pca_contrastive/venv/lib/python3.11/site-packages/sklearn/linear_model/_logistic.py:473: ConvergenceWarning: lbfgs failed to converge after 5 iteration(s) (status=1):
STOP: TOTAL NO. OF ITERATIONS REACHED LIMIT

Increase the number of iterations to improve the convergence (max_iter=5).
You might also want to scale the data as shown in:
    https://scikit-learn.org/stable/modules/preprocessing.html
Please also refer to the documentation for alternative solver options:
    https://scikit-learn.org/stable/modules/linear_model.html#logistic-regression
  n_iter_i = _check_optimize_result(
[010] triplet: train loss 0.6457 | val loss 0.6951 || LR(val): acc 0.6816 BAL-acc 0.5935 f1 0.5960 | acc[c0]=0.798  acc[c1]=0.389 | auc[c0]=0.645  auc[c1]=0.645 | macroAUC=0.645
Confusion matrix (LR val): rows=true, cols=pred
true\pred   ISUP0   ISUP1   ISUP2   ISUP3   ISUP4   ISUP5
    ISUP0    3823     970
    ISUP1    1162     741
  ↳ new best (val BAL-acc=0.5935) saved to /home/ewillis/projects/aip-medilab/ewillis/pca_contrastive/mri_model_medsam_finetune_2D/PATIENT_LEVEL/RESULTS/binary_all/results512/triplet_logreg_karolinska/ckpt_best.pt
/project/6106383/ewillis/pca_contrastive/venv/lib/python3.11/site-packages/sklearn/linear_model/_logistic.py:1272: FutureWarning: 'multi_class' was deprecated in version 1.5 and will be removed in 1.7. From then on, it will always use 'multinomial'. Leave it to its default value to avoid this warning.
  warnings.warn(
/project/6106383/ewillis/pca_contrastive/venv/lib/python3.11/site-packages/sklearn/linear_model/_logistic.py:473: ConvergenceWarning: lbfgs failed to converge after 5 iteration(s) (status=1):
STOP: TOTAL NO. OF ITERATIONS REACHED LIMIT

Increase the number of iterations to improve the convergence (max_iter=5).
You might also want to scale the data as shown in:
    https://scikit-learn.org/stable/modules/preprocessing.html
Please also refer to the documentation for alternative solver options:
    https://scikit-learn.org/stable/modules/linear_model.html#logistic-regression
  n_iter_i = _check_optimize_result(
[011] triplet: train loss 0.6047 | val loss 0.6855 || LR(val): acc 0.6797 BAL-acc 0.5933 f1 0.5954 | acc[c0]=0.793  acc[c1]=0.393 | auc[c0]=0.650  auc[c1]=0.650 | macroAUC=0.650
Confusion matrix (LR val): rows=true, cols=pred
true\pred   ISUP0   ISUP1   ISUP2   ISUP3   ISUP4   ISUP5
    ISUP0    3803     990
    ISUP1    1155     748
/project/6106383/ewillis/pca_contrastive/venv/lib/python3.11/site-packages/sklearn/linear_model/_logistic.py:1272: FutureWarning: 'multi_class' was deprecated in version 1.5 and will be removed in 1.7. From then on, it will always use 'multinomial'. Leave it to its default value to avoid this warning.
  warnings.warn(
/project/6106383/ewillis/pca_contrastive/venv/lib/python3.11/site-packages/sklearn/linear_model/_logistic.py:473: ConvergenceWarning: lbfgs failed to converge after 5 iteration(s) (status=1):
STOP: TOTAL NO. OF ITERATIONS REACHED LIMIT

Increase the number of iterations to improve the convergence (max_iter=5).
You might also want to scale the data as shown in:
    https://scikit-learn.org/stable/modules/preprocessing.html
Please also refer to the documentation for alternative solver options:
    https://scikit-learn.org/stable/modules/linear_model.html#logistic-regression
  n_iter_i = _check_optimize_result(
[012] triplet: train loss 0.5393 | val loss 0.6435 || LR(val): acc 0.6907 BAL-acc 0.5948 f1 0.5986 | acc[c0]=0.817  acc[c1]=0.373 | auc[c0]=0.653  auc[c1]=0.653 | macroAUC=0.653
Confusion matrix (LR val): rows=true, cols=pred
true\pred   ISUP0   ISUP1   ISUP2   ISUP3   ISUP4   ISUP5
    ISUP0    3916     877
    ISUP1    1194     709
  ↳ new best (val BAL-acc=0.5948) saved to /home/ewillis/projects/aip-medilab/ewillis/pca_contrastive/mri_model_medsam_finetune_2D/PATIENT_LEVEL/RESULTS/binary_all/results512/triplet_logreg_karolinska/ckpt_best.pt
/project/6106383/ewillis/pca_contrastive/venv/lib/python3.11/site-packages/sklearn/linear_model/_logistic.py:1272: FutureWarning: 'multi_class' was deprecated in version 1.5 and will be removed in 1.7. From then on, it will always use 'multinomial'. Leave it to its default value to avoid this warning.
  warnings.warn(
/project/6106383/ewillis/pca_contrastive/venv/lib/python3.11/site-packages/sklearn/linear_model/_logistic.py:473: ConvergenceWarning: lbfgs failed to converge after 5 iteration(s) (status=1):
STOP: TOTAL NO. OF ITERATIONS REACHED LIMIT

Increase the number of iterations to improve the convergence (max_iter=5).
You might also want to scale the data as shown in:
    https://scikit-learn.org/stable/modules/preprocessing.html
Please also refer to the documentation for alternative solver options:
    https://scikit-learn.org/stable/modules/linear_model.html#logistic-regression
  n_iter_i = _check_optimize_result(
[013] triplet: train loss 0.4966 | val loss 0.5947 || LR(val): acc 0.6919 BAL-acc 0.5945 f1 0.5986 | acc[c0]=0.820  acc[c1]=0.369 | auc[c0]=0.659  auc[c1]=0.659 | macroAUC=0.659
Confusion matrix (LR val): rows=true, cols=pred
true\pred   ISUP0   ISUP1   ISUP2   ISUP3   ISUP4   ISUP5
    ISUP0    3931     862
    ISUP1    1201     702
/project/6106383/ewillis/pca_contrastive/venv/lib/python3.11/site-packages/sklearn/linear_model/_logistic.py:1272: FutureWarning: 'multi_class' was deprecated in version 1.5 and will be removed in 1.7. From then on, it will always use 'multinomial'. Leave it to its default value to avoid this warning.
  warnings.warn(
/project/6106383/ewillis/pca_contrastive/venv/lib/python3.11/site-packages/sklearn/linear_model/_logistic.py:473: ConvergenceWarning: lbfgs failed to converge after 5 iteration(s) (status=1):
STOP: TOTAL NO. OF ITERATIONS REACHED LIMIT

Increase the number of iterations to improve the convergence (max_iter=5).
You might also want to scale the data as shown in:
    https://scikit-learn.org/stable/modules/preprocessing.html
Please also refer to the documentation for alternative solver options:
    https://scikit-learn.org/stable/modules/linear_model.html#logistic-regression
  n_iter_i = _check_optimize_result(
[014] triplet: train loss 0.4437 | val loss 0.5781 || LR(val): acc 0.6937 BAL-acc 0.5961 f1 0.6003 | acc[c0]=0.822  acc[c1]=0.370 | auc[c0]=0.664  auc[c1]=0.664 | macroAUC=0.664
Confusion matrix (LR val): rows=true, cols=pred
true\pred   ISUP0   ISUP1   ISUP2   ISUP3   ISUP4   ISUP5
    ISUP0    3941     852
    ISUP1    1199     704
  ↳ new best (val BAL-acc=0.5961) saved to /home/ewillis/projects/aip-medilab/ewillis/pca_contrastive/mri_model_medsam_finetune_2D/PATIENT_LEVEL/RESULTS/binary_all/results512/triplet_logreg_karolinska/ckpt_best.pt
/project/6106383/ewillis/pca_contrastive/venv/lib/python3.11/site-packages/sklearn/linear_model/_logistic.py:1272: FutureWarning: 'multi_class' was deprecated in version 1.5 and will be removed in 1.7. From then on, it will always use 'multinomial'. Leave it to its default value to avoid this warning.
  warnings.warn(
/project/6106383/ewillis/pca_contrastive/venv/lib/python3.11/site-packages/sklearn/linear_model/_logistic.py:473: ConvergenceWarning: lbfgs failed to converge after 5 iteration(s) (status=1):
STOP: TOTAL NO. OF ITERATIONS REACHED LIMIT

Increase the number of iterations to improve the convergence (max_iter=5).
You might also want to scale the data as shown in:
    https://scikit-learn.org/stable/modules/preprocessing.html
Please also refer to the documentation for alternative solver options:
    https://scikit-learn.org/stable/modules/linear_model.html#logistic-regression
  n_iter_i = _check_optimize_result(
[015] triplet: train loss 0.4038 | val loss 0.5546 || LR(val): acc 0.6692 BAL-acc 0.5910 f1 0.5915 | acc[c0]=0.772  acc[c1]=0.410 | auc[c0]=0.658  auc[c1]=0.658 | macroAUC=0.658
Confusion matrix (LR val): rows=true, cols=pred
true\pred   ISUP0   ISUP1   ISUP2   ISUP3   ISUP4   ISUP5
    ISUP0    3701    1092
    ISUP1    1123     780
/project/6106383/ewillis/pca_contrastive/venv/lib/python3.11/site-packages/sklearn/linear_model/_logistic.py:1272: FutureWarning: 'multi_class' was deprecated in version 1.5 and will be removed in 1.7. From then on, it will always use 'multinomial'. Leave it to its default value to avoid this warning.
  warnings.warn(
/project/6106383/ewillis/pca_contrastive/venv/lib/python3.11/site-packages/sklearn/linear_model/_logistic.py:473: ConvergenceWarning: lbfgs failed to converge after 5 iteration(s) (status=1):
STOP: TOTAL NO. OF ITERATIONS REACHED LIMIT

Increase the number of iterations to improve the convergence (max_iter=5).
You might also want to scale the data as shown in:
    https://scikit-learn.org/stable/modules/preprocessing.html
Please also refer to the documentation for alternative solver options:
    https://scikit-learn.org/stable/modules/linear_model.html#logistic-regression
  n_iter_i = _check_optimize_result(
[016] triplet: train loss 0.3621 | val loss 0.5524 || LR(val): acc 0.6928 BAL-acc 0.5945 f1 0.5987 | acc[c0]=0.822  acc[c1]=0.367 | auc[c0]=0.659  auc[c1]=0.659 | macroAUC=0.659
Confusion matrix (LR val): rows=true, cols=pred
true\pred   ISUP0   ISUP1   ISUP2   ISUP3   ISUP4   ISUP5
    ISUP0    3941     852
    ISUP1    1205     698
